{"level":"info","message":"MongoDB Connected (development)","timestamp":"29/01/2026 10:30:46 am"}
{"level":"info","message":"App Start on 192.168.0.206:3002 🖐","timestamp":"29/01/2026 10:30:47 am"}
{"level":"info","message":{"method":"GET","path":"/topmentors?limit=4","responseTime":"931ms","statusCode":200,"timestampIST":"29/1/2026, 10:31:59 am","userId":null},"timestamp":"29/01/2026 10:32:00 am"}
{"level":"info","message":{"method":"GET","path":"/topmentors?limit=4","responseTime":"1420ms","statusCode":304,"timestampIST":"29/1/2026, 10:37:55 am","userId":null},"timestamp":"29/01/2026 10:37:56 am"}
{"level":"info","message":{"method":"GET","path":"/topmentors?limit=4","responseTime":"551ms","statusCode":304,"timestampIST":"29/1/2026, 10:57:54 am","userId":null},"timestamp":"29/01/2026 10:57:55 am"}
{"level":"info","message":{"method":"GET","path":"/topmentors?limit=4","responseTime":"119ms","statusCode":200,"timestampIST":"29/1/2026, 11:31:52 am","userId":null},"timestamp":"29/01/2026 11:31:52 am"}
{"level":"info","message":{"method":"GET","path":"/topmentors?limit=4","responseTime":"141ms","statusCode":304,"timestampIST":"29/1/2026, 11:36:50 am","userId":null},"timestamp":"29/01/2026 11:36:50 am"}
{"level":"info","message":{"method":"GET","path":"/topmentors?limit=4","responseTime":"11ms","statusCode":304,"timestampIST":"29/1/2026, 11:36:53 am","userId":null},"timestamp":"29/01/2026 11:36:53 am"}
{"level":"info","message":{"method":"GET","path":"/topmentors?limit=4","responseTime":"109ms","statusCode":304,"timestampIST":"29/1/2026, 11:38:20 am","userId":null},"timestamp":"29/01/2026 11:38:20 am"}
{"level":"info","message":{"method":"GET","path":"/topmentors?limit=4","responseTime":"18ms","statusCode":304,"timestampIST":"29/1/2026, 11:38:40 am","userId":null},"timestamp":"29/01/2026 11:38:40 am"}
{"level":"info","message":{"method":"GET","path":"/topmentors?limit=4","responseTime":"35ms","statusCode":304,"timestampIST":"29/1/2026, 11:38:49 am","userId":null},"timestamp":"29/01/2026 11:38:49 am"}
{"level":"info","message":{"method":"POST","path":"/login","responseTime":"705ms","statusCode":200,"timestampIST":"29/1/2026, 11:39:09 am","userId":null},"timestamp":"29/01/2026 11:39:10 am"}
{"level":"info","message":{"method":"GET","path":"/view/697646499a784c09bc0d9687","responseTime":"45ms","statusCode":200,"timestampIST":"29/1/2026, 11:39:12 am","userId":null},"timestamp":"29/01/2026 11:39:12 am"}
{"level":"info","message":{"method":"POST","path":"/check-free-session","responseTime":"17ms","statusCode":200,"timestampIST":"29/1/2026, 11:39:12 am","userId":null},"timestamp":"29/01/2026 11:39:12 am"}
{"level":"info","message":{"method":"GET","path":"/topmentors?limit=4","responseTime":"26ms","statusCode":304,"timestampIST":"29/1/2026, 11:39:34 am","userId":null},"timestamp":"29/01/2026 11:39:34 am"}
{"level":"info","message":{"method":"POST","path":"/login","responseTime":"476ms","statusCode":200,"timestampIST":"29/1/2026, 11:39:58 am","userId":null},"timestamp":"29/01/2026 11:39:58 am"}
{"level":"info","message":{"method":"GET","path":"/details/KarrivoKarrivo0974KGAM5","responseTime":"229ms","statusCode":200,"timestampIST":"29/1/2026, 11:40:00 am","userId":null},"timestamp":"29/01/2026 11:40:00 am"}
{"level":"info","message":{"method":"POST","path":"/my-bookings","responseTime":"193ms","statusCode":200,"timestampIST":"29/1/2026, 11:40:18 am","userId":null},"timestamp":"29/01/2026 11:40:18 am"}
{"level":"info","message":{"method":"GET","path":"/topmentors?limit=4","responseTime":"9ms","statusCode":304,"timestampIST":"29/1/2026, 11:40:23 am","userId":null},"timestamp":"29/01/2026 11:40:23 am"}
{"level":"info","message":{"method":"GET","path":"/topmentors?limit=4","responseTime":"13ms","statusCode":304,"timestampIST":"29/1/2026, 11:40:32 am","userId":null},"timestamp":"29/01/2026 11:40:32 am"}
{"level":"info","message":{"method":"GET","path":"/view/697646499a784c09bc0d9687","responseTime":"17ms","statusCode":304,"timestampIST":"29/1/2026, 11:40:33 am","userId":null},"timestamp":"29/01/2026 11:40:33 am"}
{"level":"info","message":{"method":"GET","path":"/view/697646499a784c09bc0d9687","responseTime":"18ms","statusCode":304,"timestampIST":"29/1/2026, 11:40:40 am","userId":null},"timestamp":"29/01/2026 11:40:41 am"}
{"level":"info","message":{"method":"GET","path":"/topmentors?limit=4","responseTime":"9ms","statusCode":304,"timestampIST":"29/1/2026, 11:40:42 am","userId":null},"timestamp":"29/01/2026 11:40:42 am"}
{"level":"info","message":{"method":"GET","path":"/view/697646499a784c09bc0d9687","responseTime":"54ms","statusCode":304,"timestampIST":"29/1/2026, 11:53:34 am","userId":null},"timestamp":"29/01/2026 11:53:34 am"}
{"level":"info","message":{"method":"POST","path":"/check-free-session","responseTime":"57ms","statusCode":200,"timestampIST":"29/1/2026, 11:53:37 am","userId":null},"timestamp":"29/01/2026 11:53:37 am"}
{"level":"info","message":{"method":"GET","path":"/view/697646499a784c09bc0d9687","responseTime":"260ms","statusCode":304,"timestampIST":"29/1/2026, 11:55:52 am","userId":null},"timestamp":"29/01/2026 11:55:52 am"}
{"level":"info","message":{"method":"GET","path":"/view/697646499a784c09bc0d9687","responseTime":"189ms","statusCode":304,"timestampIST":"29/1/2026, 11:57:21 am","userId":null},"timestamp":"29/01/2026 11:57:21 am"}
{"level":"info","message":{"method":"GET","path":"/view/697646499a784c09bc0d9687","responseTime":"10ms","statusCode":304,"timestampIST":"29/1/2026, 11:57:25 am","userId":null},"timestamp":"29/01/2026 11:57:25 am"}
{"level":"info","message":{"method":"GET","path":"/view/697646499a784c09bc0d9687","responseTime":"289ms","statusCode":304,"timestampIST":"29/1/2026, 3:11:54 pm","userId":null},"timestamp":"29/01/2026 03:11:54 pm"}
{"level":"info","message":{"method":"POST","path":"/check-free-session","responseTime":"297ms","statusCode":200,"timestampIST":"29/1/2026, 3:12:32 pm","userId":null},"timestamp":"29/01/2026 03:12:32 pm"}
{"level":"info","message":{"method":"GET","path":"/view/697646499a784c09bc0d9687","responseTime":"59ms","statusCode":304,"timestampIST":"29/1/2026, 3:12:49 pm","userId":null},"timestamp":"29/01/2026 03:12:49 pm"}
{"level":"info","message":{"method":"POST","path":"/check-free-session","responseTime":"34ms","statusCode":200,"timestampIST":"29/1/2026, 3:12:49 pm","userId":null},"timestamp":"29/01/2026 03:12:49 pm"}
{"level":"info","message":{"method":"POST","path":"/check-free-session","responseTime":"11ms","statusCode":200,"timestampIST":"29/1/2026, 3:12:52 pm","userId":null},"timestamp":"29/01/2026 03:12:52 pm"}
{"level":"info","message":{"method":"GET","path":"/view/697646499a784c09bc0d9687","responseTime":"15ms","statusCode":304,"timestampIST":"29/1/2026, 3:12:57 pm","userId":null},"timestamp":"29/01/2026 03:12:57 pm"}
{"level":"info","message":{"method":"GET","path":"/topmentors?limit=4","responseTime":"480ms","statusCode":304,"timestampIST":"29/1/2026, 3:15:36 pm","userId":null},"timestamp":"29/01/2026 03:15:37 pm"}
{"level":"info","message":{"method":"POST","path":"/login","responseTime":"1590ms","statusCode":200,"timestampIST":"29/1/2026, 3:17:08 pm","userId":null},"timestamp":"29/01/2026 03:17:10 pm"}
{"level":"info","message":{"method":"GET","path":"/details/KarrivoKarrivo0974KGAM5","responseTime":"129ms","statusCode":200,"timestampIST":"29/1/2026, 3:17:12 pm","userId":null},"timestamp":"29/01/2026 03:17:12 pm"}
{"level":"info","message":{"method":"GET","path":"/allmentors?","responseTime":"280ms","statusCode":200,"timestampIST":"29/1/2026, 3:17:13 pm","userId":null},"timestamp":"29/01/2026 03:17:14 pm"}
{"level":"info","message":{"method":"GET","path":"/upcoming","responseTime":"368ms","statusCode":304,"timestampIST":"29/1/2026, 3:17:14 pm","userId":"697685c8aa996ab09223ffdf"},"timestamp":"29/01/2026 03:17:14 pm"}
{"level":"info","message":{"method":"POST","path":"/my-bookings","responseTime":"104ms","statusCode":200,"timestampIST":"29/1/2026, 3:17:15 pm","userId":null},"timestamp":"29/01/2026 03:17:15 pm"}
{"level":"info","message":{"method":"GET","path":"/get-mentee-profile/KarrivoKarrivo0974KGAM5","responseTime":"26ms","statusCode":200,"timestampIST":"29/1/2026, 3:17:16 pm","userId":null},"timestamp":"29/01/2026 03:17:16 pm"}
{"level":"info","message":{"method":"GET","path":"/get-tickets/Karrivo747IRNR","responseTime":"137ms","statusCode":304,"timestampIST":"29/1/2026, 3:17:17 pm","userId":null},"timestamp":"29/01/2026 03:17:17 pm"}
{"level":"error","message":{"method":"GET","path":"/upcoming","responseTime":"277ms","statusCode":408,"timestampIST":"29/1/2026, 3:41:11 pm","userId":null},"timestamp":"29/01/2026 03:41:12 pm"}
{"level":"error","message":{"method":"GET","path":"/upcoming","responseTime":"14ms","statusCode":408,"timestampIST":"29/1/2026, 3:41:12 pm","userId":null},"timestamp":"29/01/2026 03:41:12 pm"}
{"level":"error","message":{"method":"GET","path":"/upcoming","responseTime":"14ms","statusCode":408,"timestampIST":"29/1/2026, 3:41:12 pm","userId":null},"timestamp":"29/01/2026 03:41:12 pm"}
{"level":"info","message":{"method":"GET","path":"/refreshToken","responseTime":"72ms","statusCode":200,"timestampIST":"29/1/2026, 3:41:12 pm","userId":null},"timestamp":"29/01/2026 03:41:12 pm"}
{"level":"info","message":{"method":"GET","path":"/upcoming","responseTime":"461ms","statusCode":200,"timestampIST":"29/1/2026, 3:41:12 pm","userId":"697685c8aa996ab09223ffdf"},"timestamp":"29/01/2026 03:41:13 pm"}
{"level":"info","message":{"method":"POST","path":"/my-bookings","responseTime":"137ms","statusCode":200,"timestampIST":"29/1/2026, 3:41:13 pm","userId":null},"timestamp":"29/01/2026 03:41:14 pm"}
{"level":"info","message":{"method":"GET","path":"/get-mentee-profile/KarrivoKarrivo0974KGAM5","responseTime":"37ms","statusCode":304,"timestampIST":"29/1/2026, 3:41:14 pm","userId":null},"timestamp":"29/01/2026 03:41:14 pm"}
{"level":"info","message":{"method":"GET","path":"/get-tickets/Karrivo747IRNR","responseTime":"33ms","statusCode":304,"timestampIST":"29/1/2026, 3:41:15 pm","userId":null},"timestamp":"29/01/2026 03:41:15 pm"}
{"level":"info","message":{"method":"GET","path":"/details/KarrivoKarrivo0974KGAM5","responseTime":"138ms","statusCode":304,"timestampIST":"29/1/2026, 3:41:19 pm","userId":null},"timestamp":"29/01/2026 03:41:19 pm"}
{"level":"info","message":{"method":"GET","path":"/allmentors?","responseTime":"540ms","statusCode":304,"timestampIST":"29/1/2026, 3:41:19 pm","userId":null},"timestamp":"29/01/2026 03:41:20 pm"}
{"level":"info","message":{"method":"GET","path":"/topmentors?limit=4","responseTime":"12ms","statusCode":304,"timestampIST":"29/1/2026, 3:41:33 pm","userId":null},"timestamp":"29/01/2026 03:41:33 pm"}
{"level":"info","message":{"method":"GET","path":"/topmentors?limit=4","responseTime":"565ms","statusCode":304,"timestampIST":"29/1/2026, 3:43:42 pm","userId":null},"timestamp":"29/01/2026 03:43:43 pm"}
{"level":"info","message":{"method":"GET","path":"/topmentors?limit=4","responseTime":"23ms","statusCode":304,"timestampIST":"29/1/2026, 3:44:10 pm","userId":null},"timestamp":"29/01/2026 03:44:10 pm"}
{"level":"info","message":{"method":"GET","path":"/topmentors?limit=4","responseTime":"11ms","statusCode":304,"timestampIST":"29/1/2026, 3:44:21 pm","userId":null},"timestamp":"29/01/2026 03:44:21 pm"}
{"level":"info","message":{"method":"GET","path":"/topmentors?limit=4","responseTime":"262ms","statusCode":304,"timestampIST":"29/1/2026, 3:46:09 pm","userId":null},"timestamp":"29/01/2026 03:46:09 pm"}
{"level":"info","message":{"method":"GET","path":"/topmentors?limit=4","responseTime":"19ms","statusCode":304,"timestampIST":"29/1/2026, 3:46:20 pm","userId":null},"timestamp":"29/01/2026 03:46:20 pm"}
{"level":"info","message":{"method":"GET","path":"/topmentors?limit=4","responseTime":"26ms","statusCode":304,"timestampIST":"29/1/2026, 3:46:38 pm","userId":null},"timestamp":"29/01/2026 03:46:39 pm"}
{"level":"info","message":{"method":"GET","path":"/topmentors?limit=4","responseTime":"14ms","statusCode":304,"timestampIST":"29/1/2026, 3:46:44 pm","userId":null},"timestamp":"29/01/2026 03:46:44 pm"}
{"level":"info","message":{"method":"GET","path":"/topmentors?limit=4","responseTime":"14ms","statusCode":304,"timestampIST":"29/1/2026, 3:46:54 pm","userId":null},"timestamp":"29/01/2026 03:46:54 pm"}
{"level":"info","message":{"method":"GET","path":"/topmentors?limit=4","responseTime":"9ms","statusCode":304,"timestampIST":"29/1/2026, 3:47:01 pm","userId":null},"timestamp":"29/01/2026 03:47:01 pm"}
{"level":"info","message":{"method":"GET","path":"/topmentors?limit=4","responseTime":"12ms","statusCode":304,"timestampIST":"29/1/2026, 3:47:21 pm","userId":null},"timestamp":"29/01/2026 03:47:21 pm"}
{"level":"info","message":{"method":"GET","path":"/topmentors?limit=4","responseTime":"10ms","statusCode":304,"timestampIST":"29/1/2026, 3:47:36 pm","userId":null},"timestamp":"29/01/2026 03:47:36 pm"}
{"level":"info","message":{"method":"GET","path":"/topmentors?limit=4","responseTime":"14ms","statusCode":304,"timestampIST":"29/1/2026, 3:48:04 pm","userId":null},"timestamp":"29/01/2026 03:48:04 pm"}
{"level":"info","message":{"method":"GET","path":"/topmentors?limit=4","responseTime":"4ms","statusCode":304,"timestampIST":"29/1/2026, 3:48:29 pm","userId":null},"timestamp":"29/01/2026 03:48:29 pm"}
{"level":"info","message":{"method":"GET","path":"/topmentors?limit=4","responseTime":"14ms","statusCode":304,"timestampIST":"29/1/2026, 3:49:50 pm","userId":null},"timestamp":"29/01/2026 03:49:50 pm"}
{"level":"info","message":{"method":"GET","path":"/topmentors?limit=4","responseTime":"13ms","statusCode":304,"timestampIST":"29/1/2026, 3:50:09 pm","userId":null},"timestamp":"29/01/2026 03:50:09 pm"}
{"level":"info","message":{"method":"GET","path":"/topmentors?limit=4","responseTime":"45ms","statusCode":304,"timestampIST":"29/1/2026, 3:50:50 pm","userId":null},"timestamp":"29/01/2026 03:50:50 pm"}
{"level":"info","message":{"method":"GET","path":"/topmentors?limit=4","responseTime":"12ms","statusCode":304,"timestampIST":"29/1/2026, 3:50:59 pm","userId":null},"timestamp":"29/01/2026 03:50:59 pm"}
{"level":"info","message":{"method":"GET","path":"/topmentors?limit=4","responseTime":"30ms","statusCode":304,"timestampIST":"29/1/2026, 3:51:37 pm","userId":null},"timestamp":"29/01/2026 03:51:37 pm"}
{"level":"info","message":{"method":"GET","path":"/topmentors?limit=4","responseTime":"16ms","statusCode":304,"timestampIST":"29/1/2026, 3:51:46 pm","userId":null},"timestamp":"29/01/2026 03:51:46 pm"}
{"level":"info","message":{"method":"POST","path":"/login","responseTime":"1462ms","statusCode":200,"timestampIST":"29/1/2026, 3:53:05 pm","userId":null},"timestamp":"29/01/2026 03:53:06 pm"}
{"level":"info","message":{"method":"GET","path":"/details/KarrivoKarrivo0974KGAM5","responseTime":"72ms","statusCode":304,"timestampIST":"29/1/2026, 3:53:08 pm","userId":null},"timestamp":"29/01/2026 03:53:08 pm"}
{"level":"info","message":{"method":"GET","path":"/allmentors?","responseTime":"235ms","statusCode":304,"timestampIST":"29/1/2026, 3:53:10 pm","userId":null},"timestamp":"29/01/2026 03:53:10 pm"}
{"level":"info","message":{"method":"GET","path":"/upcoming","responseTime":"64ms","statusCode":304,"timestampIST":"29/1/2026, 3:53:11 pm","userId":"697685c8aa996ab09223ffdf"},"timestamp":"29/01/2026 03:53:11 pm"}
{"level":"info","message":{"method":"POST","path":"/my-bookings","responseTime":"126ms","statusCode":200,"timestampIST":"29/1/2026, 3:53:11 pm","userId":null},"timestamp":"29/01/2026 03:53:12 pm"}
{"level":"info","message":{"method":"GET","path":"/get-mentee-profile/KarrivoKarrivo0974KGAM5","responseTime":"22ms","statusCode":304,"timestampIST":"29/1/2026, 3:53:12 pm","userId":null},"timestamp":"29/01/2026 03:53:12 pm"}
{"level":"info","message":{"method":"GET","path":"/get-tickets/Karrivo747IRNR","responseTime":"15ms","statusCode":304,"timestampIST":"29/1/2026, 3:53:13 pm","userId":null},"timestamp":"29/01/2026 03:53:13 pm"}
{"level":"info","message":{"method":"GET","path":"/get-tickets/Karrivo747IRNR","responseTime":"196ms","statusCode":304,"timestampIST":"29/1/2026, 3:54:23 pm","userId":null},"timestamp":"29/01/2026 03:54:24 pm"}
{"level":"info","message":{"method":"GET","path":"/topmentors?limit=4","responseTime":"401ms","statusCode":304,"timestampIST":"29/1/2026, 3:57:12 pm","userId":null},"timestamp":"29/01/2026 03:57:12 pm"}
{"level":"info","message":{"method":"GET","path":"/topmentors?limit=4","responseTime":"351ms","statusCode":304,"timestampIST":"29/1/2026, 3:59:08 pm","userId":null},"timestamp":"29/01/2026 03:59:08 pm"}
{"level":"info","message":{"method":"GET","path":"/topmentors?limit=4","responseTime":"25ms","statusCode":304,"timestampIST":"29/1/2026, 3:59:55 pm","userId":null},"timestamp":"29/01/2026 03:59:55 pm"}
{"level":"info","message":{"method":"GET","path":"/topmentors?limit=4","responseTime":"27ms","statusCode":304,"timestampIST":"29/1/2026, 4:00:35 pm","userId":null},"timestamp":"29/01/2026 04:00:35 pm"}
{"level":"info","message":{"method":"GET","path":"/topmentors?limit=4","responseTime":"26ms","statusCode":304,"timestampIST":"29/1/2026, 4:00:45 pm","userId":null},"timestamp":"29/01/2026 04:00:45 pm"}
{"level":"info","message":{"method":"GET","path":"/view/6942f2dddef558ddd2df4977","responseTime":"140ms","statusCode":200,"timestampIST":"29/1/2026, 4:00:47 pm","userId":null},"timestamp":"29/01/2026 04:00:47 pm"}
{"level":"info","message":{"method":"GET","path":"/view/6942f2dddef558ddd2df4977","responseTime":"35ms","statusCode":304,"timestampIST":"29/1/2026, 4:01:08 pm","userId":null},"timestamp":"29/01/2026 04:01:08 pm"}
{"level":"info","message":{"method":"GET","path":"/topmentors?limit=4","responseTime":"30ms","statusCode":304,"timestampIST":"29/1/2026, 4:01:11 pm","userId":null},"timestamp":"29/01/2026 04:01:11 pm"}
{"level":"info","message":{"method":"GET","path":"/topmentors?limit=4","responseTime":"364ms","statusCode":304,"timestampIST":"29/1/2026, 4:02:00 pm","userId":null},"timestamp":"29/01/2026 04:02:01 pm"}
{"level":"error","message":{"method":"POST","path":"/login","responseTime":"300ms","statusCode":400,"timestampIST":"29/1/2026, 4:08:15 pm","userId":null},"timestamp":"29/01/2026 04:08:15 pm"}
{"level":"error","message":{"method":"POST","path":"/login","responseTime":"328ms","statusCode":400,"timestampIST":"29/1/2026, 4:08:21 pm","userId":null},"timestamp":"29/01/2026 04:08:21 pm"}
{"level":"error","message":{"method":"POST","path":"/login","responseTime":"273ms","statusCode":400,"timestampIST":"29/1/2026, 4:08:30 pm","userId":null},"timestamp":"29/01/2026 04:08:30 pm"}
{"level":"error","message":{"method":"POST","path":"/login","responseTime":"301ms","statusCode":400,"timestampIST":"29/1/2026, 4:08:37 pm","userId":null},"timestamp":"29/01/2026 04:08:37 pm"}
{"level":"info","message":{"method":"GET","path":"/details/KarrivoKarrivo0974KGAM5","responseTime":"142ms","statusCode":200,"timestampIST":"29/1/2026, 4:09:06 pm","userId":null},"timestamp":"29/01/2026 04:09:06 pm"}
{"level":"info","message":{"method":"POST","path":"/login","responseTime":"719ms","statusCode":200,"timestampIST":"29/1/2026, 4:09:27 pm","userId":null},"timestamp":"29/01/2026 04:09:28 pm"}
{"level":"info","message":{"method":"GET","path":"/user/6977a3c0e1747af961c3e8ee","responseTime":"88ms","statusCode":200,"timestampIST":"29/1/2026, 4:09:30 pm","userId":null},"timestamp":"29/01/2026 04:09:30 pm"}
{"level":"info","message":{"method":"GET","path":"/mentor/697646499a784c09bc0d9687/sessions","responseTime":"592ms","statusCode":200,"timestampIST":"29/1/2026, 4:09:31 pm","userId":null},"timestamp":"29/01/2026 04:09:32 pm"}
{"level":"info","message":{"method":"POST","path":"/get-mentor-details","responseTime":"110ms","statusCode":200,"timestampIST":"29/1/2026, 4:09:35 pm","userId":null},"timestamp":"29/01/2026 04:09:35 pm"}
{"level":"info","message":{"method":"GET","path":"/topmentors?limit=4","responseTime":"16ms","statusCode":304,"timestampIST":"29/1/2026, 4:09:46 pm","userId":null},"timestamp":"29/01/2026 04:09:46 pm"}
{"level":"info","message":{"method":"POST","path":"/login","responseTime":"378ms","statusCode":200,"timestampIST":"29/1/2026, 4:10:07 pm","userId":null},"timestamp":"29/01/2026 04:10:07 pm"}
{"level":"info","message":{"method":"GET","path":"/details/KarrivoKarrivo0974KGAM5","responseTime":"21ms","statusCode":304,"timestampIST":"29/1/2026, 4:10:09 pm","userId":null},"timestamp":"29/01/2026 04:10:09 pm"}
{"level":"info","message":{"method":"GET","path":"/get-mentee-profile/KarrivoKarrivo0974KGAM5","responseTime":"27ms","statusCode":304,"timestampIST":"29/1/2026, 4:10:11 pm","userId":null},"timestamp":"29/01/2026 04:10:11 pm"}
{"level":"info","message":{"method":"POST","path":"/my-bookings","responseTime":"79ms","statusCode":200,"timestampIST":"29/1/2026, 4:10:24 pm","userId":null},"timestamp":"29/01/2026 04:10:24 pm"}
{"level":"info","message":{"method":"POST","path":"/login","responseTime":"652ms","statusCode":200,"timestampIST":"29/1/2026, 4:12:04 pm","userId":null},"timestamp":"29/01/2026 04:12:05 pm"}
{"level":"info","message":{"method":"GET","path":"/details/KarrivoKarrivo0974KGAM5","responseTime":"48ms","statusCode":304,"timestampIST":"29/1/2026, 4:12:08 pm","userId":null},"timestamp":"29/01/2026 04:12:08 pm"}
{"level":"info","message":{"method":"GET","path":"/get-mentee-profile/KarrivoKarrivo0974KGAM5","responseTime":"23ms","statusCode":200,"timestampIST":"29/1/2026, 4:12:10 pm","userId":null},"timestamp":"29/01/2026 04:12:10 pm"}
{"level":"info","message":{"method":"GET","path":"/get-mentee-profile/KarrivoKarrivo0974KGAM5","responseTime":"278ms","statusCode":304,"timestampIST":"29/1/2026, 4:13:21 pm","userId":null},"timestamp":"29/01/2026 04:13:21 pm"}
{"level":"info","message":{"method":"GET","path":"/get-mentee-profile/KarrivoKarrivo0974KGAM5","responseTime":"144ms","statusCode":304,"timestampIST":"29/1/2026, 4:13:21 pm","userId":null},"timestamp":"29/01/2026 04:13:21 pm"}
{"level":"info","message":"MongoDB Connected (development)","timestamp":"29/01/2026 04:18:36 pm"}
{"level":"info","message":"App Start on 192.168.0.206:3002 🖐","timestamp":"29/01/2026 04:18:36 pm"}
{"level":"info","message":"MongoDB Connected (development)","timestamp":"29/01/2026 04:18:47 pm"}
{"level":"info","message":"App Start on 192.168.0.206:3002 🖐","timestamp":"29/01/2026 04:18:47 pm"}
{"level":"info","message":{"method":"GET","path":"/get-mentee-profile/KarrivoKarrivo0974KGAM5","responseTime":"256ms","statusCode":304,"timestampIST":"29/1/2026, 4:20:57 pm","userId":null},"timestamp":"29/01/2026 04:20:57 pm"}
{"level":"info","message":{"method":"GET","path":"/get-mentee-profile/KarrivoKarrivo0974KGAM5","responseTime":"25ms","statusCode":304,"timestampIST":"29/1/2026, 4:21:15 pm","userId":null},"timestamp":"29/01/2026 04:21:15 pm"}
{"level":"info","message":{"method":"POST","path":"/save-profile","responseTime":"135ms","statusCode":200,"timestampIST":"29/1/2026, 4:21:30 pm","userId":null},"timestamp":"29/01/2026 04:21:30 pm"}
{"level":"info","message":{"method":"GET","path":"/get-mentee-profile/KarrivoKarrivo0974KGAM5","responseTime":"9ms","statusCode":200,"timestampIST":"29/1/2026, 4:21:30 pm","userId":null},"timestamp":"29/01/2026 04:21:30 pm"}
{"level":"info","message":"MongoDB Connected (development)","timestamp":"29/01/2026 04:26:29 pm"}
{"level":"info","message":"App Start on 192.168.0.206:3002 🖐","timestamp":"29/01/2026 04:26:29 pm"}
{"level":"info","message":"MongoDB Connected (development)","timestamp":"29/01/2026 04:31:53 pm"}
{"level":"info","message":"App Start on 192.168.0.206:3002 🖐","timestamp":"29/01/2026 04:31:53 pm"}
{"level":"info","message":{"method":"GET","path":"/get-mentee-profile/KarrivoKarrivo0974KGAM5","responseTime":"867ms","statusCode":200,"timestampIST":"29/1/2026, 4:38:22 pm","userId":null},"timestamp":"29/01/2026 04:38:23 pm"}
{"level":"info","message":{"method":"GET","path":"/get-mentee-profile/KarrivoKarrivo0974KGAM5","responseTime":"161ms","statusCode":304,"timestampIST":"29/1/2026, 4:38:43 pm","userId":null},"timestamp":"29/01/2026 04:38:43 pm"}
{"level":"info","message":{"method":"GET","path":"/get-mentee-profile/KarrivoKarrivo0974KGAM5","responseTime":"163ms","statusCode":200,"timestampIST":"29/1/2026, 4:40:03 pm","userId":null},"timestamp":"29/01/2026 04:40:03 pm"}
{"level":"info","message":{"method":"GET","path":"/get-mentee-profile/KarrivoKarrivo0974KGAM5","responseTime":"10ms","statusCode":304,"timestampIST":"29/1/2026, 4:40:08 pm","userId":null},"timestamp":"29/01/2026 04:40:08 pm"}
{"level":"warn","message":"404 - Route not found: POST /api/mentee/dashboard/upload-profile-photo","timestamp":"29/01/2026 04:40:20 pm"}
{"level":"error","message":{"method":"POST","path":"/api/mentee/dashboard/upload-profile-photo","responseTime":"13ms","statusCode":404,"timestampIST":"29/1/2026, 4:40:20 pm","userId":null},"timestamp":"29/01/2026 04:40:20 pm"}
{"level":"info","message":{"method":"GET","path":"/get-mentee-profile/KarrivoKarrivo0974KGAM5","responseTime":"12ms","statusCode":304,"timestampIST":"29/1/2026, 4:40:20 pm","userId":null},"timestamp":"29/01/2026 04:40:20 pm"}
{"level":"info","message":"MongoDB Connected (development)","timestamp":"29/01/2026 09:59:21 pm"}
{"level":"info","message":"App Start on 10.117.138.137:3002 🖐","timestamp":"29/01/2026 09:59:21 pm"}
{"level":"info","message":{"method":"GET","path":"/details/KarrivoKarrivo0974KGAM5","responseTime":"128ms","statusCode":304,"timestampIST":"29/1/2026, 9:59:33 pm","userId":null},"timestamp":"29/01/2026 09:59:33 pm"}
{"level":"error","message":{"method":"GET","path":"/upcoming","responseTime":"17ms","statusCode":408,"timestampIST":"29/1/2026, 9:59:36 pm","userId":null},"timestamp":"29/01/2026 09:59:36 pm"}
{"level":"error","message":{"method":"GET","path":"/upcoming","responseTime":"6ms","statusCode":408,"timestampIST":"29/1/2026, 9:59:36 pm","userId":null},"timestamp":"29/01/2026 09:59:36 pm"}
{"level":"error","message":{"method":"GET","path":"/upcoming","responseTime":"5ms","statusCode":408,"timestampIST":"29/1/2026, 9:59:36 pm","userId":null},"timestamp":"29/01/2026 09:59:36 pm"}
{"level":"info","message":{"method":"GET","path":"/refreshToken","responseTime":"17ms","statusCode":200,"timestampIST":"29/1/2026, 9:59:36 pm","userId":null},"timestamp":"29/01/2026 09:59:36 pm"}
{"level":"info","message":{"method":"GET","path":"/upcoming","responseTime":"88ms","statusCode":200,"timestampIST":"29/1/2026, 9:59:36 pm","userId":"697685c8aa996ab09223ffdf"},"timestamp":"29/01/2026 09:59:36 pm"}
{"level":"info","message":{"method":"GET","path":"/allmentors?","responseTime":"138ms","statusCode":200,"timestampIST":"29/1/2026, 9:59:37 pm","userId":null},"timestamp":"29/01/2026 09:59:37 pm"}
{"level":"info","message":{"method":"POST","path":"/my-bookings","responseTime":"85ms","statusCode":200,"timestampIST":"29/1/2026, 9:59:38 pm","userId":null},"timestamp":"29/01/2026 09:59:38 pm"}
{"level":"info","message":{"method":"POST","path":"/my-bookings","responseTime":"585ms","statusCode":200,"timestampIST":"29/1/2026, 10:02:34 pm","userId":null},"timestamp":"29/01/2026 10:02:35 pm"}
{"level":"info","message":{"method":"POST","path":"/my-bookings","responseTime":"60ms","statusCode":200,"timestampIST":"29/1/2026, 10:02:41 pm","userId":null},"timestamp":"29/01/2026 10:02:41 pm"}
{"level":"info","message":{"method":"POST","path":"/my-bookings","responseTime":"45ms","statusCode":200,"timestampIST":"29/1/2026, 10:02:45 pm","userId":null},"timestamp":"29/01/2026 10:02:45 pm"}
{"level":"info","message":{"method":"POST","path":"/my-bookings","responseTime":"344ms","statusCode":200,"timestampIST":"29/1/2026, 10:05:13 pm","userId":null},"timestamp":"29/01/2026 10:05:13 pm"}
{"level":"info","message":{"method":"POST","path":"/my-bookings","responseTime":"319ms","statusCode":200,"timestampIST":"29/1/2026, 10:07:30 pm","userId":null},"timestamp":"29/01/2026 10:07:30 pm"}
{"level":"info","message":{"method":"POST","path":"/my-bookings","responseTime":"431ms","statusCode":200,"timestampIST":"29/1/2026, 10:08:33 pm","userId":null},"timestamp":"29/01/2026 10:08:33 pm"}
{"level":"info","message":{"method":"POST","path":"/my-bookings","responseTime":"435ms","statusCode":200,"timestampIST":"29/1/2026, 10:37:43 pm","userId":null},"timestamp":"29/01/2026 10:37:44 pm"}
{"level":"info","message":{"method":"GET","path":"/allmentors?","responseTime":"176ms","statusCode":200,"timestampIST":"29/1/2026, 10:37:45 pm","userId":null},"timestamp":"29/01/2026 10:37:45 pm"}
{"level":"info","message":{"method":"GET","path":"/details/KarrivoKarrivo0974KGAM5","responseTime":"124ms","statusCode":304,"timestampIST":"29/1/2026, 10:37:46 pm","userId":null},"timestamp":"29/01/2026 10:37:46 pm"}
{"level":"error","message":{"method":"GET","path":"/upcoming","responseTime":"78ms","statusCode":408,"timestampIST":"29/1/2026, 10:37:48 pm","userId":null},"timestamp":"29/01/2026 10:37:48 pm"}
{"level":"error","message":{"method":"GET","path":"/upcoming","responseTime":"6ms","statusCode":408,"timestampIST":"29/1/2026, 10:37:48 pm","userId":null},"timestamp":"29/01/2026 10:37:48 pm"}
{"level":"error","message":{"method":"GET","path":"/upcoming","responseTime":"10ms","statusCode":408,"timestampIST":"29/1/2026, 10:37:48 pm","userId":null},"timestamp":"29/01/2026 10:37:48 pm"}
{"level":"info","message":{"method":"GET","path":"/refreshToken","responseTime":"36ms","statusCode":200,"timestampIST":"29/1/2026, 10:37:48 pm","userId":null},"timestamp":"29/01/2026 10:37:48 pm"}
{"level":"info","message":{"method":"GET","path":"/upcoming","responseTime":"47ms","statusCode":200,"timestampIST":"29/1/2026, 10:37:48 pm","userId":"697685c8aa996ab09223ffdf"},"timestamp":"29/01/2026 10:37:48 pm"}
{"level":"info","message":{"method":"GET","path":"/get-mentee-profile/KarrivoKarrivo0974KGAM5","responseTime":"39ms","statusCode":200,"timestampIST":"29/1/2026, 10:37:50 pm","userId":null},"timestamp":"29/01/2026 10:37:50 pm"}
{"level":"info","message":{"method":"GET","path":"/get-tickets/Karrivo747IRNR","responseTime":"31ms","statusCode":200,"timestampIST":"29/1/2026, 10:37:51 pm","userId":null},"timestamp":"29/01/2026 10:37:51 pm"}
{"level":"info","message":{"method":"GET","path":"/topmentors?limit=4","responseTime":"18ms","statusCode":200,"timestampIST":"29/1/2026, 10:37:57 pm","userId":null},"timestamp":"29/01/2026 10:37:57 pm"}
{"level":"info","message":{"method":"GET","path":"/allmentors","responseTime":"12ms","statusCode":200,"timestampIST":"29/1/2026, 10:38:04 pm","userId":null},"timestamp":"29/01/2026 10:38:04 pm"}
{"level":"info","message":{"method":"GET","path":"/allmentors","responseTime":"255ms","statusCode":200,"timestampIST":"29/1/2026, 10:39:17 pm","userId":null},"timestamp":"29/01/2026 10:39:17 pm"}
{"level":"info","message":{"method":"GET","path":"/topmentors?limit=4","responseTime":"18ms","statusCode":304,"timestampIST":"29/1/2026, 10:39:25 pm","userId":null},"timestamp":"29/01/2026 10:39:25 pm"}
{"level":"info","message":{"method":"GET","path":"/allmentors?","responseTime":"137ms","statusCode":304,"timestampIST":"29/1/2026, 10:39:26 pm","userId":null},"timestamp":"29/01/2026 10:39:26 pm"}
{"level":"info","message":{"method":"GET","path":"/allmentors?mentorCategory=Software+Engineering","responseTime":"14ms","statusCode":200,"timestampIST":"29/1/2026, 10:39:29 pm","userId":null},"timestamp":"29/01/2026 10:39:29 pm"}
{"level":"info","message":{"method":"GET","path":"/allmentors","responseTime":"75ms","statusCode":200,"timestampIST":"29/1/2026, 10:39:33 pm","userId":null},"timestamp":"29/01/2026 10:39:33 pm"}
{"level":"info","message":{"method":"GET","path":"/allmentors?","responseTime":"29ms","statusCode":200,"timestampIST":"29/1/2026, 10:39:37 pm","userId":null},"timestamp":"29/01/2026 10:39:37 pm"}
{"level":"info","message":{"method":"GET","path":"/allmentors","responseTime":"33ms","statusCode":200,"timestampIST":"29/1/2026, 10:39:41 pm","userId":null},"timestamp":"29/01/2026 10:39:41 pm"}
{"level":"info","message":{"method":"GET","path":"/topmentors?limit=4","responseTime":"299ms","statusCode":304,"timestampIST":"29/1/2026, 10:42:21 pm","userId":null},"timestamp":"29/01/2026 10:42:21 pm"}
{"level":"info","message":{"method":"GET","path":"/topmentors?limit=4","responseTime":"12ms","statusCode":304,"timestampIST":"29/1/2026, 10:42:34 pm","userId":null},"timestamp":"29/01/2026 10:42:34 pm"}
{"level":"info","message":{"method":"GET","path":"/topmentors?limit=4","responseTime":"16ms","statusCode":304,"timestampIST":"29/1/2026, 10:42:43 pm","userId":null},"timestamp":"29/01/2026 10:42:43 pm"}
{"level":"info","message":{"method":"GET","path":"/topmentors?limit=4","responseTime":"216ms","statusCode":304,"timestampIST":"29/1/2026, 10:44:35 pm","userId":null},"timestamp":"29/01/2026 10:44:35 pm"}
{"level":"info","message":{"method":"GET","path":"/topmentors?limit=4","responseTime":"342ms","statusCode":304,"timestampIST":"29/1/2026, 10:45:54 pm","userId":null},"timestamp":"29/01/2026 10:45:54 pm"}
{"level":"info","message":{"method":"GET","path":"/topmentors?limit=4","responseTime":"17ms","statusCode":304,"timestampIST":"29/1/2026, 10:46:14 pm","userId":null},"timestamp":"29/01/2026 10:46:14 pm"}
{"level":"info","message":{"method":"GET","path":"/topmentors?limit=4","responseTime":"19ms","statusCode":304,"timestampIST":"29/1/2026, 10:46:18 pm","userId":null},"timestamp":"29/01/2026 10:46:18 pm"}
{"level":"info","message":{"method":"GET","path":"/topmentors?limit=4","responseTime":"156ms","statusCode":304,"timestampIST":"29/1/2026, 10:47:04 pm","userId":null},"timestamp":"29/01/2026 10:47:04 pm"}
{"level":"info","message":{"method":"GET","path":"/topmentors?limit=4","responseTime":"22ms","statusCode":304,"timestampIST":"29/1/2026, 10:47:50 pm","userId":null},"timestamp":"29/01/2026 10:47:50 pm"}
{"level":"info","message":{"method":"GET","path":"/topmentors?limit=4","responseTime":"116ms","statusCode":304,"timestampIST":"29/1/2026, 10:48:38 pm","userId":null},"timestamp":"29/01/2026 10:48:38 pm"}
{"level":"info","message":{"method":"GET","path":"/topmentors?limit=4","responseTime":"266ms","statusCode":304,"timestampIST":"29/1/2026, 10:50:18 pm","userId":null},"timestamp":"29/01/2026 10:50:18 pm"}
{"level":"info","message":{"method":"POST","path":"/login","responseTime":"593ms","statusCode":200,"timestampIST":"29/1/2026, 10:50:22 pm","userId":null},"timestamp":"29/01/2026 10:50:23 pm"}
{"level":"info","message":{"method":"GET","path":"/details/KarrivoKarrivo0974KGAM5","responseTime":"27ms","statusCode":304,"timestampIST":"29/1/2026, 10:50:25 pm","userId":null},"timestamp":"29/01/2026 10:50:25 pm"}
{"level":"info","message":{"method":"GET","path":"/allmentors?","responseTime":"91ms","statusCode":304,"timestampIST":"29/1/2026, 10:50:26 pm","userId":null},"timestamp":"29/01/2026 10:50:27 pm"}
{"level":"info","message":{"method":"GET","path":"/upcoming","responseTime":"38ms","statusCode":304,"timestampIST":"29/1/2026, 10:50:27 pm","userId":"697685c8aa996ab09223ffdf"},"timestamp":"29/01/2026 10:50:27 pm"}
{"level":"info","message":{"method":"POST","path":"/my-bookings","responseTime":"63ms","statusCode":200,"timestampIST":"29/1/2026, 10:50:32 pm","userId":null},"timestamp":"29/01/2026 10:50:32 pm"}
{"level":"info","message":{"method":"GET","path":"/get-mentee-profile/KarrivoKarrivo0974KGAM5","responseTime":"14ms","statusCode":304,"timestampIST":"29/1/2026, 10:50:34 pm","userId":null},"timestamp":"29/01/2026 10:50:34 pm"}
{"level":"info","message":{"method":"GET","path":"/get-tickets/Karrivo747IRNR","responseTime":"25ms","statusCode":304,"timestampIST":"29/1/2026, 10:50:35 pm","userId":null},"timestamp":"29/01/2026 10:50:35 pm"}
{"level":"info","message":{"method":"POST","path":"/login","responseTime":"345ms","statusCode":200,"timestampIST":"29/1/2026, 10:50:56 pm","userId":null},"timestamp":"29/01/2026 10:50:57 pm"}
{"level":"info","message":{"method":"GET","path":"/user/6977a3c0e1747af961c3e8ee","responseTime":"105ms","statusCode":200,"timestampIST":"29/1/2026, 10:50:58 pm","userId":null},"timestamp":"29/01/2026 10:50:58 pm"}
{"level":"info","message":{"method":"GET","path":"/mentor/697646499a784c09bc0d9687/sessions","responseTime":"37ms","statusCode":200,"timestampIST":"29/1/2026, 10:50:59 pm","userId":null},"timestamp":"29/01/2026 10:50:59 pm"}
{"level":"info","message":{"method":"GET","path":"/topmentors?limit=4","responseTime":"4ms","statusCode":304,"timestampIST":"29/1/2026, 10:51:00 pm","userId":null},"timestamp":"29/01/2026 10:51:00 pm"}
{"level":"info","message":{"method":"GET","path":"/get-tickets/697646499a784c09bc0d9687","responseTime":"173ms","statusCode":200,"timestampIST":"29/1/2026, 10:51:06 pm","userId":null},"timestamp":"29/01/2026 10:51:06 pm"}
{"level":"info","message":{"method":"GET","path":"/user/6977a3c0e1747af961c3e8ee","responseTime":"230ms","statusCode":304,"timestampIST":"29/1/2026, 10:52:46 pm","userId":null},"timestamp":"29/01/2026 10:52:46 pm"}
{"level":"info","message":{"method":"GET","path":"/user/6977a3c0e1747af961c3e8ee","responseTime":"13ms","statusCode":304,"timestampIST":"29/1/2026, 10:52:53 pm","userId":null},"timestamp":"29/01/2026 10:52:53 pm"}
{"level":"info","message":{"method":"GET","path":"/user/6977a3c0e1747af961c3e8ee","responseTime":"603ms","statusCode":304,"timestampIST":"29/1/2026, 10:54:34 pm","userId":null},"timestamp":"29/01/2026 10:54:35 pm"}
{"level":"info","message":{"method":"GET","path":"/get-tickets/697646499a784c09bc0d9687","responseTime":"375ms","statusCode":200,"timestampIST":"29/1/2026, 11:06:54 pm","userId":null},"timestamp":"29/01/2026 11:06:54 pm"}
{"level":"info","message":{"method":"GET","path":"/mentor/697646499a784c09bc0d9687/sessions","responseTime":"83ms","statusCode":200,"timestampIST":"29/1/2026, 11:06:57 pm","userId":null},"timestamp":"29/01/2026 11:06:57 pm"}
{"level":"info","message":{"method":"GET","path":"/topmentors?limit=4","responseTime":"36ms","statusCode":200,"timestampIST":"29/1/2026, 11:07:04 pm","userId":null},"timestamp":"29/01/2026 11:07:04 pm"}
{"level":"info","message":{"method":"GET","path":"/topmentors?limit=4","responseTime":"9ms","statusCode":200,"timestampIST":"29/1/2026, 11:07:15 pm","userId":null},"timestamp":"29/01/2026 11:07:15 pm"}
{"level":"info","message":{"method":"GET","path":"/topmentors?limit=4","responseTime":"269ms","statusCode":200,"timestampIST":"29/1/2026, 11:09:44 pm","userId":null},"timestamp":"29/01/2026 11:09:44 pm"}
{"level":"info","message":{"method":"GET","path":"/topmentors?limit=4","responseTime":"311ms","statusCode":200,"timestampIST":"29/1/2026, 11:11:05 pm","userId":null},"timestamp":"29/01/2026 11:11:05 pm"}
{"level":"info","message":{"method":"GET","path":"/topmentors?limit=4","responseTime":"219ms","statusCode":200,"timestampIST":"29/1/2026, 11:12:18 pm","userId":null},"timestamp":"29/01/2026 11:12:18 pm"}
{"level":"info","message":{"method":"GET","path":"/topmentors?limit=4","responseTime":"264ms","statusCode":200,"timestampIST":"29/1/2026, 11:14:44 pm","userId":null},"timestamp":"29/01/2026 11:14:44 pm"}
{"level":"info","message":{"method":"GET","path":"/topmentors?limit=4","responseTime":"286ms","statusCode":200,"timestampIST":"29/1/2026, 11:22:01 pm","userId":null},"timestamp":"29/01/2026 11:22:01 pm"}
