{"level":"info","message":"🌙 Midnight log rotation: Switching from 2026-01-11 to a new log stream.","timestamp":"12/01/2026 07:48:56 am"}
{"level":"info","message":"✅ Old CloudWatch logs flushed.","timestamp":"12/01/2026 07:48:57 am"}
{"level":"info","message":"🚀 Switched to new log stream: development-stream-2026-01-12","timestamp":"12/01/2026 07:48:57 am"}
{"level":"info","message":"MongoDB Connected (development)","timestamp":"12/01/2026 09:39:19 pm"}
{"level":"info","message":"App Start on 10.226.177.137:3002 🖐","timestamp":"12/01/2026 09:39:20 pm"}
{"level":"info","message":{"method":"GET","path":"/topmentors?limit=4","responseTime":"245ms","statusCode":304,"timestampIST":"12/1/2026, 9:40:21 pm","userId":null},"timestamp":"12/01/2026 09:40:21 pm"}
{"level":"info","message":{"method":"GET","path":"/search?q=Software+Engineers","responseTime":"84ms","statusCode":200,"timestampIST":"12/1/2026, 9:40:34 pm","userId":null},"timestamp":"12/01/2026 09:40:34 pm"}
{"level":"info","message":{"method":"GET","path":"/search?q=Data+Scientists","responseTime":"29ms","statusCode":200,"timestampIST":"12/1/2026, 9:40:40 pm","userId":null},"timestamp":"12/01/2026 09:40:40 pm"}
{"level":"info","message":{"method":"GET","path":"/search?q=","responseTime":"3ms","statusCode":200,"timestampIST":"12/1/2026, 9:40:46 pm","userId":null},"timestamp":"12/01/2026 09:40:46 pm"}
{"level":"info","message":{"method":"GET","path":"/topmentors?limit=4","responseTime":"15ms","statusCode":304,"timestampIST":"12/1/2026, 9:40:59 pm","userId":null},"timestamp":"12/01/2026 09:40:59 pm"}
{"level":"info","message":{"method":"GET","path":"/view/6963502ff3de4ea5ed19186d","responseTime":"166ms","statusCode":200,"timestampIST":"12/1/2026, 9:41:11 pm","userId":null},"timestamp":"12/01/2026 09:41:11 pm"}
{"level":"info","message":{"method":"GET","path":"/topmentors?limit=4","responseTime":"10ms","statusCode":304,"timestampIST":"12/1/2026, 9:41:40 pm","userId":null},"timestamp":"12/01/2026 09:41:40 pm"}
{"level":"error","message":{"method":"POST","path":"/login","responseTime":"62ms","statusCode":400,"timestampIST":"12/1/2026, 9:41:43 pm","userId":null},"timestamp":"12/01/2026 09:41:43 pm"}
{"level":"error","message":{"method":"POST","path":"/login","responseTime":"9ms","statusCode":400,"timestampIST":"12/1/2026, 9:41:46 pm","userId":null},"timestamp":"12/01/2026 09:41:46 pm"}
{"level":"error","message":{"method":"POST","path":"/login","responseTime":"599ms","statusCode":400,"timestampIST":"12/1/2026, 9:44:53 pm","userId":null},"timestamp":"12/01/2026 09:44:54 pm"}
{"level":"error","message":{"method":"POST","path":"/login","responseTime":"320ms","statusCode":400,"timestampIST":"12/1/2026, 9:45:06 pm","userId":null},"timestamp":"12/01/2026 09:45:06 pm"}
{"level":"error","message":{"method":"POST","path":"/forgotPassword","responseTime":"71ms","statusCode":400,"timestampIST":"12/1/2026, 9:45:12 pm","userId":null},"timestamp":"12/01/2026 09:45:12 pm"}
{"level":"error","message":{"method":"POST","path":"/forgotPassword","responseTime":"22ms","statusCode":400,"timestampIST":"12/1/2026, 9:45:17 pm","userId":null},"timestamp":"12/01/2026 09:45:17 pm"}
{"level":"info","message":{"method":"POST","path":"/forgotPassword","responseTime":"674ms","statusCode":200,"timestampIST":"12/1/2026, 9:45:27 pm","userId":null},"timestamp":"12/01/2026 09:45:28 pm"}
{"level":"info","message":{"method":"POST","path":"/resetPassword","responseTime":"337ms","statusCode":200,"timestampIST":"12/1/2026, 9:45:56 pm","userId":null},"timestamp":"12/01/2026 09:45:56 pm"}
{"level":"info","message":{"method":"POST","path":"/login","responseTime":"296ms","statusCode":200,"timestampIST":"12/1/2026, 9:46:17 pm","userId":null},"timestamp":"12/01/2026 09:46:17 pm"}
{"level":"info","message":{"method":"POST","path":"/get-mentor-details","responseTime":"80ms","statusCode":200,"timestampIST":"12/1/2026, 9:46:22 pm","userId":null},"timestamp":"12/01/2026 09:46:22 pm"}
{"level":"info","message":{"method":"PUT","path":"/update-mentor-details","responseTime":"24ms","statusCode":200,"timestampIST":"12/1/2026, 9:46:31 pm","userId":null},"timestamp":"12/01/2026 09:46:31 pm"}
{"level":"info","message":{"method":"POST","path":"/get-mentor-details","responseTime":"20ms","statusCode":200,"timestampIST":"12/1/2026, 9:46:31 pm","userId":null},"timestamp":"12/01/2026 09:46:31 pm"}
{"level":"info","message":{"method":"GET","path":"/mentor/69635aa6b6aac157d50b4b17","responseTime":"32ms","statusCode":200,"timestampIST":"12/1/2026, 9:46:38 pm","userId":null},"timestamp":"12/01/2026 09:46:38 pm"}
{"level":"info","message":{"method":"GET","path":"/mentor/69635aa6b6aac157d50b4b17","responseTime":"6ms","statusCode":304,"timestampIST":"12/1/2026, 9:46:51 pm","userId":null},"timestamp":"12/01/2026 09:46:51 pm"}
{"level":"info","message":{"method":"GET","path":"/mentor/69635aa6b6aac157d50b4b17","responseTime":"18ms","statusCode":304,"timestampIST":"12/1/2026, 9:48:22 pm","userId":null},"timestamp":"12/01/2026 09:48:22 pm"}
{"level":"info","message":"MongoDB Connected (development)","timestamp":"12/01/2026 09:52:51 pm"}
{"level":"info","message":"App Start on 10.226.177.137:3002 🖐","timestamp":"12/01/2026 09:52:51 pm"}
{"level":"info","message":"MongoDB Connected (development)","timestamp":"12/01/2026 09:53:07 pm"}
{"level":"info","message":"App Start on 10.226.177.137:3002 🖐","timestamp":"12/01/2026 09:53:07 pm"}
{"level":"info","message":"MongoDB Connected (development)","timestamp":"12/01/2026 09:58:40 pm"}
{"level":"info","message":"App Start on 10.226.177.137:3002 🖐","timestamp":"12/01/2026 09:58:40 pm"}
{"level":"info","message":{"method":"GET","path":"/topmentors?limit=4","responseTime":"70ms","statusCode":200,"timestampIST":"12/1/2026, 9:58:47 pm","userId":null},"timestamp":"12/01/2026 09:58:47 pm"}
{"level":"info","message":{"method":"GET","path":"/view/6963502ff3de4ea5ed19186d","responseTime":"36ms","statusCode":200,"timestampIST":"12/1/2026, 9:58:53 pm","userId":null},"timestamp":"12/01/2026 09:58:53 pm"}
{"level":"error","message":{"method":"POST","path":"/login","responseTime":"22ms","statusCode":400,"timestampIST":"12/1/2026, 9:59:15 pm","userId":null},"timestamp":"12/01/2026 09:59:15 pm"}
{"level":"info","message":{"method":"POST","path":"/login","responseTime":"345ms","statusCode":200,"timestampIST":"12/1/2026, 9:59:30 pm","userId":null},"timestamp":"12/01/2026 09:59:30 pm"}
{"level":"info","message":{"method":"GET","path":"/view/6959fe3f65aa50bb42fcdaa6","responseTime":"9ms","statusCode":200,"timestampIST":"12/1/2026, 9:59:44 pm","userId":null},"timestamp":"12/01/2026 09:59:44 pm"}
{"level":"error","message":{"method":"POST","path":"/bookings_session","responseTime":"39ms","statusCode":400,"timestampIST":"12/1/2026, 9:59:56 pm","userId":null},"timestamp":"12/01/2026 09:59:56 pm"}
{"level":"info","message":{"method":"POST","path":"/bookings_session","responseTime":"77ms","statusCode":201,"timestampIST":"12/1/2026, 10:00:09 pm","userId":null},"timestamp":"12/01/2026 10:00:09 pm"}
{"level":"info","message":{"method":"POST","path":"/bookings/696521914a39e1d842095771/complete","responseTime":"18ms","statusCode":200,"timestampIST":"12/1/2026, 10:00:17 pm","userId":null},"timestamp":"12/01/2026 10:00:17 pm"}
{"level":"error","message":{"method":"POST","path":"/login","responseTime":"5ms","statusCode":400,"timestampIST":"12/1/2026, 10:01:13 pm","userId":null},"timestamp":"12/01/2026 10:01:13 pm"}
{"level":"info","message":{"method":"POST","path":"/login","responseTime":"368ms","statusCode":200,"timestampIST":"12/1/2026, 10:01:33 pm","userId":null},"timestamp":"12/01/2026 10:01:33 pm"}
{"level":"info","message":{"method":"GET","path":"/mentor/6942db6aeb25f01d09fb20d1","responseTime":"13ms","statusCode":200,"timestampIST":"12/1/2026, 10:01:38 pm","userId":null},"timestamp":"12/01/2026 10:01:38 pm"}
{"level":"info","message":{"method":"GET","path":"/mentor/6942db6aeb25f01d09fb20d1","responseTime":"4ms","statusCode":304,"timestampIST":"12/1/2026, 10:01:46 pm","userId":null},"timestamp":"12/01/2026 10:01:46 pm"}
{"level":"info","message":{"method":"GET","path":"/topmentors?limit=4","responseTime":"41ms","statusCode":304,"timestampIST":"12/1/2026, 10:05:04 pm","userId":null},"timestamp":"12/01/2026 10:05:04 pm"}
{"level":"info","message":{"method":"GET","path":"/allmentors","responseTime":"57ms","statusCode":200,"timestampIST":"12/1/2026, 10:05:06 pm","userId":null},"timestamp":"12/01/2026 10:05:06 pm"}
{"level":"info","message":{"method":"GET","path":"/allmentors","responseTime":"13ms","statusCode":304,"timestampIST":"12/1/2026, 10:05:17 pm","userId":null},"timestamp":"12/01/2026 10:05:17 pm"}
{"level":"info","message":"MongoDB Connected (development)","timestamp":"12/01/2026 10:07:07 pm"}
{"level":"info","message":"App Start on 10.226.177.137:3002 🖐","timestamp":"12/01/2026 10:07:08 pm"}
{"level":"info","message":{"method":"GET","path":"/allmentors","responseTime":"62ms","statusCode":200,"timestampIST":"12/1/2026, 10:07:11 pm","userId":null},"timestamp":"12/01/2026 10:07:11 pm"}
{"level":"info","message":"MongoDB Connected (development)","timestamp":"12/01/2026 10:07:32 pm"}
{"level":"info","message":"App Start on 10.226.177.137:3002 🖐","timestamp":"12/01/2026 10:07:32 pm"}
{"level":"info","message":{"method":"GET","path":"/allmentors","responseTime":"72ms","statusCode":200,"timestampIST":"12/1/2026, 10:07:35 pm","userId":null},"timestamp":"12/01/2026 10:07:35 pm"}
{"level":"info","message":{"method":"GET","path":"/topmentors?limit=4","responseTime":"13ms","statusCode":304,"timestampIST":"12/1/2026, 10:07:45 pm","userId":null},"timestamp":"12/01/2026 10:07:45 pm"}
{"level":"info","message":{"method":"GET","path":"/topmentors?limit=4","responseTime":"412ms","statusCode":304,"timestampIST":"12/1/2026, 10:14:35 pm","userId":null},"timestamp":"12/01/2026 10:14:35 pm"}
{"level":"info","message":{"method":"GET","path":"/allmentors","responseTime":"112ms","statusCode":304,"timestampIST":"12/1/2026, 10:14:44 pm","userId":null},"timestamp":"12/01/2026 10:14:44 pm"}
{"level":"info","message":{"method":"GET","path":"/allmentors","responseTime":"16ms","statusCode":304,"timestampIST":"12/1/2026, 10:14:52 pm","userId":null},"timestamp":"12/01/2026 10:14:52 pm"}
{"level":"info","message":{"method":"GET","path":"/allmentors","responseTime":"379ms","statusCode":304,"timestampIST":"12/1/2026, 10:17:24 pm","userId":null},"timestamp":"12/01/2026 10:17:25 pm"}
{"level":"info","message":{"method":"GET","path":"/allmentors","responseTime":"16ms","statusCode":304,"timestampIST":"12/1/2026, 10:17:31 pm","userId":null},"timestamp":"12/01/2026 10:17:31 pm"}
{"level":"info","message":{"method":"GET","path":"/allmentors","responseTime":"177ms","statusCode":304,"timestampIST":"12/1/2026, 10:18:26 pm","userId":null},"timestamp":"12/01/2026 10:18:26 pm"}
{"level":"info","message":{"method":"GET","path":"/topmentors?limit=4","responseTime":"57ms","statusCode":304,"timestampIST":"12/1/2026, 10:18:30 pm","userId":null},"timestamp":"12/01/2026 10:18:30 pm"}
{"level":"info","message":{"method":"GET","path":"/allmentors","responseTime":"37ms","statusCode":304,"timestampIST":"12/1/2026, 10:18:44 pm","userId":null},"timestamp":"12/01/2026 10:18:44 pm"}
{"level":"info","message":{"method":"GET","path":"/allmentors","responseTime":"171ms","statusCode":304,"timestampIST":"12/1/2026, 10:21:05 pm","userId":null},"timestamp":"12/01/2026 10:21:05 pm"}
{"level":"info","message":{"method":"GET","path":"/allmentors","responseTime":"14ms","statusCode":304,"timestampIST":"12/1/2026, 10:21:13 pm","userId":null},"timestamp":"12/01/2026 10:21:13 pm"}
{"level":"info","message":{"method":"GET","path":"/allmentors","responseTime":"254ms","statusCode":304,"timestampIST":"12/1/2026, 10:22:39 pm","userId":null},"timestamp":"12/01/2026 10:22:39 pm"}
{"level":"info","message":{"method":"GET","path":"/allmentors","responseTime":"204ms","statusCode":304,"timestampIST":"12/1/2026, 10:24:02 pm","userId":null},"timestamp":"12/01/2026 10:24:02 pm"}
{"level":"info","message":{"method":"GET","path":"/view/6963502ff3de4ea5ed19186d","responseTime":"271ms","statusCode":304,"timestampIST":"12/1/2026, 10:24:06 pm","userId":null},"timestamp":"12/01/2026 10:24:06 pm"}
{"level":"info","message":{"method":"GET","path":"/topmentors?limit=4","responseTime":"10ms","statusCode":304,"timestampIST":"12/1/2026, 10:24:25 pm","userId":null},"timestamp":"12/01/2026 10:24:25 pm"}
{"level":"info","message":{"method":"GET","path":"/allmentors?","responseTime":"133ms","statusCode":200,"timestampIST":"12/1/2026, 10:24:27 pm","userId":null},"timestamp":"12/01/2026 10:24:27 pm"}
{"level":"info","message":{"method":"GET","path":"/allmentors?","responseTime":"326ms","statusCode":304,"timestampIST":"12/1/2026, 10:26:31 pm","userId":null},"timestamp":"12/01/2026 10:26:31 pm"}
{"level":"info","message":{"method":"GET","path":"/view/6963502ff3de4ea5ed19186d","responseTime":"76ms","statusCode":304,"timestampIST":"12/1/2026, 10:26:34 pm","userId":null},"timestamp":"12/01/2026 10:26:34 pm"}
{"level":"info","message":{"method":"GET","path":"/allmentors?mentorCategory=Software+Engineering","responseTime":"24ms","statusCode":200,"timestampIST":"12/1/2026, 10:26:42 pm","userId":null},"timestamp":"12/01/2026 10:26:42 pm"}
{"level":"info","message":{"method":"GET","path":"/topmentors?limit=4","responseTime":"7ms","statusCode":304,"timestampIST":"12/1/2026, 10:26:46 pm","userId":null},"timestamp":"12/01/2026 10:26:46 pm"}
{"level":"info","message":{"method":"GET","path":"/topmentors?limit=8","responseTime":"18ms","statusCode":200,"timestampIST":"12/1/2026, 10:26:48 pm","userId":null},"timestamp":"12/01/2026 10:26:48 pm"}
{"level":"info","message":{"method":"GET","path":"/topmentors?limit=8","responseTime":"152ms","statusCode":304,"timestampIST":"12/1/2026, 10:31:12 pm","userId":null},"timestamp":"12/01/2026 10:31:13 pm"}
{"level":"info","message":{"method":"GET","path":"/topmentors?limit=4","responseTime":"28ms","statusCode":304,"timestampIST":"12/1/2026, 10:31:32 pm","userId":null},"timestamp":"12/01/2026 10:31:32 pm"}
{"level":"info","message":{"method":"GET","path":"/topmentors?limit=4","responseTime":"11ms","statusCode":304,"timestampIST":"12/1/2026, 10:31:34 pm","userId":null},"timestamp":"12/01/2026 10:31:34 pm"}
{"level":"error","message":{"method":"POST","path":"/login","responseTime":"103ms","statusCode":400,"timestampIST":"12/1/2026, 10:31:39 pm","userId":null},"timestamp":"12/01/2026 10:31:39 pm"}
{"level":"error","message":{"method":"POST","path":"/login","responseTime":"11ms","statusCode":400,"timestampIST":"12/1/2026, 10:31:55 pm","userId":null},"timestamp":"12/01/2026 10:31:55 pm"}
{"level":"info","message":{"method":"POST","path":"/login","responseTime":"618ms","statusCode":200,"timestampIST":"12/1/2026, 10:32:13 pm","userId":null},"timestamp":"12/01/2026 10:32:13 pm"}
{"level":"info","message":{"method":"GET","path":"/view/6959fe3f65aa50bb42fcdaa6","responseTime":"56ms","statusCode":200,"timestampIST":"12/1/2026, 10:32:16 pm","userId":null},"timestamp":"12/01/2026 10:32:16 pm"}
{"level":"info","message":{"method":"GET","path":"/topmentors?limit=4","responseTime":"18ms","statusCode":304,"timestampIST":"12/1/2026, 10:32:47 pm","userId":null},"timestamp":"12/01/2026 10:32:47 pm"}
{"level":"info","message":{"method":"GET","path":"/topmentors?limit=4","responseTime":"6ms","statusCode":304,"timestampIST":"12/1/2026, 10:32:53 pm","userId":null},"timestamp":"12/01/2026 10:32:53 pm"}
{"level":"info","message":{"method":"GET","path":"/topmentors?limit=4","responseTime":"12ms","statusCode":304,"timestampIST":"12/1/2026, 10:32:55 pm","userId":null},"timestamp":"12/01/2026 10:32:55 pm"}
{"level":"info","message":{"method":"POST","path":"/login","responseTime":"359ms","statusCode":200,"timestampIST":"12/1/2026, 10:33:13 pm","userId":null},"timestamp":"12/01/2026 10:33:13 pm"}
{"level":"info","message":{"method":"GET","path":"/view/6959fe3f65aa50bb42fcdaa6","responseTime":"17ms","statusCode":304,"timestampIST":"12/1/2026, 10:33:14 pm","userId":null},"timestamp":"12/01/2026 10:33:14 pm"}
{"level":"error","message":{"method":"POST","path":"/bookings_session","responseTime":"109ms","statusCode":500,"timestampIST":"12/1/2026, 10:33:29 pm","userId":null},"timestamp":"12/01/2026 10:33:29 pm"}
{"level":"error","message":{"method":"POST","path":"/bookings_session","responseTime":"30ms","statusCode":500,"timestampIST":"12/1/2026, 10:33:37 pm","userId":null},"timestamp":"12/01/2026 10:33:37 pm"}
{"level":"info","message":"MongoDB Connected (development)","timestamp":"12/01/2026 10:34:15 pm"}
{"level":"info","message":"App Start on 10.226.177.137:3002 🖐","timestamp":"12/01/2026 10:34:15 pm"}
{"level":"info","message":{"method":"POST","path":"/bookings_session","responseTime":"123ms","statusCode":201,"timestampIST":"12/1/2026, 10:34:15 pm","userId":null},"timestamp":"12/01/2026 10:34:16 pm"}
{"level":"info","message":{"method":"POST","path":"/bookings/69652990a91f320400b16aa6/complete","responseTime":"51ms","statusCode":200,"timestampIST":"12/1/2026, 10:34:25 pm","userId":null},"timestamp":"12/01/2026 10:34:26 pm"}
{"level":"info","message":{"method":"GET","path":"/topmentors?limit=4","responseTime":"15ms","statusCode":304,"timestampIST":"12/1/2026, 10:34:32 pm","userId":null},"timestamp":"12/01/2026 10:34:32 pm"}
{"level":"info","message":{"method":"GET","path":"/view/6959fe3f65aa50bb42fcdaa6","responseTime":"26ms","statusCode":304,"timestampIST":"12/1/2026, 10:36:43 pm","userId":null},"timestamp":"12/01/2026 10:36:43 pm"}
{"level":"info","message":{"method":"POST","path":"/bookings_session","responseTime":"78ms","statusCode":201,"timestampIST":"12/1/2026, 10:36:56 pm","userId":null},"timestamp":"12/01/2026 10:36:56 pm"}
{"level":"info","message":{"method":"POST","path":"/bookings/69652a30a91f320400b16abe/complete","responseTime":"23ms","statusCode":200,"timestampIST":"12/1/2026, 10:37:17 pm","userId":null},"timestamp":"12/01/2026 10:37:17 pm"}
{"level":"info","message":{"method":"GET","path":"/topmentors?limit=4","responseTime":"164ms","statusCode":304,"timestampIST":"12/1/2026, 10:38:32 pm","userId":null},"timestamp":"12/01/2026 10:38:33 pm"}
{"level":"info","message":{"method":"GET","path":"/view/6959fe3f65aa50bb42fcdaa6","responseTime":"49ms","statusCode":304,"timestampIST":"12/1/2026, 10:38:37 pm","userId":null},"timestamp":"12/01/2026 10:38:37 pm"}
{"level":"error","message":{"method":"POST","path":"/bookings_session","responseTime":"52ms","statusCode":400,"timestampIST":"12/1/2026, 10:38:52 pm","userId":null},"timestamp":"12/01/2026 10:38:52 pm"}
{"level":"info","message":{"method":"POST","path":"/bookings_session","responseTime":"29ms","statusCode":201,"timestampIST":"12/1/2026, 10:38:57 pm","userId":null},"timestamp":"12/01/2026 10:38:57 pm"}
{"level":"info","message":{"method":"POST","path":"/bookings/69652aa9a91f320400b16ae0/complete","responseTime":"15ms","statusCode":200,"timestampIST":"12/1/2026, 10:39:08 pm","userId":null},"timestamp":"12/01/2026 10:39:08 pm"}
{"level":"info","message":{"method":"GET","path":"/topmentors?limit=8","responseTime":"12ms","statusCode":304,"timestampIST":"12/1/2026, 10:39:14 pm","userId":null},"timestamp":"12/01/2026 10:39:14 pm"}
{"level":"info","message":{"method":"GET","path":"/allmentors","responseTime":"132ms","statusCode":200,"timestampIST":"12/1/2026, 10:39:17 pm","userId":null},"timestamp":"12/01/2026 10:39:17 pm"}
{"level":"info","message":{"method":"GET","path":"/allmentors","responseTime":"41ms","statusCode":304,"timestampIST":"12/1/2026, 10:39:24 pm","userId":null},"timestamp":"12/01/2026 10:39:24 pm"}
{"level":"info","message":{"method":"GET","path":"/topmentors?limit=4","responseTime":"18ms","statusCode":304,"timestampIST":"12/1/2026, 10:39:31 pm","userId":null},"timestamp":"12/01/2026 10:39:31 pm"}
{"level":"info","message":{"method":"GET","path":"/allmentors","responseTime":"20ms","statusCode":304,"timestampIST":"12/1/2026, 10:39:33 pm","userId":null},"timestamp":"12/01/2026 10:39:33 pm"}
{"level":"info","message":{"method":"GET","path":"/allmentors","responseTime":"12ms","statusCode":200,"timestampIST":"12/1/2026, 10:39:44 pm","userId":null},"timestamp":"12/01/2026 10:39:44 pm"}
{"level":"info","message":{"method":"GET","path":"/allmentors","responseTime":"8ms","statusCode":304,"timestampIST":"12/1/2026, 10:39:53 pm","userId":null},"timestamp":"12/01/2026 10:39:53 pm"}
{"level":"info","message":{"method":"GET","path":"/topmentors?limit=4","responseTime":"125ms","statusCode":304,"timestampIST":"12/1/2026, 10:42:15 pm","userId":null},"timestamp":"12/01/2026 10:42:15 pm"}
{"level":"info","message":{"method":"GET","path":"/topmentors?limit=8","responseTime":"17ms","statusCode":304,"timestampIST":"12/1/2026, 10:42:36 pm","userId":null},"timestamp":"12/01/2026 10:42:36 pm"}
{"level":"info","message":{"method":"GET","path":"/topmentors?limit=4","responseTime":"293ms","statusCode":304,"timestampIST":"12/1/2026, 10:45:49 pm","userId":null},"timestamp":"12/01/2026 10:45:49 pm"}
{"level":"info","message":{"method":"GET","path":"/search?q=Startup+Founders","responseTime":"143ms","statusCode":200,"timestampIST":"12/1/2026, 10:46:05 pm","userId":null},"timestamp":"12/01/2026 10:46:05 pm"}
{"level":"info","message":{"method":"GET","path":"/topmentors?limit=4","responseTime":"17ms","statusCode":304,"timestampIST":"12/1/2026, 10:46:34 pm","userId":null},"timestamp":"12/01/2026 10:46:34 pm"}
{"level":"info","message":{"method":"POST","path":"/login","responseTime":"588ms","statusCode":200,"timestampIST":"12/1/2026, 10:46:37 pm","userId":null},"timestamp":"12/01/2026 10:46:38 pm"}
{"level":"info","message":{"method":"GET","path":"/get-mentee-profile/Karrivo747IRNR","responseTime":"101ms","statusCode":200,"timestampIST":"12/1/2026, 10:46:42 pm","userId":null},"timestamp":"12/01/2026 10:46:42 pm"}
{"level":"info","message":{"method":"GET","path":"/allmentors?","responseTime":"86ms","statusCode":304,"timestampIST":"12/1/2026, 10:46:43 pm","userId":null},"timestamp":"12/01/2026 10:46:43 pm"}
{"level":"info","message":{"method":"GET","path":"/allmentors?","responseTime":"32ms","statusCode":304,"timestampIST":"12/1/2026, 10:46:44 pm","userId":null},"timestamp":"12/01/2026 10:46:44 pm"}
