{"level":"error","message":{"method":"POST","path":"/bookings_session","responseTime":"51ms","statusCode":400,"timestampIST":"11/1/2026, 11:16:56 am","userId":null},"timestamp":"11/01/2026 11:16:56 am"}
{"level":"error","message":{"method":"POST","path":"/bookings_session","responseTime":"527ms","statusCode":500,"timestampIST":"11/1/2026, 11:19:16 am","userId":null},"timestamp":"11/01/2026 11:19:17 am"}
{"level":"error","message":{"method":"POST","path":"/bookings_session","responseTime":"97ms","statusCode":500,"timestampIST":"11/1/2026, 11:21:00 am","userId":null},"timestamp":"11/01/2026 11:21:00 am"}
{"level":"error","message":{"method":"POST","path":"/bookings_session","responseTime":"91ms","statusCode":500,"timestampIST":"11/1/2026, 11:22:36 am","userId":null},"timestamp":"11/01/2026 11:22:36 am"}
{"level":"error","message":{"method":"POST","path":"/bookings_session","responseTime":"36ms","statusCode":400,"timestampIST":"11/1/2026, 11:24:13 am","userId":null},"timestamp":"11/01/2026 11:24:13 am"}
{"level":"error","message":{"method":"GET","path":"/api/Admin/dashboard_details","responseTime":"71ms","statusCode":404,"timestampIST":"11/1/2026, 12:54:10 pm","userId":null},"timestamp":"11/01/2026 12:54:10 pm"}
{"level":"error","message":{"method":"GET","path":"/api/Admin/dashboard_details","responseTime":"61ms","statusCode":404,"timestampIST":"11/1/2026, 1:11:34 pm","userId":null},"timestamp":"11/01/2026 01:11:34 pm"}
{"level":"error","message":{"method":"GET","path":"/api/Admin/dashboard_details","responseTime":"35ms","statusCode":404,"timestampIST":"11/1/2026, 1:13:20 pm","userId":null},"timestamp":"11/01/2026 01:13:20 pm"}
{"level":"error","message":{"method":"GET","path":"/api/user/userDetails","responseTime":"5ms","statusCode":404,"timestampIST":"11/1/2026, 1:13:30 pm","userId":null},"timestamp":"11/01/2026 01:13:30 pm"}
{"level":"error","message":{"method":"GET","path":"/api/Admin/dashboard_details","responseTime":"2ms","statusCode":404,"timestampIST":"11/1/2026, 1:13:35 pm","userId":null},"timestamp":"11/01/2026 01:13:35 pm"}
{"level":"error","message":{"method":"POST","path":"/login","responseTime":"311ms","statusCode":400,"timestampIST":"11/1/2026, 1:14:16 pm","userId":null},"timestamp":"11/01/2026 01:14:17 pm"}
{"level":"error","message":{"method":"POST","path":"/login","responseTime":"360ms","statusCode":400,"timestampIST":"11/1/2026, 1:14:20 pm","userId":null},"timestamp":"11/01/2026 01:14:20 pm"}
{"level":"error","message":{"method":"POST","path":"/login","responseTime":"252ms","statusCode":400,"timestampIST":"11/1/2026, 1:14:26 pm","userId":null},"timestamp":"11/01/2026 01:14:26 pm"}
{"level":"error","message":{"method":"POST","path":"/login","responseTime":"295ms","statusCode":400,"timestampIST":"11/1/2026, 1:14:38 pm","userId":null},"timestamp":"11/01/2026 01:14:38 pm"}
{"level":"error","message":{"method":"POST","path":"/login","responseTime":"264ms","statusCode":400,"timestampIST":"11/1/2026, 1:14:42 pm","userId":null},"timestamp":"11/01/2026 01:14:42 pm"}
{"level":"error","message":{"method":"POST","path":"/login","responseTime":"293ms","statusCode":400,"timestampIST":"11/1/2026, 1:14:44 pm","userId":null},"timestamp":"11/01/2026 01:14:44 pm"}
{"level":"error","message":{"method":"GET","path":"/api/Admin/dashboard_details","responseTime":"7ms","statusCode":404,"timestampIST":"11/1/2026, 1:14:48 pm","userId":null},"timestamp":"11/01/2026 01:14:48 pm"}
{"level":"error","message":{"method":"PATCH","path":"/applications/6963502ff3de4ea5ed19186d/approve-reject","responseTime":"80ms","statusCode":400,"timestampIST":"11/1/2026, 1:19:26 pm","userId":null},"timestamp":"11/01/2026 01:19:26 pm"}
{"level":"error","message":{"method":"PATCH","path":"/applications/6963502ff3de4ea5ed19186d/approve-reject","responseTime":"553ms","statusCode":400,"timestampIST":"11/1/2026, 1:20:06 pm","userId":null},"timestamp":"11/01/2026 01:20:06 pm"}
{"level":"error","message":{"method":"PATCH","path":"/applications/6963502ff3de4ea5ed19186d/approve-reject","responseTime":"523ms","statusCode":400,"timestampIST":"11/1/2026, 1:21:19 pm","userId":null},"timestamp":"11/01/2026 01:21:19 pm"}
{"level":"error","message":{"method":"PATCH","path":"/applications/6963502ff3de4ea5ed19186d/approve-reject","responseTime":"845ms","statusCode":400,"timestampIST":"11/1/2026, 1:23:21 pm","userId":null},"timestamp":"11/01/2026 01:23:22 pm"}
{"level":"error","message":{"method":"PATCH","path":"/applications/6963502ff3de4ea5ed19186d/approve-reject","responseTime":"797ms","statusCode":400,"timestampIST":"11/1/2026, 1:24:32 pm","userId":null},"timestamp":"11/01/2026 01:24:33 pm"}
{"level":"error","message":{"method":"PATCH","path":"/applications/6963502ff3de4ea5ed19186d/approve-reject","responseTime":"811ms","statusCode":400,"timestampIST":"11/1/2026, 1:25:37 pm","userId":null},"timestamp":"11/01/2026 01:25:38 pm"}
{"level":"error","message":{"method":"PATCH","path":"/applications/6963502ff3de4ea5ed19186d/approve-reject","responseTime":"1621ms","statusCode":400,"timestampIST":"11/1/2026, 1:28:20 pm","userId":null},"timestamp":"11/01/2026 01:28:22 pm"}
{"level":"error","message":{"method":"PATCH","path":"/applications/6963502ff3de4ea5ed19186d/approve-reject","responseTime":"66ms","statusCode":400,"timestampIST":"11/1/2026, 1:28:47 pm","userId":null},"timestamp":"11/01/2026 01:28:47 pm"}
{"level":"error","message":{"method":"PATCH","path":"/applications/6963502ff3de4ea5ed19186d/approve-reject","responseTime":"64ms","statusCode":400,"timestampIST":"11/1/2026, 1:38:36 pm","userId":null},"timestamp":"11/01/2026 01:38:36 pm"}
{"level":"error","message":{"method":"POST","path":"/api/Mentor/trailbookings/reset-password","responseTime":"22ms","statusCode":404,"timestampIST":"11/1/2026, 1:40:37 pm","userId":null},"timestamp":"11/01/2026 01:40:37 pm"}
{"level":"error","message":{"method":"POST","path":"/reset-password","responseTime":"11ms","statusCode":400,"timestampIST":"11/1/2026, 1:40:43 pm","userId":null},"timestamp":"11/01/2026 01:40:43 pm"}
{"level":"error","message":{"method":"GET","path":"/api/sessions/mentor/undefined","responseTime":"10ms","statusCode":404,"timestampIST":"11/1/2026, 1:41:48 pm","userId":null},"timestamp":"11/01/2026 01:41:48 pm"}
{"level":"error","message":{"method":"GET","path":"/api/sessions/mentor/undefined","responseTime":"4ms","statusCode":404,"timestampIST":"11/1/2026, 1:42:36 pm","userId":null},"timestamp":"11/01/2026 01:42:36 pm"}
{"level":"error","message":{"method":"GET","path":"/api/sessions/mentor/69635aa6b6aac157d50b4b17","responseTime":"158ms","statusCode":404,"timestampIST":"11/1/2026, 1:46:37 pm","userId":null},"timestamp":"11/01/2026 01:46:37 pm"}
{"level":"error","message":{"method":"GET","path":"/api/sessions/mentor/69635aa6b6aac157d50b4b17","responseTime":"115ms","statusCode":404,"timestampIST":"11/1/2026, 1:49:09 pm","userId":null},"timestamp":"11/01/2026 01:49:09 pm"}
{"level":"error","message":{"method":"GET","path":"/api/sessions/mentor/69635aa6b6aac157d50b4b17","responseTime":"198ms","statusCode":404,"timestampIST":"11/1/2026, 1:56:58 pm","userId":null},"timestamp":"11/01/2026 01:56:58 pm"}
{"level":"error","message":{"method":"GET","path":"/api/sessions/mentor/69635aa6b6aac157d50b4b17","responseTime":"9ms","statusCode":404,"timestampIST":"11/1/2026, 1:57:02 pm","userId":null},"timestamp":"11/01/2026 01:57:02 pm"}
{"level":"error","message":{"method":"POST","path":"/login","responseTime":"20ms","statusCode":400,"timestampIST":"11/1/2026, 2:05:23 pm","userId":null},"timestamp":"11/01/2026 02:05:23 pm"}
{"level":"error","message":{"method":"POST","path":"/login","responseTime":"389ms","statusCode":400,"timestampIST":"11/1/2026, 2:06:54 pm","userId":null},"timestamp":"11/01/2026 02:06:55 pm"}
{"level":"error","message":{"method":"POST","path":"/login","responseTime":"451ms","statusCode":400,"timestampIST":"11/1/2026, 2:08:11 pm","userId":null},"timestamp":"11/01/2026 02:08:12 pm"}
{"level":"error","message":{"method":"GET","path":"/api/Admin/dashboard_details","responseTime":"34ms","statusCode":404,"timestampIST":"11/1/2026, 7:28:52 pm","userId":null},"timestamp":"11/01/2026 07:28:52 pm"}
{"level":"error","message":{"method":"GET","path":"/api/Admin/dashboard_details","responseTime":"48ms","statusCode":404,"timestampIST":"11/1/2026, 7:51:03 pm","userId":null},"timestamp":"11/01/2026 07:51:03 pm"}
{"level":"error","message":{"method":"GET","path":"/api/mentors/search?q=Software+Engineers","responseTime":"37ms","statusCode":404,"timestampIST":"11/1/2026, 8:05:05 pm","userId":null},"timestamp":"11/01/2026 08:05:05 pm"}
{"level":"error","message":{"method":"GET","path":"/api/mentors/search?q=Software+Engineers","responseTime":"13ms","statusCode":404,"timestampIST":"11/1/2026, 8:05:07 pm","userId":null},"timestamp":"11/01/2026 08:05:07 pm"}
{"level":"error","message":{"method":"GET","path":"/api/mentors/search?q=Software+Engineers","responseTime":"100ms","statusCode":404,"timestampIST":"11/1/2026, 8:08:11 pm","userId":null},"timestamp":"11/01/2026 08:08:11 pm"}
{"level":"error","message":{"method":"GET","path":"/api/mentors/search?q=Software+Engineers","responseTime":"9ms","statusCode":404,"timestampIST":"11/1/2026, 8:08:21 pm","userId":null},"timestamp":"11/01/2026 08:08:21 pm"}
{"level":"error","message":{"method":"GET","path":"/api/mentors/search?q=Software+Engineers","responseTime":"12ms","statusCode":404,"timestampIST":"11/1/2026, 8:08:24 pm","userId":null},"timestamp":"11/01/2026 08:08:24 pm"}
{"level":"error","message":{"method":"GET","path":"/search?q=Software+Engineers","responseTime":"73ms","statusCode":500,"timestampIST":"11/1/2026, 8:08:26 pm","userId":null},"timestamp":"11/01/2026 08:08:26 pm"}
{"level":"error","message":{"method":"GET","path":"/search?q=enginneerk","responseTime":"7ms","statusCode":500,"timestampIST":"11/1/2026, 8:18:41 pm","userId":null},"timestamp":"11/01/2026 08:18:41 pm"}
