{"level":"error","message":{"method":"GET","path":"/api/Admin/dashboard_details","responseTime":"96ms","statusCode":404,"timestampIST":"28/1/2026, 8:56:07 pm","userId":null},"timestamp":"28/01/2026 08:56:07 pm"}
{"level":"error","message":{"method":"GET","path":"/api/Admin/dashboard_details","responseTime":"37ms","statusCode":404,"timestampIST":"28/1/2026, 9:00:06 pm","userId":null},"timestamp":"28/01/2026 09:00:06 pm"}
{"level":"error","message":{"method":"GET","path":"/api/wallet/transactions-admin?limit=10&page=1&search=&transactionType=","responseTime":"10ms","statusCode":404,"timestampIST":"28/1/2026, 9:08:10 pm","userId":null},"timestamp":"28/01/2026 09:08:10 pm"}
{"level":"error","message":{"method":"GET","path":"/api/wallet/transactions-admin?limit=10&page=1&search=&transactionType=","responseTime":"2ms","statusCode":404,"timestampIST":"28/1/2026, 9:08:12 pm","userId":null},"timestamp":"28/01/2026 09:08:12 pm"}
{"level":"error","message":{"method":"GET","path":"/api/Admin/AdminReport?limit=10&page=1&search=","responseTime":"9ms","statusCode":404,"timestampIST":"28/1/2026, 9:16:25 pm","userId":null},"timestamp":"28/01/2026 09:16:25 pm"}
{"level":"error","message":{"method":"GET","path":"/api/Admin/AdminReport?limit=10&page=1&search=","responseTime":"5ms","statusCode":404,"timestampIST":"28/1/2026, 9:16:52 pm","userId":null},"timestamp":"28/01/2026 09:16:52 pm"}
{"level":"error","message":{"method":"GET","path":"/api/Admin/dashboard_details","responseTime":"4ms","statusCode":404,"timestampIST":"28/1/2026, 9:16:58 pm","userId":null},"timestamp":"28/01/2026 09:16:58 pm"}
{"level":"error","message":{"method":"GET","path":"/api/Admin/AdminReport?limit=10&page=1&search=","responseTime":"13ms","statusCode":404,"timestampIST":"28/1/2026, 9:17:05 pm","userId":null},"timestamp":"28/01/2026 09:17:05 pm"}
{"level":"error","message":{"method":"GET","path":"/api/Admin/AdminReport?limit=10&page=1&search=","responseTime":"80ms","statusCode":404,"timestampIST":"28/1/2026, 9:17:18 pm","userId":null},"timestamp":"28/01/2026 09:17:18 pm"}
{"level":"error","message":{"method":"GET","path":"/api/Admin/AdminReport?limit=10&page=1&search=","responseTime":"393ms","statusCode":404,"timestampIST":"28/1/2026, 9:21:50 pm","userId":null},"timestamp":"28/01/2026 09:21:51 pm"}
{"level":"error","message":{"method":"GET","path":"/api/Admin/dashboard_details","responseTime":"43ms","statusCode":404,"timestampIST":"28/1/2026, 9:24:45 pm","userId":null},"timestamp":"28/01/2026 09:24:45 pm"}
{"level":"error","message":{"method":"GET","path":"/api/Admin/dashboard_details","responseTime":"8ms","statusCode":404,"timestampIST":"28/1/2026, 9:24:48 pm","userId":null},"timestamp":"28/01/2026 09:24:48 pm"}
{"level":"error","message":{"method":"GET","path":"/api/Admin/AdminReport?limit=10&page=1&search=","responseTime":"6ms","statusCode":404,"timestampIST":"28/1/2026, 9:29:54 pm","userId":null},"timestamp":"28/01/2026 09:29:54 pm"}
{"level":"error","message":{"method":"GET","path":"/api/Admin/AdminReport?limit=10&page=1&search=","responseTime":"12ms","statusCode":404,"timestampIST":"28/1/2026, 9:30:15 pm","userId":null},"timestamp":"28/01/2026 09:30:15 pm"}
{"level":"error","message":{"method":"GET","path":"/api/Admin/dashboard_details","responseTime":"3ms","statusCode":404,"timestampIST":"28/1/2026, 9:30:21 pm","userId":null},"timestamp":"28/01/2026 09:30:21 pm"}
{"level":"error","message":{"method":"GET","path":"/api/wallet/transactions-admin?limit=10&page=1&search=&transactionType=","responseTime":"6ms","statusCode":404,"timestampIST":"28/1/2026, 9:30:22 pm","userId":null},"timestamp":"28/01/2026 09:30:22 pm"}
{"level":"error","message":{"method":"GET","path":"/api/wallet/transactions-admin?limit=10&page=1&search=&transactionType=","responseTime":"28ms","statusCode":404,"timestampIST":"28/1/2026, 9:30:36 pm","userId":null},"timestamp":"28/01/2026 09:30:36 pm"}
{"level":"error","message":{"method":"POST","path":"/login","responseTime":"322ms","statusCode":400,"timestampIST":"28/1/2026, 9:31:49 pm","userId":null},"timestamp":"28/01/2026 09:31:49 pm"}
{"level":"error","message":{"method":"GET","path":"/details/KarrivoKarrivo0974KGAM5","responseTime":"80ms","statusCode":404,"timestampIST":"28/1/2026, 9:32:21 pm","userId":null},"timestamp":"28/01/2026 09:32:21 pm"}
{"level":"error","message":{"method":"GET","path":"/details/KarrivoKarrivo0974KGAM5","responseTime":"23ms","statusCode":404,"timestampIST":"28/1/2026, 9:32:53 pm","userId":null},"timestamp":"28/01/2026 09:32:53 pm"}
{"level":"error","message":{"method":"GET","path":"/details/KarrivoKarrivo0974KGAM5","responseTime":"13ms","statusCode":404,"timestampIST":"28/1/2026, 9:32:59 pm","userId":null},"timestamp":"28/01/2026 09:32:59 pm"}
{"level":"error","message":{"method":"GET","path":"/details/KarrivoKarrivo0974KGAM5","responseTime":"47ms","statusCode":404,"timestampIST":"28/1/2026, 9:34:30 pm","userId":null},"timestamp":"28/01/2026 09:34:30 pm"}
{"level":"error","message":{"method":"GET","path":"/details/KarrivoKarrivo0974KGAM5","responseTime":"475ms","statusCode":404,"timestampIST":"28/1/2026, 9:36:02 pm","userId":null},"timestamp":"28/01/2026 09:36:02 pm"}
{"level":"error","message":{"method":"GET","path":"/details/KarrivoKarrivo0974KGAM5","responseTime":"12ms","statusCode":404,"timestampIST":"28/1/2026, 9:36:28 pm","userId":null},"timestamp":"28/01/2026 09:36:28 pm"}
{"level":"error","message":{"method":"GET","path":"/api/Admin/dashboard_details","responseTime":"23ms","statusCode":404,"timestampIST":"28/1/2026, 9:38:08 pm","userId":null},"timestamp":"28/01/2026 09:38:08 pm"}
{"level":"error","message":{"method":"GET","path":"/api/Admin/AdminReport?limit=10&page=1&search=","responseTime":"367ms","statusCode":404,"timestampIST":"28/1/2026, 9:39:04 pm","userId":null},"timestamp":"28/01/2026 09:39:05 pm"}
{"level":"error","message":{"method":"GET","path":"/upcoming","responseTime":"105ms","statusCode":408,"timestampIST":"28/1/2026, 9:42:25 pm","userId":null},"timestamp":"28/01/2026 09:42:25 pm"}
{"level":"error","message":{"method":"GET","path":"/upcoming","responseTime":"6ms","statusCode":408,"timestampIST":"28/1/2026, 9:42:26 pm","userId":null},"timestamp":"28/01/2026 09:42:26 pm"}
{"level":"error","message":{"method":"GET","path":"/details/KarrivoKarrivo0974KGAM5","responseTime":"72ms","statusCode":404,"timestampIST":"28/1/2026, 10:08:11 pm","userId":null},"timestamp":"28/01/2026 10:08:11 pm"}
{"level":"error","message":{"method":"GET","path":"/details/KarrivoKarrivo0974KGAM5","responseTime":"9ms","statusCode":404,"timestampIST":"28/1/2026, 10:08:16 pm","userId":null},"timestamp":"28/01/2026 10:08:16 pm"}
{"level":"error","message":{"method":"POST","path":"/login","responseTime":"499ms","statusCode":400,"timestampIST":"28/1/2026, 10:10:50 pm","userId":null},"timestamp":"28/01/2026 10:10:50 pm"}
{"level":"error","message":{"method":"GET","path":"/details/KarrivoKarrivo0974KGAM5","responseTime":"53ms","statusCode":404,"timestampIST":"28/1/2026, 10:11:08 pm","userId":null},"timestamp":"28/01/2026 10:11:08 pm"}
{"level":"error","message":{"method":"GET","path":"/details/KarrivoKarrivo0974KGAM5","responseTime":"42ms","statusCode":404,"timestampIST":"28/1/2026, 10:11:15 pm","userId":null},"timestamp":"28/01/2026 10:11:15 pm"}
{"level":"error","message":{"method":"GET","path":"/api/Admin/AdminReport?limit=10&page=1&search=","responseTime":"22ms","statusCode":404,"timestampIST":"28/1/2026, 10:28:57 pm","userId":null},"timestamp":"28/01/2026 10:28:57 pm"}
{"level":"error","message":{"method":"GET","path":"/details/KarrivoKarrivo0974KGAM5","responseTime":"34ms","statusCode":404,"timestampIST":"28/1/2026, 10:30:16 pm","userId":null},"timestamp":"28/01/2026 10:30:16 pm"}
{"level":"error","message":{"method":"GET","path":"/details/KarrivoKarrivo0974KGAM5","responseTime":"370ms","statusCode":404,"timestampIST":"28/1/2026, 10:32:08 pm","userId":null},"timestamp":"28/01/2026 10:32:08 pm"}
{"level":"error","message":{"method":"GET","path":"/details/KarrivoKarrivo0974KGAM5","responseTime":"90ms","statusCode":404,"timestampIST":"28/1/2026, 10:32:17 pm","userId":null},"timestamp":"28/01/2026 10:32:17 pm"}
{"level":"error","message":{"method":"GET","path":"/upcoming","responseTime":"156ms","statusCode":408,"timestampIST":"28/1/2026, 10:38:17 pm","userId":null},"timestamp":"28/01/2026 10:38:18 pm"}
{"level":"error","message":{"method":"GET","path":"/upcoming","responseTime":"9ms","statusCode":408,"timestampIST":"28/1/2026, 10:38:18 pm","userId":null},"timestamp":"28/01/2026 10:38:18 pm"}
{"level":"error","message":{"method":"GET","path":"/upcoming","responseTime":"152ms","statusCode":408,"timestampIST":"28/1/2026, 11:00:30 pm","userId":null},"timestamp":"28/01/2026 11:00:30 pm"}
{"level":"error","message":{"method":"GET","path":"/upcoming","responseTime":"8ms","statusCode":408,"timestampIST":"28/1/2026, 11:00:30 pm","userId":null},"timestamp":"28/01/2026 11:00:30 pm"}
