{"level":"info","message":"MongoDB Connected (development)","timestamp":"26/01/2026 02:00:21 am"}
{"level":"info","message":"App Start on 10.118.109.137:3002 🖐","timestamp":"26/01/2026 02:00:21 am"}
{"level":"info","message":{"method":"GET","path":"/topmentors?limit=4","responseTime":"437ms","statusCode":200,"timestampIST":"26/1/2026, 2:06:36 am","userId":null},"timestamp":"26/01/2026 02:06:36 am"}
{"level":"info","message":{"method":"GET","path":"/topmentors?limit=4","responseTime":"228ms","statusCode":304,"timestampIST":"26/1/2026, 2:06:58 am","userId":null},"timestamp":"26/01/2026 02:06:58 am"}
{"level":"info","message":{"method":"GET","path":"/search?q=NaveenReddy","responseTime":"923ms","statusCode":200,"timestampIST":"26/1/2026, 2:07:30 am","userId":null},"timestamp":"26/01/2026 02:07:31 am"}
{"level":"info","message":{"method":"GET","path":"/search?q=kumar","responseTime":"1658ms","statusCode":200,"timestampIST":"26/1/2026, 2:08:50 am","userId":null},"timestamp":"26/01/2026 02:08:52 am"}
{"level":"info","message":{"method":"GET","path":"/search?q=project+manager","responseTime":"250ms","statusCode":200,"timestampIST":"26/1/2026, 2:09:19 am","userId":null},"timestamp":"26/01/2026 02:09:19 am"}
{"level":"info","message":{"method":"GET","path":"/search?q=Project+Manager","responseTime":"569ms","statusCode":200,"timestampIST":"26/1/2026, 2:09:37 am","userId":null},"timestamp":"26/01/2026 02:09:38 am"}
{"level":"info","message":"MongoDB Connected (development)","timestamp":"26/01/2026 02:12:17 am"}
{"level":"info","message":"App Start on 10.118.109.137:3002 🖐","timestamp":"26/01/2026 02:12:17 am"}
{"level":"info","message":{"method":"GET","path":"/search?q=Project+Manager","responseTime":"429ms","statusCode":304,"timestampIST":"26/1/2026, 2:12:29 am","userId":null},"timestamp":"26/01/2026 02:12:29 am"}
{"level":"info","message":{"method":"GET","path":"/search?q=kumar","responseTime":"146ms","statusCode":304,"timestampIST":"26/1/2026, 2:12:34 am","userId":null},"timestamp":"26/01/2026 02:12:34 am"}
{"level":"info","message":{"method":"GET","path":"/search?q=project","responseTime":"373ms","statusCode":200,"timestampIST":"26/1/2026, 2:12:40 am","userId":null},"timestamp":"26/01/2026 02:12:41 am"}
{"level":"info","message":{"method":"GET","path":"/search?q=hydera","responseTime":"124ms","statusCode":200,"timestampIST":"26/1/2026, 2:12:53 am","userId":null},"timestamp":"26/01/2026 02:12:53 am"}
{"level":"info","message":{"method":"GET","path":"/search?q=project+manager","responseTime":"225ms","statusCode":200,"timestampIST":"26/1/2026, 2:13:06 am","userId":null},"timestamp":"26/01/2026 02:13:06 am"}
{"level":"info","message":{"method":"GET","path":"/topmentors?limit=4","responseTime":"379ms","statusCode":304,"timestampIST":"26/1/2026, 2:14:49 am","userId":null},"timestamp":"26/01/2026 02:14:49 am"}
{"level":"info","message":{"method":"GET","path":"/search?q=kumar","responseTime":"266ms","statusCode":304,"timestampIST":"26/1/2026, 2:17:47 am","userId":null},"timestamp":"26/01/2026 02:17:47 am"}
{"level":"info","message":{"method":"GET","path":"/search?q=kumar","responseTime":"756ms","statusCode":304,"timestampIST":"26/1/2026, 2:19:15 am","userId":null},"timestamp":"26/01/2026 02:19:15 am"}
{"level":"info","message":{"method":"GET","path":"/search?q=prroject+manger","responseTime":"53ms","statusCode":200,"timestampIST":"26/1/2026, 2:19:24 am","userId":null},"timestamp":"26/01/2026 02:19:24 am"}
{"level":"info","message":{"method":"GET","path":"/search?q=project","responseTime":"58ms","statusCode":304,"timestampIST":"26/1/2026, 2:19:33 am","userId":null},"timestamp":"26/01/2026 02:19:33 am"}
{"level":"info","message":{"method":"GET","path":"/search?q=project","responseTime":"493ms","statusCode":304,"timestampIST":"26/1/2026, 2:21:11 am","userId":null},"timestamp":"26/01/2026 02:21:12 am"}
{"level":"info","message":{"method":"GET","path":"/search?q=project","responseTime":"2239ms","statusCode":304,"timestampIST":"26/1/2026, 2:23:00 am","userId":null},"timestamp":"26/01/2026 02:23:02 am"}
{"level":"info","message":{"method":"GET","path":"/search?q=kumar","responseTime":"449ms","statusCode":304,"timestampIST":"26/1/2026, 2:23:59 am","userId":null},"timestamp":"26/01/2026 02:23:59 am"}
{"level":"info","message":{"method":"GET","path":"/search?q=kumar","responseTime":"384ms","statusCode":304,"timestampIST":"26/1/2026, 2:26:19 am","userId":null},"timestamp":"26/01/2026 02:26:19 am"}
{"level":"info","message":{"method":"GET","path":"/search?q=project","responseTime":"58ms","statusCode":304,"timestampIST":"26/1/2026, 2:26:45 am","userId":null},"timestamp":"26/01/2026 02:26:45 am"}
{"level":"info","message":{"method":"GET","path":"/search?q=project","responseTime":"71ms","statusCode":304,"timestampIST":"26/1/2026, 2:27:24 am","userId":null},"timestamp":"26/01/2026 02:27:24 am"}
{"level":"info","message":{"method":"GET","path":"/search?q=project","responseTime":"87ms","statusCode":304,"timestampIST":"26/1/2026, 2:27:58 am","userId":null},"timestamp":"26/01/2026 02:27:58 am"}
{"level":"info","message":{"method":"GET","path":"/search?q=project","responseTime":"128ms","statusCode":304,"timestampIST":"26/1/2026, 2:28:01 am","userId":null},"timestamp":"26/01/2026 02:28:02 am"}
{"level":"info","message":{"method":"GET","path":"/search?q=project","responseTime":"86ms","statusCode":304,"timestampIST":"26/1/2026, 2:28:45 am","userId":null},"timestamp":"26/01/2026 02:28:45 am"}
{"level":"info","message":{"method":"GET","path":"/search?q=project","responseTime":"50ms","statusCode":304,"timestampIST":"26/1/2026, 2:28:46 am","userId":null},"timestamp":"26/01/2026 02:28:46 am"}
{"level":"info","message":{"method":"GET","path":"/search?q=project","responseTime":"124ms","statusCode":304,"timestampIST":"26/1/2026, 2:28:48 am","userId":null},"timestamp":"26/01/2026 02:28:48 am"}
{"level":"info","message":{"method":"GET","path":"/view/697646499a784c09bc0d9687","responseTime":"234ms","statusCode":200,"timestampIST":"26/1/2026, 2:28:51 am","userId":null},"timestamp":"26/01/2026 02:28:51 am"}
{"level":"info","message":{"method":"GET","path":"/search?q=project","responseTime":"33ms","statusCode":304,"timestampIST":"26/1/2026, 2:28:54 am","userId":null},"timestamp":"26/01/2026 02:28:54 am"}
{"level":"info","message":{"method":"GET","path":"/topmentors?limit=4","responseTime":"19ms","statusCode":304,"timestampIST":"26/1/2026, 2:29:00 am","userId":null},"timestamp":"26/01/2026 02:29:01 am"}
{"level":"info","message":{"method":"GET","path":"/topmentors?limit=4","responseTime":"164ms","statusCode":304,"timestampIST":"26/1/2026, 2:30:38 am","userId":null},"timestamp":"26/01/2026 02:30:38 am"}
{"level":"error","message":{"method":"GET","path":"/search?q=%5Bproject","responseTime":"98ms","statusCode":500,"timestampIST":"26/1/2026, 2:30:43 am","userId":null},"timestamp":"26/01/2026 02:30:43 am"}
{"level":"info","message":{"method":"GET","path":"/search?q=project","responseTime":"90ms","statusCode":304,"timestampIST":"26/1/2026, 2:30:47 am","userId":null},"timestamp":"26/01/2026 02:30:47 am"}
{"level":"info","message":{"method":"GET","path":"/search?q=manager","responseTime":"25ms","statusCode":200,"timestampIST":"26/1/2026, 2:30:52 am","userId":null},"timestamp":"26/01/2026 02:30:52 am"}
{"level":"info","message":{"method":"GET","path":"/search?q=reddy","responseTime":"11ms","statusCode":200,"timestampIST":"26/1/2026, 2:30:58 am","userId":null},"timestamp":"26/01/2026 02:30:58 am"}
{"level":"info","message":{"method":"GET","path":"/search?q=hyderabad","responseTime":"34ms","statusCode":200,"timestampIST":"26/1/2026, 2:31:06 am","userId":null},"timestamp":"26/01/2026 02:31:06 am"}
{"level":"info","message":{"method":"GET","path":"/search?q=react+js","responseTime":"9ms","statusCode":200,"timestampIST":"26/1/2026, 2:31:13 am","userId":null},"timestamp":"26/01/2026 02:31:13 am"}
{"level":"info","message":{"method":"GET","path":"/search?q=Product+Managers","responseTime":"16ms","statusCode":200,"timestampIST":"26/1/2026, 2:31:19 am","userId":null},"timestamp":"26/01/2026 02:31:19 am"}
{"level":"info","message":{"method":"GET","path":"/search?q=reddy","responseTime":"16ms","statusCode":304,"timestampIST":"26/1/2026, 2:31:31 am","userId":null},"timestamp":"26/01/2026 02:31:31 am"}
{"level":"info","message":{"method":"GET","path":"/view/6942f2dddef558ddd2df4977","responseTime":"30ms","statusCode":200,"timestampIST":"26/1/2026, 2:31:34 am","userId":null},"timestamp":"26/01/2026 02:31:34 am"}
{"level":"info","message":{"method":"GET","path":"/search?q=reddy","responseTime":"13ms","statusCode":304,"timestampIST":"26/1/2026, 2:31:37 am","userId":null},"timestamp":"26/01/2026 02:31:37 am"}
{"level":"info","message":{"method":"GET","path":"/topmentors?limit=4","responseTime":"5ms","statusCode":304,"timestampIST":"26/1/2026, 2:31:40 am","userId":null},"timestamp":"26/01/2026 02:31:40 am"}
{"level":"error","message":{"method":"POST","path":"/login","responseTime":"260ms","statusCode":400,"timestampIST":"26/1/2026, 2:31:52 am","userId":null},"timestamp":"26/01/2026 02:31:52 am"}
{"level":"info","message":{"method":"GET","path":"/view/697646499a784c09bc0d9687","responseTime":"25ms","statusCode":304,"timestampIST":"26/1/2026, 2:32:07 am","userId":null},"timestamp":"26/01/2026 02:32:07 am"}
{"level":"info","message":{"method":"GET","path":"/view/697646499a784c09bc0d9687","responseTime":"162ms","statusCode":304,"timestampIST":"26/1/2026, 2:34:51 am","userId":null},"timestamp":"26/01/2026 02:34:51 am"}
{"level":"error","message":{"method":"POST","path":"/login","responseTime":"42ms","statusCode":400,"timestampIST":"26/1/2026, 2:35:09 am","userId":null},"timestamp":"26/01/2026 02:35:09 am"}
{"level":"info","message":{"method":"POST","path":"/register","responseTime":"989ms","statusCode":200,"timestampIST":"26/1/2026, 2:36:16 am","userId":null},"timestamp":"26/01/2026 02:36:17 am"}
{"level":"info","message":{"method":"POST","path":"/isVerify","responseTime":"77ms","statusCode":200,"timestampIST":"26/1/2026, 2:36:30 am","userId":null},"timestamp":"26/01/2026 02:36:30 am"}
{"level":"error","message":{"method":"POST","path":"/login","responseTime":"7ms","statusCode":400,"timestampIST":"26/1/2026, 2:36:43 am","userId":null},"timestamp":"26/01/2026 02:36:43 am"}
{"level":"error","message":{"method":"POST","path":"/login","responseTime":"8ms","statusCode":400,"timestampIST":"26/1/2026, 2:37:00 am","userId":null},"timestamp":"26/01/2026 02:37:00 am"}
{"level":"info","message":{"method":"POST","path":"/login","responseTime":"310ms","statusCode":200,"timestampIST":"26/1/2026, 2:37:04 am","userId":null},"timestamp":"26/01/2026 02:37:04 am"}
{"level":"info","message":{"method":"GET","path":"/view/697646499a784c09bc0d9687","responseTime":"17ms","statusCode":304,"timestampIST":"26/1/2026, 2:37:06 am","userId":null},"timestamp":"26/01/2026 02:37:06 am"}
{"level":"info","message":"MongoDB Connected (development)","timestamp":"26/01/2026 02:40:09 am"}
{"level":"info","message":"App Start on 10.118.109.137:3002 🖐","timestamp":"26/01/2026 02:40:09 am"}
{"level":"info","message":"MongoDB Connected (development)","timestamp":"26/01/2026 02:44:46 am"}
{"level":"info","message":"App Start on 10.118.109.137:3002 🖐","timestamp":"26/01/2026 02:44:46 am"}
{"level":"info","message":"MongoDB Connected (development)","timestamp":"26/01/2026 02:45:48 am"}
{"level":"info","message":"App Start on 10.118.109.137:3002 🖐","timestamp":"26/01/2026 02:45:48 am"}
{"level":"info","message":"MongoDB Connected (development)","timestamp":"26/01/2026 02:46:41 am"}
{"level":"info","message":"App Start on 10.118.109.137:3002 🖐","timestamp":"26/01/2026 02:46:41 am"}
{"level":"info","message":"MongoDB Connected (development)","timestamp":"26/01/2026 02:48:02 am"}
{"level":"info","message":"App Start on 10.118.109.137:3002 🖐","timestamp":"26/01/2026 02:48:02 am"}
{"level":"info","message":"MongoDB Connected (development)","timestamp":"26/01/2026 02:48:27 am"}
{"level":"info","message":"App Start on 10.118.109.137:3002 🖐","timestamp":"26/01/2026 02:48:27 am"}
{"level":"info","message":"MongoDB Connected (development)","timestamp":"26/01/2026 02:48:42 am"}
{"level":"info","message":"App Start on 10.118.109.137:3002 🖐","timestamp":"26/01/2026 02:48:42 am"}
{"level":"info","message":"MongoDB Connected (development)","timestamp":"26/01/2026 02:48:56 am"}
{"level":"info","message":"App Start on 10.118.109.137:3002 🖐","timestamp":"26/01/2026 02:48:56 am"}
{"level":"info","message":"MongoDB Connected (development)","timestamp":"26/01/2026 02:49:11 am"}
{"level":"info","message":"App Start on 10.118.109.137:3002 🖐","timestamp":"26/01/2026 02:49:11 am"}
{"level":"error","message":{"method":"POST","path":"/check-free-session","responseTime":"156ms","statusCode":500,"timestampIST":"26/1/2026, 2:49:55 am","userId":null},"timestamp":"26/01/2026 02:49:55 am"}
{"level":"info","message":"MongoDB Connected (development)","timestamp":"26/01/2026 02:50:46 am"}
{"level":"info","message":"App Start on 10.118.109.137:3002 🖐","timestamp":"26/01/2026 02:50:46 am"}
{"level":"info","message":{"method":"GET","path":"/view/697646499a784c09bc0d9687","responseTime":"425ms","statusCode":304,"timestampIST":"26/1/2026, 2:53:22 am","userId":null},"timestamp":"26/01/2026 02:53:22 am"}
{"level":"error","message":{"method":"POST","path":"/check-free-session","responseTime":"39ms","statusCode":500,"timestampIST":"26/1/2026, 2:53:23 am","userId":null},"timestamp":"26/01/2026 02:53:23 am"}
{"level":"info","message":{"method":"GET","path":"/view/697646499a784c09bc0d9687","responseTime":"16ms","statusCode":304,"timestampIST":"26/1/2026, 2:53:29 am","userId":null},"timestamp":"26/01/2026 02:53:29 am"}
{"level":"error","message":{"method":"POST","path":"/check-free-session","responseTime":"17ms","statusCode":500,"timestampIST":"26/1/2026, 2:53:29 am","userId":null},"timestamp":"26/01/2026 02:53:29 am"}
{"level":"info","message":"MongoDB Connected (development)","timestamp":"26/01/2026 02:54:14 am"}
{"level":"info","message":"App Start on 10.118.109.137:3002 🖐","timestamp":"26/01/2026 02:54:14 am"}
{"level":"info","message":"MongoDB Connected (development)","timestamp":"26/01/2026 02:54:39 am"}
{"level":"info","message":"App Start on 10.118.109.137:3002 🖐","timestamp":"26/01/2026 02:54:39 am"}
{"level":"info","message":"MongoDB Connected (development)","timestamp":"26/01/2026 02:55:46 am"}
{"level":"info","message":"App Start on 10.118.109.137:3002 🖐","timestamp":"26/01/2026 02:55:46 am"}
{"level":"info","message":{"method":"GET","path":"/view/697646499a784c09bc0d9687","responseTime":"207ms","statusCode":304,"timestampIST":"26/1/2026, 2:55:52 am","userId":null},"timestamp":"26/01/2026 02:55:52 am"}
{"level":"error","message":{"method":"POST","path":"/check-free-session","responseTime":"38ms","statusCode":500,"timestampIST":"26/1/2026, 2:55:53 am","userId":null},"timestamp":"26/01/2026 02:55:53 am"}
{"level":"info","message":"MongoDB Connected (development)","timestamp":"26/01/2026 02:56:55 am"}
{"level":"info","message":"App Start on 10.118.109.137:3002 🖐","timestamp":"26/01/2026 02:56:55 am"}
{"level":"info","message":{"method":"GET","path":"/view/697646499a784c09bc0d9687","responseTime":"429ms","statusCode":304,"timestampIST":"26/1/2026, 2:58:38 am","userId":null},"timestamp":"26/01/2026 02:58:39 am"}
{"level":"error","message":{"method":"POST","path":"/check-free-session","responseTime":"99ms","statusCode":500,"timestampIST":"26/1/2026, 2:58:39 am","userId":null},"timestamp":"26/01/2026 02:58:39 am"}
{"level":"info","message":"MongoDB Connected (development)","timestamp":"26/01/2026 02:58:53 am"}
{"level":"info","message":"App Start on 10.118.109.137:3002 🖐","timestamp":"26/01/2026 02:58:53 am"}
{"level":"info","message":{"method":"GET","path":"/view/697646499a784c09bc0d9687","responseTime":"45ms","statusCode":304,"timestampIST":"26/1/2026, 2:58:56 am","userId":null},"timestamp":"26/01/2026 02:58:56 am"}
{"level":"info","message":{"method":"POST","path":"/check-free-session","responseTime":"36ms","statusCode":200,"timestampIST":"26/1/2026, 2:58:57 am","userId":null},"timestamp":"26/01/2026 02:58:57 am"}
{"level":"info","message":"MongoDB Connected (development)","timestamp":"26/01/2026 03:00:30 am"}
{"level":"info","message":"App Start on 10.118.109.137:3002 🖐","timestamp":"26/01/2026 03:00:30 am"}
{"level":"info","message":{"method":"GET","path":"/view/697646499a784c09bc0d9687","responseTime":"102ms","statusCode":304,"timestampIST":"26/1/2026, 3:00:50 am","userId":null},"timestamp":"26/01/2026 03:00:50 am"}
{"level":"info","message":{"method":"POST","path":"/check-free-session","responseTime":"30ms","statusCode":200,"timestampIST":"26/1/2026, 3:00:50 am","userId":null},"timestamp":"26/01/2026 03:00:50 am"}
{"level":"info","message":{"method":"GET","path":"/view/697646499a784c09bc0d9687","responseTime":"176ms","statusCode":304,"timestampIST":"26/1/2026, 3:01:41 am","userId":null},"timestamp":"26/01/2026 03:01:41 am"}
{"level":"info","message":{"method":"POST","path":"/check-free-session","responseTime":"78ms","statusCode":200,"timestampIST":"26/1/2026, 3:01:41 am","userId":null},"timestamp":"26/01/2026 03:01:41 am"}
{"level":"error","message":{"method":"POST","path":"/bookings_session","responseTime":"20ms","statusCode":400,"timestampIST":"26/1/2026, 3:01:52 am","userId":null},"timestamp":"26/01/2026 03:01:52 am"}
{"level":"info","message":{"method":"POST","path":"/check-free-session","responseTime":"18ms","statusCode":200,"timestampIST":"26/1/2026, 3:01:52 am","userId":null},"timestamp":"26/01/2026 03:01:52 am"}
{"level":"error","message":{"method":"POST","path":"/bookings_session","responseTime":"3ms","statusCode":400,"timestampIST":"26/1/2026, 3:02:11 am","userId":null},"timestamp":"26/01/2026 03:02:11 am"}
{"level":"info","message":{"method":"POST","path":"/check-free-session","responseTime":"15ms","statusCode":200,"timestampIST":"26/1/2026, 3:02:11 am","userId":null},"timestamp":"26/01/2026 03:02:11 am"}
{"level":"info","message":"MongoDB Connected (development)","timestamp":"26/01/2026 03:02:52 am"}
{"level":"info","message":"App Start on 10.118.109.137:3002 🖐","timestamp":"26/01/2026 03:02:52 am"}
{"level":"info","message":{"method":"GET","path":"/view/697646499a784c09bc0d9687","responseTime":"153ms","statusCode":304,"timestampIST":"26/1/2026, 3:03:01 am","userId":null},"timestamp":"26/01/2026 03:03:01 am"}
{"level":"info","message":{"method":"POST","path":"/check-free-session","responseTime":"27ms","statusCode":200,"timestampIST":"26/1/2026, 3:03:01 am","userId":null},"timestamp":"26/01/2026 03:03:01 am"}
{"level":"error","message":{"method":"POST","path":"/bookings_session","responseTime":"8ms","statusCode":500,"timestampIST":"26/1/2026, 3:03:14 am","userId":null},"timestamp":"26/01/2026 03:03:14 am"}
{"level":"info","message":{"method":"POST","path":"/check-free-session","responseTime":"14ms","statusCode":200,"timestampIST":"26/1/2026, 3:03:14 am","userId":null},"timestamp":"26/01/2026 03:03:14 am"}
{"level":"info","message":"MongoDB Connected (development)","timestamp":"26/01/2026 03:03:44 am"}
{"level":"info","message":"App Start on 10.118.109.137:3002 🖐","timestamp":"26/01/2026 03:03:44 am"}
{"level":"info","message":{"method":"GET","path":"/view/697646499a784c09bc0d9687","responseTime":"79ms","statusCode":304,"timestampIST":"26/1/2026, 3:03:45 am","userId":null},"timestamp":"26/01/2026 03:03:45 am"}
{"level":"info","message":{"method":"POST","path":"/check-free-session","responseTime":"40ms","statusCode":200,"timestampIST":"26/1/2026, 3:03:46 am","userId":null},"timestamp":"26/01/2026 03:03:46 am"}
{"level":"info","message":{"method":"GET","path":"/view/697646499a784c09bc0d9687","responseTime":"48ms","statusCode":304,"timestampIST":"26/1/2026, 3:04:01 am","userId":null},"timestamp":"26/01/2026 03:04:01 am"}
{"level":"info","message":{"method":"POST","path":"/check-free-session","responseTime":"79ms","statusCode":200,"timestampIST":"26/1/2026, 3:04:01 am","userId":null},"timestamp":"26/01/2026 03:04:01 am"}
{"level":"error","message":{"method":"POST","path":"/bookings_session","responseTime":"1550ms","statusCode":500,"timestampIST":"26/1/2026, 3:04:21 am","userId":null},"timestamp":"26/01/2026 03:04:23 am"}
{"level":"info","message":{"method":"POST","path":"/check-free-session","responseTime":"10ms","statusCode":200,"timestampIST":"26/1/2026, 3:04:23 am","userId":null},"timestamp":"26/01/2026 03:04:23 am"}
{"level":"info","message":"MongoDB Connected (development)","timestamp":"26/01/2026 03:05:15 am"}
{"level":"info","message":"App Start on 10.118.109.137:3002 🖐","timestamp":"26/01/2026 03:05:15 am"}
{"level":"info","message":"MongoDB Connected (development)","timestamp":"26/01/2026 03:05:33 am"}
{"level":"info","message":"App Start on 10.118.109.137:3002 🖐","timestamp":"26/01/2026 03:05:33 am"}
{"level":"info","message":{"method":"GET","path":"/view/697646499a784c09bc0d9687","responseTime":"315ms","statusCode":304,"timestampIST":"26/1/2026, 3:05:34 am","userId":null},"timestamp":"26/01/2026 03:05:34 am"}
{"level":"info","message":{"method":"POST","path":"/check-free-session","responseTime":"30ms","statusCode":200,"timestampIST":"26/1/2026, 3:05:35 am","userId":null},"timestamp":"26/01/2026 03:05:35 am"}
{"level":"info","message":{"method":"GET","path":"/view/697646499a784c09bc0d9687","responseTime":"15ms","statusCode":304,"timestampIST":"26/1/2026, 3:05:46 am","userId":null},"timestamp":"26/01/2026 03:05:46 am"}
{"level":"info","message":{"method":"POST","path":"/check-free-session","responseTime":"15ms","statusCode":200,"timestampIST":"26/1/2026, 3:05:47 am","userId":null},"timestamp":"26/01/2026 03:05:47 am"}
{"level":"info","message":{"method":"GET","path":"/view/697646499a784c09bc0d9687","responseTime":"27ms","statusCode":304,"timestampIST":"26/1/2026, 3:06:06 am","userId":null},"timestamp":"26/01/2026 03:06:06 am"}
{"level":"info","message":{"method":"POST","path":"/check-free-session","responseTime":"27ms","statusCode":200,"timestampIST":"26/1/2026, 3:06:06 am","userId":null},"timestamp":"26/01/2026 03:06:06 am"}
{"level":"info","message":{"method":"GET","path":"/view/697646499a784c09bc0d9687","responseTime":"25ms","statusCode":304,"timestampIST":"26/1/2026, 3:06:14 am","userId":null},"timestamp":"26/01/2026 03:06:14 am"}
{"level":"info","message":{"method":"POST","path":"/check-free-session","responseTime":"18ms","statusCode":200,"timestampIST":"26/1/2026, 3:06:15 am","userId":null},"timestamp":"26/01/2026 03:06:15 am"}
{"level":"info","message":{"method":"POST","path":"/bookings_session","responseTime":"1896ms","statusCode":201,"timestampIST":"26/1/2026, 3:06:25 am","userId":null},"timestamp":"26/01/2026 03:06:27 am"}
{"level":"info","message":{"method":"POST","path":"/check-free-session","responseTime":"10ms","statusCode":200,"timestampIST":"26/1/2026, 3:06:27 am","userId":null},"timestamp":"26/01/2026 03:06:27 am"}
{"level":"info","message":{"method":"GET","path":"/view/697646499a784c09bc0d9687","responseTime":"298ms","statusCode":304,"timestampIST":"26/1/2026, 3:09:50 am","userId":null},"timestamp":"26/01/2026 03:09:51 am"}
{"level":"info","message":{"method":"POST","path":"/check-free-session","responseTime":"159ms","statusCode":200,"timestampIST":"26/1/2026, 3:09:51 am","userId":null},"timestamp":"26/01/2026 03:09:51 am"}
{"level":"info","message":{"method":"GET","path":"/topmentors?limit=4","responseTime":"286ms","statusCode":304,"timestampIST":"26/1/2026, 3:10:44 am","userId":null},"timestamp":"26/01/2026 03:10:44 am"}
{"level":"info","message":{"method":"GET","path":"/topmentors?limit=4","responseTime":"21ms","statusCode":304,"timestampIST":"26/1/2026, 3:10:46 am","userId":null},"timestamp":"26/01/2026 03:10:46 am"}
{"level":"info","message":{"method":"GET","path":"/topmentors?limit=4","responseTime":"24ms","statusCode":304,"timestampIST":"26/1/2026, 3:10:52 am","userId":null},"timestamp":"26/01/2026 03:10:52 am"}
{"level":"error","message":{"method":"GET","path":"/details/KarrivoKarrivo0974KGAM5","responseTime":"262ms","statusCode":404,"timestampIST":"26/1/2026, 3:11:57 am","userId":null},"timestamp":"26/01/2026 03:11:57 am"}
{"level":"info","message":{"method":"GET","path":"/view/697646499a784c09bc0d9687","responseTime":"77ms","statusCode":304,"timestampIST":"26/1/2026, 3:12:07 am","userId":null},"timestamp":"26/01/2026 03:12:07 am"}
{"level":"info","message":{"method":"POST","path":"/check-free-session","responseTime":"63ms","statusCode":200,"timestampIST":"26/1/2026, 3:12:08 am","userId":null},"timestamp":"26/01/2026 03:12:08 am"}
{"level":"info","message":{"method":"POST","path":"/bookings_session","responseTime":"2133ms","statusCode":201,"timestampIST":"26/1/2026, 3:12:18 am","userId":null},"timestamp":"26/01/2026 03:12:20 am"}
{"level":"info","message":{"method":"POST","path":"/check-free-session","responseTime":"15ms","statusCode":200,"timestampIST":"26/1/2026, 3:12:20 am","userId":null},"timestamp":"26/01/2026 03:12:21 am"}
{"level":"info","message":{"method":"GET","path":"/view/697646499a784c09bc0d9687","responseTime":"284ms","statusCode":304,"timestampIST":"26/1/2026, 3:17:44 am","userId":null},"timestamp":"26/01/2026 03:17:44 am"}
{"level":"info","message":{"method":"POST","path":"/check-free-session","responseTime":"112ms","statusCode":200,"timestampIST":"26/1/2026, 3:17:44 am","userId":null},"timestamp":"26/01/2026 03:17:44 am"}
{"level":"info","message":{"method":"GET","path":"/view/697646499a784c09bc0d9687","responseTime":"30ms","statusCode":304,"timestampIST":"26/1/2026, 3:18:38 am","userId":null},"timestamp":"26/01/2026 03:18:38 am"}
{"level":"info","message":{"method":"POST","path":"/check-free-session","responseTime":"20ms","statusCode":200,"timestampIST":"26/1/2026, 3:18:38 am","userId":null},"timestamp":"26/01/2026 03:18:38 am"}
{"level":"info","message":{"method":"GET","path":"/view/697646499a784c09bc0d9687","responseTime":"16ms","statusCode":304,"timestampIST":"26/1/2026, 3:18:44 am","userId":null},"timestamp":"26/01/2026 03:18:44 am"}
{"level":"info","message":{"method":"POST","path":"/check-free-session","responseTime":"24ms","statusCode":200,"timestampIST":"26/1/2026, 3:18:44 am","userId":null},"timestamp":"26/01/2026 03:18:44 am"}
{"level":"error","message":{"method":"POST","path":"/bookings_session","responseTime":"99ms","statusCode":400,"timestampIST":"26/1/2026, 3:18:54 am","userId":null},"timestamp":"26/01/2026 03:18:54 am"}
{"level":"info","message":{"method":"POST","path":"/check-free-session","responseTime":"13ms","statusCode":200,"timestampIST":"26/1/2026, 3:18:54 am","userId":null},"timestamp":"26/01/2026 03:18:54 am"}
{"level":"info","message":{"method":"POST","path":"/bookings_session","responseTime":"1589ms","statusCode":201,"timestampIST":"26/1/2026, 3:19:12 am","userId":null},"timestamp":"26/01/2026 03:19:14 am"}
{"level":"info","message":{"method":"POST","path":"/check-free-session","responseTime":"9ms","statusCode":200,"timestampIST":"26/1/2026, 3:19:14 am","userId":null},"timestamp":"26/01/2026 03:19:14 am"}
{"level":"info","message":{"method":"GET","path":"/topmentors?limit=4","responseTime":"12ms","statusCode":304,"timestampIST":"26/1/2026, 3:19:14 am","userId":null},"timestamp":"26/01/2026 03:19:14 am"}
{"level":"info","message":{"method":"GET","path":"/topmentors?limit=4","responseTime":"241ms","statusCode":304,"timestampIST":"26/1/2026, 3:21:53 am","userId":null},"timestamp":"26/01/2026 03:21:53 am"}
{"level":"info","message":{"method":"GET","path":"/topmentors?limit=4","responseTime":"47ms","statusCode":304,"timestampIST":"26/1/2026, 3:22:41 am","userId":null},"timestamp":"26/01/2026 03:22:41 am"}
{"level":"info","message":{"method":"GET","path":"/view/697646499a784c09bc0d9687","responseTime":"79ms","statusCode":304,"timestampIST":"26/1/2026, 3:22:46 am","userId":null},"timestamp":"26/01/2026 03:22:46 am"}
{"level":"info","message":{"method":"POST","path":"/check-free-session","responseTime":"62ms","statusCode":200,"timestampIST":"26/1/2026, 3:22:47 am","userId":null},"timestamp":"26/01/2026 03:22:47 am"}
{"level":"info","message":{"method":"POST","path":"/bookings_session","responseTime":"1568ms","statusCode":201,"timestampIST":"26/1/2026, 3:23:03 am","userId":null},"timestamp":"26/01/2026 03:23:04 am"}
{"level":"info","message":{"method":"POST","path":"/check-free-session","responseTime":"15ms","statusCode":200,"timestampIST":"26/1/2026, 3:23:04 am","userId":null},"timestamp":"26/01/2026 03:23:04 am"}
{"level":"info","message":{"method":"GET","path":"/topmentors?limit=4","responseTime":"3313ms","statusCode":304,"timestampIST":"26/1/2026, 3:24:08 am","userId":null},"timestamp":"26/01/2026 03:24:11 am"}
{"level":"info","message":{"method":"GET","path":"/view/697646499a784c09bc0d9687","responseTime":"198ms","statusCode":304,"timestampIST":"26/1/2026, 3:24:14 am","userId":null},"timestamp":"26/01/2026 03:24:14 am"}
{"level":"info","message":{"method":"POST","path":"/check-free-session","responseTime":"214ms","statusCode":200,"timestampIST":"26/1/2026, 3:24:14 am","userId":null},"timestamp":"26/01/2026 03:24:14 am"}
{"level":"info","message":{"method":"POST","path":"/bookings_session","responseTime":"1593ms","statusCode":201,"timestampIST":"26/1/2026, 3:24:22 am","userId":null},"timestamp":"26/01/2026 03:24:24 am"}
{"level":"info","message":{"method":"POST","path":"/check-free-session","responseTime":"5ms","statusCode":200,"timestampIST":"26/1/2026, 3:24:24 am","userId":null},"timestamp":"26/01/2026 03:24:24 am"}
{"level":"info","message":{"method":"GET","path":"/topmentors?limit=4","responseTime":"12ms","statusCode":304,"timestampIST":"26/1/2026, 3:24:40 am","userId":null},"timestamp":"26/01/2026 03:24:40 am"}
{"level":"info","message":{"method":"GET","path":"/view/697646499a784c09bc0d9687","responseTime":"26ms","statusCode":304,"timestampIST":"26/1/2026, 3:24:59 am","userId":null},"timestamp":"26/01/2026 03:24:59 am"}
{"level":"info","message":{"method":"POST","path":"/check-free-session","responseTime":"20ms","statusCode":200,"timestampIST":"26/1/2026, 3:25:00 am","userId":null},"timestamp":"26/01/2026 03:25:00 am"}
{"level":"info","message":{"method":"GET","path":"/view/697646499a784c09bc0d9687","responseTime":"10ms","statusCode":304,"timestampIST":"26/1/2026, 3:25:31 am","userId":null},"timestamp":"26/01/2026 03:25:31 am"}
{"level":"info","message":{"method":"POST","path":"/check-free-session","responseTime":"22ms","statusCode":200,"timestampIST":"26/1/2026, 3:25:31 am","userId":null},"timestamp":"26/01/2026 03:25:31 am"}
{"level":"info","message":{"method":"GET","path":"/view/697646499a784c09bc0d9687","responseTime":"14ms","statusCode":304,"timestampIST":"26/1/2026, 3:25:36 am","userId":null},"timestamp":"26/01/2026 03:25:36 am"}
{"level":"info","message":{"method":"POST","path":"/check-free-session","responseTime":"23ms","statusCode":200,"timestampIST":"26/1/2026, 3:25:37 am","userId":null},"timestamp":"26/01/2026 03:25:37 am"}
{"level":"info","message":{"method":"GET","path":"/view/697646499a784c09bc0d9687","responseTime":"619ms","statusCode":304,"timestampIST":"26/1/2026, 3:26:16 am","userId":null},"timestamp":"26/01/2026 03:26:17 am"}
{"level":"info","message":{"method":"POST","path":"/check-free-session","responseTime":"111ms","statusCode":200,"timestampIST":"26/1/2026, 3:26:17 am","userId":null},"timestamp":"26/01/2026 03:26:17 am"}
{"level":"info","message":{"method":"GET","path":"/view/697646499a784c09bc0d9687","responseTime":"90ms","statusCode":304,"timestampIST":"26/1/2026, 3:26:49 am","userId":null},"timestamp":"26/01/2026 03:26:49 am"}
{"level":"info","message":{"method":"POST","path":"/check-free-session","responseTime":"177ms","statusCode":200,"timestampIST":"26/1/2026, 3:26:49 am","userId":null},"timestamp":"26/01/2026 03:26:49 am"}
{"level":"info","message":{"method":"POST","path":"/bookings_session","responseTime":"1603ms","statusCode":201,"timestampIST":"26/1/2026, 3:27:01 am","userId":null},"timestamp":"26/01/2026 03:27:03 am"}
{"level":"info","message":{"method":"POST","path":"/check-free-session","responseTime":"20ms","statusCode":200,"timestampIST":"26/1/2026, 3:27:03 am","userId":null},"timestamp":"26/01/2026 03:27:03 am"}
{"level":"info","message":{"method":"GET","path":"/view/697646499a784c09bc0d9687","responseTime":"278ms","statusCode":304,"timestampIST":"26/1/2026, 3:28:10 am","userId":null},"timestamp":"26/01/2026 03:28:10 am"}
{"level":"info","message":{"method":"POST","path":"/check-free-session","responseTime":"336ms","statusCode":200,"timestampIST":"26/1/2026, 3:28:11 am","userId":null},"timestamp":"26/01/2026 03:28:11 am"}
{"level":"info","message":{"method":"GET","path":"/view/697646499a784c09bc0d9687","responseTime":"42ms","statusCode":304,"timestampIST":"26/1/2026, 3:28:32 am","userId":null},"timestamp":"26/01/2026 03:28:33 am"}
{"level":"info","message":{"method":"POST","path":"/check-free-session","responseTime":"169ms","statusCode":200,"timestampIST":"26/1/2026, 3:28:33 am","userId":null},"timestamp":"26/01/2026 03:28:33 am"}
{"level":"info","message":{"method":"POST","path":"/bookings_session","responseTime":"1876ms","statusCode":201,"timestampIST":"26/1/2026, 3:28:45 am","userId":null},"timestamp":"26/01/2026 03:28:47 am"}
{"level":"info","message":{"method":"POST","path":"/check-free-session","responseTime":"7ms","statusCode":200,"timestampIST":"26/1/2026, 3:28:47 am","userId":null},"timestamp":"26/01/2026 03:28:47 am"}
{"level":"info","message":"MongoDB Connected (development)","timestamp":"26/01/2026 03:29:50 am"}
{"level":"info","message":"App Start on 10.118.109.137:3002 🖐","timestamp":"26/01/2026 03:29:50 am"}
{"level":"info","message":{"method":"GET","path":"/view/697646499a784c09bc0d9687","responseTime":"379ms","statusCode":304,"timestampIST":"26/1/2026, 3:30:02 am","userId":null},"timestamp":"26/01/2026 03:30:02 am"}
{"level":"info","message":{"method":"POST","path":"/check-free-session","responseTime":"45ms","statusCode":200,"timestampIST":"26/1/2026, 3:30:03 am","userId":null},"timestamp":"26/01/2026 03:30:03 am"}
{"level":"info","message":{"method":"GET","path":"/view/697646499a784c09bc0d9687","responseTime":"553ms","statusCode":304,"timestampIST":"26/1/2026, 3:30:35 am","userId":null},"timestamp":"26/01/2026 03:30:35 am"}
{"level":"info","message":{"method":"POST","path":"/check-free-session","responseTime":"56ms","statusCode":200,"timestampIST":"26/1/2026, 3:30:36 am","userId":null},"timestamp":"26/01/2026 03:30:36 am"}
{"level":"info","message":{"method":"POST","path":"/bookings_session","responseTime":"2084ms","statusCode":201,"timestampIST":"26/1/2026, 3:30:44 am","userId":null},"timestamp":"26/01/2026 03:30:46 am"}
{"level":"info","message":{"method":"POST","path":"/check-free-session","responseTime":"18ms","statusCode":200,"timestampIST":"26/1/2026, 3:30:46 am","userId":null},"timestamp":"26/01/2026 03:30:46 am"}
{"level":"info","message":"MongoDB Connected (development)","timestamp":"26/01/2026 03:31:47 am"}
{"level":"info","message":"App Start on 10.118.109.137:3002 🖐","timestamp":"26/01/2026 03:31:47 am"}
{"level":"info","message":"MongoDB Connected (development)","timestamp":"26/01/2026 03:33:08 am"}
{"level":"info","message":"App Start on 10.118.109.137:3002 🖐","timestamp":"26/01/2026 03:33:08 am"}
{"level":"info","message":"MongoDB Connected (development)","timestamp":"26/01/2026 03:33:55 am"}
{"level":"info","message":"App Start on 10.118.109.137:3002 🖐","timestamp":"26/01/2026 03:33:55 am"}
{"level":"info","message":{"method":"GET","path":"/topmentors?limit=4","responseTime":"302ms","statusCode":304,"timestampIST":"26/1/2026, 3:33:56 am","userId":null},"timestamp":"26/01/2026 03:33:56 am"}
{"level":"info","message":{"method":"GET","path":"/topmentors?limit=4","responseTime":"21ms","statusCode":304,"timestampIST":"26/1/2026, 3:33:59 am","userId":null},"timestamp":"26/01/2026 03:33:59 am"}
{"level":"info","message":{"method":"GET","path":"/view/697646499a784c09bc0d9687","responseTime":"73ms","statusCode":304,"timestampIST":"26/1/2026, 3:34:03 am","userId":null},"timestamp":"26/01/2026 03:34:03 am"}
{"level":"info","message":{"method":"POST","path":"/check-free-session","responseTime":"47ms","statusCode":200,"timestampIST":"26/1/2026, 3:34:03 am","userId":null},"timestamp":"26/01/2026 03:34:03 am"}
{"level":"info","message":{"method":"POST","path":"/bookings_session","responseTime":"1679ms","statusCode":201,"timestampIST":"26/1/2026, 3:34:19 am","userId":null},"timestamp":"26/01/2026 03:34:21 am"}
{"level":"info","message":{"method":"POST","path":"/check-free-session","responseTime":"13ms","statusCode":200,"timestampIST":"26/1/2026, 3:34:21 am","userId":null},"timestamp":"26/01/2026 03:34:21 am"}
{"level":"info","message":{"method":"POST","path":"/bookings_session","responseTime":"1663ms","statusCode":201,"timestampIST":"26/1/2026, 3:34:38 am","userId":null},"timestamp":"26/01/2026 03:34:40 am"}
{"level":"info","message":{"method":"POST","path":"/check-free-session","responseTime":"12ms","statusCode":200,"timestampIST":"26/1/2026, 3:34:40 am","userId":null},"timestamp":"26/01/2026 03:34:40 am"}
{"level":"info","message":{"method":"GET","path":"/view/697646499a784c09bc0d9687","responseTime":"324ms","statusCode":304,"timestampIST":"26/1/2026, 3:36:49 am","userId":null},"timestamp":"26/01/2026 03:36:49 am"}
{"level":"info","message":{"method":"POST","path":"/check-free-session","responseTime":"114ms","statusCode":200,"timestampIST":"26/1/2026, 3:36:49 am","userId":null},"timestamp":"26/01/2026 03:36:50 am"}
{"level":"error","message":{"method":"POST","path":"/bookings_session","responseTime":"514ms","statusCode":400,"timestampIST":"26/1/2026, 3:37:22 am","userId":null},"timestamp":"26/01/2026 03:37:22 am"}
{"level":"info","message":{"method":"POST","path":"/check-free-session","responseTime":"37ms","statusCode":200,"timestampIST":"26/1/2026, 3:37:22 am","userId":null},"timestamp":"26/01/2026 03:37:22 am"}
{"level":"error","message":{"method":"POST","path":"/bookings_session","responseTime":"31ms","statusCode":400,"timestampIST":"26/1/2026, 3:37:31 am","userId":null},"timestamp":"26/01/2026 03:37:31 am"}
{"level":"info","message":{"method":"POST","path":"/check-free-session","responseTime":"19ms","statusCode":200,"timestampIST":"26/1/2026, 3:37:31 am","userId":null},"timestamp":"26/01/2026 03:37:31 am"}
{"level":"info","message":{"method":"POST","path":"/bookings_session","responseTime":"2440ms","statusCode":201,"timestampIST":"26/1/2026, 3:37:39 am","userId":null},"timestamp":"26/01/2026 03:37:41 am"}
{"level":"info","message":{"method":"POST","path":"/check-free-session","responseTime":"6ms","statusCode":200,"timestampIST":"26/1/2026, 3:37:41 am","userId":null},"timestamp":"26/01/2026 03:37:41 am"}
{"level":"info","message":"MongoDB Connected (development)","timestamp":"26/01/2026 03:41:55 am"}
{"level":"info","message":"App Start on 10.118.109.137:3002 🖐","timestamp":"26/01/2026 03:41:55 am"}
{"level":"info","message":"MongoDB Connected (development)","timestamp":"26/01/2026 03:43:41 am"}
{"level":"info","message":"App Start on 10.118.109.137:3002 🖐","timestamp":"26/01/2026 03:43:42 am"}
{"level":"info","message":{"method":"GET","path":"/view/697646499a784c09bc0d9687","responseTime":"198ms","statusCode":304,"timestampIST":"26/1/2026, 3:43:53 am","userId":null},"timestamp":"26/01/2026 03:43:54 am"}
{"level":"info","message":{"method":"POST","path":"/check-free-session","responseTime":"56ms","statusCode":200,"timestampIST":"26/1/2026, 3:43:54 am","userId":null},"timestamp":"26/01/2026 03:43:54 am"}
{"level":"info","message":{"method":"GET","path":"/view/697646499a784c09bc0d9687","responseTime":"20ms","statusCode":304,"timestampIST":"26/1/2026, 3:43:57 am","userId":null},"timestamp":"26/01/2026 03:43:57 am"}
{"level":"info","message":{"method":"POST","path":"/check-free-session","responseTime":"48ms","statusCode":200,"timestampIST":"26/1/2026, 3:43:57 am","userId":null},"timestamp":"26/01/2026 03:43:57 am"}
{"level":"error","message":{"method":"POST","path":"/bookings_session","responseTime":"385ms","statusCode":400,"timestampIST":"26/1/2026, 3:44:13 am","userId":null},"timestamp":"26/01/2026 03:44:13 am"}
{"level":"info","message":{"method":"POST","path":"/check-free-session","responseTime":"30ms","statusCode":200,"timestampIST":"26/1/2026, 3:44:13 am","userId":null},"timestamp":"26/01/2026 03:44:13 am"}
{"level":"info","message":{"method":"POST","path":"/bookings_session","responseTime":"321ms","statusCode":201,"timestampIST":"26/1/2026, 3:44:34 am","userId":null},"timestamp":"26/01/2026 03:44:34 am"}
{"level":"info","message":{"method":"POST","path":"/check-free-session","responseTime":"6ms","statusCode":200,"timestampIST":"26/1/2026, 3:44:34 am","userId":null},"timestamp":"26/01/2026 03:44:34 am"}
{"level":"info","message":{"method":"GET","path":"/topmentors?limit=4","responseTime":"28ms","statusCode":304,"timestampIST":"26/1/2026, 3:44:46 am","userId":null},"timestamp":"26/01/2026 03:44:46 am"}
{"level":"info","message":{"method":"GET","path":"/view/697646499a784c09bc0d9687","responseTime":"41ms","statusCode":304,"timestampIST":"26/1/2026, 3:44:56 am","userId":null},"timestamp":"26/01/2026 03:44:56 am"}
{"level":"info","message":{"method":"POST","path":"/check-free-session","responseTime":"11ms","statusCode":200,"timestampIST":"26/1/2026, 3:44:56 am","userId":null},"timestamp":"26/01/2026 03:44:56 am"}
{"level":"info","message":{"method":"GET","path":"/view/697646499a784c09bc0d9687","responseTime":"10ms","statusCode":304,"timestampIST":"26/1/2026, 3:45:07 am","userId":null},"timestamp":"26/01/2026 03:45:07 am"}
{"level":"info","message":{"method":"GET","path":"/topmentors?limit=4","responseTime":"17ms","statusCode":304,"timestampIST":"26/1/2026, 3:45:17 am","userId":null},"timestamp":"26/01/2026 03:45:17 am"}
{"level":"info","message":{"method":"GET","path":"/topmentors?limit=4","responseTime":"9ms","statusCode":304,"timestampIST":"26/1/2026, 3:45:18 am","userId":null},"timestamp":"26/01/2026 03:45:18 am"}
{"level":"info","message":{"method":"GET","path":"/view/697646499a784c09bc0d9687","responseTime":"20ms","statusCode":304,"timestampIST":"26/1/2026, 3:45:22 am","userId":null},"timestamp":"26/01/2026 03:45:22 am"}
{"level":"info","message":{"method":"POST","path":"/check-free-session","responseTime":"19ms","statusCode":200,"timestampIST":"26/1/2026, 3:45:23 am","userId":null},"timestamp":"26/01/2026 03:45:23 am"}
{"level":"info","message":"MongoDB Connected (development)","timestamp":"26/01/2026 03:48:19 am"}
{"level":"info","message":"App Start on 10.118.109.137:3002 🖐","timestamp":"26/01/2026 03:48:20 am"}
{"level":"info","message":"MongoDB Connected (development)","timestamp":"26/01/2026 03:49:21 am"}
{"level":"info","message":"App Start on 10.118.109.137:3002 🖐","timestamp":"26/01/2026 03:49:21 am"}
{"level":"info","message":{"method":"POST","path":"/check-free-session","responseTime":"296ms","statusCode":200,"timestampIST":"26/1/2026, 3:49:50 am","userId":null},"timestamp":"26/01/2026 03:49:50 am"}
{"level":"info","message":{"method":"GET","path":"/topmentors?limit=4","responseTime":"389ms","statusCode":304,"timestampIST":"26/1/2026, 3:50:04 am","userId":null},"timestamp":"26/01/2026 03:50:04 am"}
{"level":"info","message":{"method":"POST","path":"/login","responseTime":"1007ms","statusCode":200,"timestampIST":"26/1/2026, 3:50:13 am","userId":null},"timestamp":"26/01/2026 03:50:14 am"}
{"level":"info","message":{"method":"GET","path":"/view/697646499a784c09bc0d9687","responseTime":"158ms","statusCode":304,"timestampIST":"26/1/2026, 3:50:16 am","userId":null},"timestamp":"26/01/2026 03:50:16 am"}
{"level":"info","message":{"method":"POST","path":"/check-free-session","responseTime":"48ms","statusCode":200,"timestampIST":"26/1/2026, 3:50:17 am","userId":null},"timestamp":"26/01/2026 03:50:17 am"}
{"level":"info","message":"MongoDB Connected (development)","timestamp":"26/01/2026 03:50:41 am"}
{"level":"info","message":"App Start on 10.118.109.137:3002 🖐","timestamp":"26/01/2026 03:50:41 am"}
{"level":"info","message":"MongoDB Connected (development)","timestamp":"26/01/2026 03:50:58 am"}
{"level":"info","message":"App Start on 10.118.109.137:3002 🖐","timestamp":"26/01/2026 03:50:58 am"}
{"level":"info","message":"MongoDB Connected (development)","timestamp":"26/01/2026 03:51:15 am"}
{"level":"info","message":"App Start on 10.118.109.137:3002 🖐","timestamp":"26/01/2026 03:51:15 am"}
{"level":"info","message":{"method":"GET","path":"/view/697646499a784c09bc0d9687","responseTime":"295ms","statusCode":304,"timestampIST":"26/1/2026, 3:51:19 am","userId":null},"timestamp":"26/01/2026 03:51:19 am"}
{"level":"info","message":{"method":"POST","path":"/check-free-session","responseTime":"39ms","statusCode":200,"timestampIST":"26/1/2026, 3:51:24 am","userId":null},"timestamp":"26/01/2026 03:51:24 am"}
{"level":"info","message":{"method":"GET","path":"/view/697646499a784c09bc0d9687","responseTime":"92ms","statusCode":304,"timestampIST":"26/1/2026, 3:52:00 am","userId":null},"timestamp":"26/01/2026 03:52:00 am"}
{"level":"info","message":{"method":"POST","path":"/check-free-session","responseTime":"50ms","statusCode":200,"timestampIST":"26/1/2026, 3:52:00 am","userId":null},"timestamp":"26/01/2026 03:52:00 am"}
{"level":"error","message":{"method":"POST","path":"/bookings_session","responseTime":"74ms","statusCode":400,"timestampIST":"26/1/2026, 3:52:18 am","userId":null},"timestamp":"26/01/2026 03:52:18 am"}
{"level":"info","message":{"method":"POST","path":"/check-free-session","responseTime":"11ms","statusCode":200,"timestampIST":"26/1/2026, 3:52:18 am","userId":null},"timestamp":"26/01/2026 03:52:18 am"}
{"level":"info","message":{"method":"POST","path":"/bookings_session","responseTime":"6116ms","statusCode":201,"timestampIST":"26/1/2026, 3:52:27 am","userId":null},"timestamp":"26/01/2026 03:52:33 am"}
{"level":"info","message":{"method":"POST","path":"/check-free-session","responseTime":"9ms","statusCode":200,"timestampIST":"26/1/2026, 3:52:33 am","userId":null},"timestamp":"26/01/2026 03:52:33 am"}
{"level":"info","message":{"method":"GET","path":"/topmentors?limit=4","responseTime":"212ms","statusCode":304,"timestampIST":"26/1/2026, 3:54:30 am","userId":null},"timestamp":"26/01/2026 03:54:30 am"}
{"level":"error","message":{"method":"GET","path":"/details/KarrivoKarrivo0974KGAM5","responseTime":"138ms","statusCode":404,"timestampIST":"26/1/2026, 3:54:49 am","userId":null},"timestamp":"26/01/2026 03:54:50 am"}
{"level":"info","message":{"method":"GET","path":"/upcoming","responseTime":"552ms","statusCode":200,"timestampIST":"26/1/2026, 3:54:52 am","userId":"697685c8aa996ab09223ffdf"},"timestamp":"26/01/2026 03:54:53 am"}
{"level":"info","message":{"method":"GET","path":"/upcoming","responseTime":"371ms","statusCode":304,"timestampIST":"26/1/2026, 3:55:02 am","userId":"697685c8aa996ab09223ffdf"},"timestamp":"26/01/2026 03:55:03 am"}
{"level":"error","message":{"method":"GET","path":"/upcoming","responseTime":"842ms","statusCode":408,"timestampIST":"26/1/2026, 4:01:10 am","userId":null},"timestamp":"26/01/2026 04:01:11 am"}
{"level":"error","message":{"method":"GET","path":"/upcoming","responseTime":"7ms","statusCode":408,"timestampIST":"26/1/2026, 4:01:11 am","userId":null},"timestamp":"26/01/2026 04:01:11 am"}
{"level":"error","message":{"method":"GET","path":"/upcoming","responseTime":"6ms","statusCode":408,"timestampIST":"26/1/2026, 4:01:12 am","userId":null},"timestamp":"26/01/2026 04:01:12 am"}
{"level":"info","message":{"method":"GET","path":"/refreshToken","responseTime":"99ms","statusCode":200,"timestampIST":"26/1/2026, 4:01:12 am","userId":null},"timestamp":"26/01/2026 04:01:12 am"}
{"level":"info","message":{"method":"GET","path":"/upcoming","responseTime":"659ms","statusCode":200,"timestampIST":"26/1/2026, 4:01:12 am","userId":"697685c8aa996ab09223ffdf"},"timestamp":"26/01/2026 04:01:12 am"}
{"level":"info","message":{"method":"GET","path":"/upcoming","responseTime":"541ms","statusCode":304,"timestampIST":"26/1/2026, 4:02:46 am","userId":"697685c8aa996ab09223ffdf"},"timestamp":"26/01/2026 04:02:47 am"}
{"level":"info","message":{"method":"GET","path":"/upcoming","responseTime":"449ms","statusCode":304,"timestampIST":"26/1/2026, 4:02:53 am","userId":"697685c8aa996ab09223ffdf"},"timestamp":"26/01/2026 04:02:54 am"}
{"level":"info","message":{"method":"GET","path":"/upcoming","responseTime":"870ms","statusCode":304,"timestampIST":"26/1/2026, 4:04:56 am","userId":"697685c8aa996ab09223ffdf"},"timestamp":"26/01/2026 04:04:57 am"}
{"level":"info","message":{"method":"GET","path":"/upcoming","responseTime":"518ms","statusCode":304,"timestampIST":"26/1/2026, 4:06:12 am","userId":"697685c8aa996ab09223ffdf"},"timestamp":"26/01/2026 04:06:13 am"}
{"level":"info","message":{"method":"DELETE","path":"/697697a5e4364ba2e6e7ff02","responseTime":"329ms","statusCode":200,"timestampIST":"26/1/2026, 4:06:25 am","userId":"697685c8aa996ab09223ffdf"},"timestamp":"26/01/2026 04:06:26 am"}
{"level":"info","message":{"method":"GET","path":"/upcoming","responseTime":"43ms","statusCode":200,"timestampIST":"26/1/2026, 4:06:26 am","userId":"697685c8aa996ab09223ffdf"},"timestamp":"26/01/2026 04:06:26 am"}
{"level":"info","message":{"method":"GET","path":"/upcoming","responseTime":"15ms","statusCode":304,"timestampIST":"26/1/2026, 4:06:28 am","userId":"697685c8aa996ab09223ffdf"},"timestamp":"26/01/2026 04:06:28 am"}
{"level":"info","message":{"method":"POST","path":"/my-bookings","responseTime":"194ms","statusCode":200,"timestampIST":"26/1/2026, 4:06:31 am","userId":null},"timestamp":"26/01/2026 04:06:31 am"}
{"level":"info","message":{"method":"GET","path":"/get-mentee-profile/KarrivoKarrivo0974KGAM5","responseTime":"21ms","statusCode":200,"timestampIST":"26/1/2026, 4:07:03 am","userId":null},"timestamp":"26/01/2026 04:07:03 am"}
{"level":"info","message":{"method":"GET","path":"/get-tickets/Karrivo747IRNR","responseTime":"155ms","statusCode":200,"timestampIST":"26/1/2026, 4:07:05 am","userId":null},"timestamp":"26/01/2026 04:07:05 am"}
{"level":"info","message":{"method":"POST","path":"/my-bookings","responseTime":"629ms","statusCode":200,"timestampIST":"26/1/2026, 4:11:21 am","userId":null},"timestamp":"26/01/2026 04:11:21 am"}
{"level":"info","message":{"method":"POST","path":"/my-bookings","responseTime":"609ms","statusCode":200,"timestampIST":"26/1/2026, 4:12:53 am","userId":null},"timestamp":"26/01/2026 04:12:54 am"}
{"level":"error","message":{"method":"GET","path":"/upcoming","responseTime":"81ms","statusCode":408,"timestampIST":"26/1/2026, 4:13:04 am","userId":null},"timestamp":"26/01/2026 04:13:04 am"}
{"level":"error","message":{"method":"GET","path":"/upcoming","responseTime":"8ms","statusCode":408,"timestampIST":"26/1/2026, 4:13:04 am","userId":null},"timestamp":"26/01/2026 04:13:04 am"}
{"level":"info","message":{"method":"GET","path":"/refreshToken","responseTime":"47ms","statusCode":200,"timestampIST":"26/1/2026, 4:13:04 am","userId":null},"timestamp":"26/01/2026 04:13:04 am"}
{"level":"info","message":{"method":"GET","path":"/upcoming","responseTime":"61ms","statusCode":200,"timestampIST":"26/1/2026, 4:13:04 am","userId":"697685c8aa996ab09223ffdf"},"timestamp":"26/01/2026 04:13:05 am"}
{"level":"info","message":{"method":"GET","path":"/allmentors?","responseTime":"323ms","statusCode":200,"timestampIST":"26/1/2026, 4:13:06 am","userId":null},"timestamp":"26/01/2026 04:13:06 am"}
{"level":"error","message":{"method":"GET","path":"/details/KarrivoKarrivo0974KGAM5","responseTime":"35ms","statusCode":404,"timestampIST":"26/1/2026, 4:13:08 am","userId":null},"timestamp":"26/01/2026 04:13:08 am"}
{"level":"info","message":{"method":"GET","path":"/allmentors?","responseTime":"497ms","statusCode":304,"timestampIST":"26/1/2026, 4:16:02 am","userId":null},"timestamp":"26/01/2026 04:16:03 am"}
{"level":"info","message":{"method":"GET","path":"/allmentors?","responseTime":"384ms","statusCode":304,"timestampIST":"26/1/2026, 4:18:51 am","userId":null},"timestamp":"26/01/2026 04:18:51 am"}
{"level":"info","message":{"method":"GET","path":"/view/6942f2dddef558ddd2df4977","responseTime":"54ms","statusCode":304,"timestampIST":"26/1/2026, 4:18:54 am","userId":null},"timestamp":"26/01/2026 04:18:54 am"}
{"level":"info","message":{"method":"GET","path":"/allmentors?","responseTime":"26ms","statusCode":304,"timestampIST":"26/1/2026, 4:19:01 am","userId":null},"timestamp":"26/01/2026 04:19:01 am"}
{"level":"info","message":{"method":"POST","path":"/login","responseTime":"575ms","statusCode":200,"timestampIST":"26/1/2026, 4:19:44 am","userId":null},"timestamp":"26/01/2026 04:19:44 am"}
{"level":"error","message":{"method":"GET","path":"/details/KarrivoKarrivo0974KGAM5","responseTime":"18ms","statusCode":404,"timestampIST":"26/1/2026, 4:19:46 am","userId":null},"timestamp":"26/01/2026 04:19:46 am"}
{"level":"info","message":{"method":"GET","path":"/allmentors?","responseTime":"302ms","statusCode":304,"timestampIST":"26/1/2026, 4:21:48 am","userId":null},"timestamp":"26/01/2026 04:21:49 am"}
{"level":"info","message":{"method":"GET","path":"/allmentors?","responseTime":"35ms","statusCode":304,"timestampIST":"26/1/2026, 4:21:56 am","userId":null},"timestamp":"26/01/2026 04:21:56 am"}
{"level":"info","message":{"method":"GET","path":"/allmentors?","responseTime":"525ms","statusCode":304,"timestampIST":"26/1/2026, 4:24:55 am","userId":null},"timestamp":"26/01/2026 04:24:55 am"}
{"level":"info","message":{"method":"GET","path":"/allmentors?","responseTime":"192ms","statusCode":200,"timestampIST":"26/1/2026, 4:25:13 am","userId":null},"timestamp":"26/01/2026 04:25:14 am"}
{"level":"info","message":{"method":"GET","path":"/allmentors?","responseTime":"59ms","statusCode":200,"timestampIST":"26/1/2026, 4:25:27 am","userId":null},"timestamp":"26/01/2026 04:25:27 am"}
{"level":"info","message":{"method":"GET","path":"/allmentors?","responseTime":"525ms","statusCode":200,"timestampIST":"26/1/2026, 4:39:27 am","userId":null},"timestamp":"26/01/2026 04:39:27 am"}
{"level":"info","message":{"method":"GET","path":"/allmentors?","responseTime":"815ms","statusCode":200,"timestampIST":"26/1/2026, 4:40:00 am","userId":null},"timestamp":"26/01/2026 04:40:01 am"}
{"level":"info","message":{"method":"GET","path":"/allmentors?","responseTime":"945ms","statusCode":200,"timestampIST":"26/1/2026, 4:44:51 am","userId":null},"timestamp":"26/01/2026 04:44:52 am"}
{"level":"info","message":{"method":"GET","path":"/allmentors?","responseTime":"153ms","statusCode":304,"timestampIST":"26/1/2026, 4:45:17 am","userId":null},"timestamp":"26/01/2026 04:45:18 am"}
{"level":"error","message":{"method":"GET","path":"/details/KarrivoKarrivo0974KGAM5","responseTime":"62ms","statusCode":404,"timestampIST":"26/1/2026, 4:45:23 am","userId":null},"timestamp":"26/01/2026 04:45:23 am"}
{"level":"error","message":{"method":"GET","path":"/details/KarrivoKarrivo0974KGAM5","responseTime":"35ms","statusCode":404,"timestampIST":"26/1/2026, 4:45:31 am","userId":null},"timestamp":"26/01/2026 04:45:32 am"}
{"level":"error","message":{"method":"GET","path":"/details/KarrivoKarrivo0974KGAM5","responseTime":"659ms","statusCode":404,"timestampIST":"26/1/2026, 4:50:35 am","userId":null},"timestamp":"26/01/2026 04:50:36 am"}
{"level":"error","message":{"method":"GET","path":"/details/KarrivoKarrivo0974KGAM5","responseTime":"50ms","statusCode":404,"timestampIST":"26/1/2026, 4:50:41 am","userId":null},"timestamp":"26/01/2026 04:50:41 am"}
{"level":"error","message":{"method":"GET","path":"/details/KarrivoKarrivo0974KGAM5","responseTime":"19ms","statusCode":404,"timestampIST":"26/1/2026, 4:50:49 am","userId":null},"timestamp":"26/01/2026 04:50:49 am"}
{"level":"error","message":{"method":"GET","path":"/details/KarrivoKarrivo0974KGAM5","responseTime":"18ms","statusCode":404,"timestampIST":"26/1/2026, 4:50:54 am","userId":null},"timestamp":"26/01/2026 04:50:54 am"}
{"level":"error","message":{"method":"GET","path":"/details/KarrivoKarrivo0974KGAM5","responseTime":"30ms","statusCode":404,"timestampIST":"26/1/2026, 4:51:07 am","userId":null},"timestamp":"26/01/2026 04:51:07 am"}
{"level":"error","message":{"method":"GET","path":"/details/KarrivoKarrivo0974KGAM5","responseTime":"573ms","statusCode":404,"timestampIST":"26/1/2026, 4:51:43 am","userId":null},"timestamp":"26/01/2026 04:51:43 am"}
{"level":"error","message":{"method":"GET","path":"/upcoming","responseTime":"117ms","statusCode":408,"timestampIST":"26/1/2026, 4:52:14 am","userId":null},"timestamp":"26/01/2026 04:52:14 am"}
{"level":"error","message":{"method":"GET","path":"/upcoming","responseTime":"7ms","statusCode":408,"timestampIST":"26/1/2026, 4:52:14 am","userId":null},"timestamp":"26/01/2026 04:52:14 am"}
{"level":"info","message":{"method":"GET","path":"/refreshToken","responseTime":"26ms","statusCode":200,"timestampIST":"26/1/2026, 4:52:14 am","userId":null},"timestamp":"26/01/2026 04:52:14 am"}
{"level":"info","message":{"method":"GET","path":"/upcoming","responseTime":"157ms","statusCode":200,"timestampIST":"26/1/2026, 4:52:14 am","userId":"697685c8aa996ab09223ffdf"},"timestamp":"26/01/2026 04:52:14 am"}
{"level":"info","message":{"method":"GET","path":"/get-mentee-profile/KarrivoKarrivo0974KGAM5","responseTime":"60ms","statusCode":200,"timestampIST":"26/1/2026, 4:52:18 am","userId":null},"timestamp":"26/01/2026 04:52:18 am"}
{"level":"info","message":{"method":"GET","path":"/get-tickets/Karrivo747IRNR","responseTime":"57ms","statusCode":200,"timestampIST":"26/1/2026, 4:52:21 am","userId":null},"timestamp":"26/01/2026 04:52:22 am"}
{"level":"info","message":{"method":"GET","path":"/topmentors?limit=4","responseTime":"425ms","statusCode":200,"timestampIST":"26/1/2026, 4:54:33 am","userId":null},"timestamp":"26/01/2026 04:54:33 am"}
{"level":"warn","message":"404 - Route not found: GET /api/Admin/dashboard_details","timestamp":"26/01/2026 04:54:47 am"}
{"level":"error","message":{"method":"GET","path":"/api/Admin/dashboard_details","responseTime":"16ms","statusCode":404,"timestampIST":"26/1/2026, 4:54:47 am","userId":null},"timestamp":"26/01/2026 04:54:47 am"}
{"level":"info","message":{"method":"GET","path":"/applications?undefined","responseTime":"371ms","statusCode":200,"timestampIST":"26/1/2026, 4:54:47 am","userId":null},"timestamp":"26/01/2026 04:54:47 am"}
{"level":"info","message":{"method":"GET","path":"/applications?limit=10&page=1&search=","responseTime":"29ms","statusCode":200,"timestampIST":"26/1/2026, 4:54:48 am","userId":null},"timestamp":"26/01/2026 04:54:49 am"}
{"level":"info","message":{"method":"PATCH","path":"/applications/697646499a784c09bc0d9687/approve-reject","responseTime":"1444ms","statusCode":200,"timestampIST":"26/1/2026, 4:54:55 am","userId":null},"timestamp":"26/01/2026 04:54:56 am"}
{"level":"info","message":{"method":"GET","path":"/applications?undefined","responseTime":"28ms","statusCode":200,"timestampIST":"26/1/2026, 4:54:56 am","userId":null},"timestamp":"26/01/2026 04:54:56 am"}
{"level":"info","message":{"method":"GET","path":"/applications?limit=10&page=1&search=","responseTime":"34ms","statusCode":200,"timestampIST":"26/1/2026, 4:54:56 am","userId":null},"timestamp":"26/01/2026 04:54:56 am"}
{"level":"error","message":{"method":"POST","path":"/login","responseTime":"21ms","statusCode":400,"timestampIST":"26/1/2026, 4:55:24 am","userId":null},"timestamp":"26/01/2026 04:55:24 am"}
{"level":"info","message":{"method":"POST","path":"/login","responseTime":"442ms","statusCode":200,"timestampIST":"26/1/2026, 4:55:29 am","userId":null},"timestamp":"26/01/2026 04:55:29 am"}
{"level":"info","message":{"method":"POST","path":"/get-mentor-details","responseTime":"40ms","statusCode":200,"timestampIST":"26/1/2026, 4:55:58 am","userId":null},"timestamp":"26/01/2026 04:55:58 am"}
{"level":"info","message":{"method":"GET","path":"/mentor/6976a647e4364ba2e6e80041","responseTime":"28ms","statusCode":200,"timestampIST":"26/1/2026, 4:56:05 am","userId":null},"timestamp":"26/01/2026 04:56:05 am"}
{"level":"info","message":{"method":"POST","path":"/login","responseTime":"782ms","statusCode":200,"timestampIST":"26/1/2026, 4:59:26 am","userId":null},"timestamp":"26/01/2026 04:59:27 am"}
{"level":"info","message":"MongoDB Connected (development)","timestamp":"26/01/2026 03:38:18 pm"}
{"level":"info","message":"App Start on 10.228.240.137:3002 🖐","timestamp":"26/01/2026 03:38:18 pm"}
{"level":"error","message":{"method":"GET","path":"/details/Karrivo747IRNR","responseTime":"630ms","statusCode":404,"timestampIST":"26/1/2026, 3:40:29 pm","userId":null},"timestamp":"26/01/2026 03:40:29 pm"}
{"level":"error","message":{"method":"GET","path":"/upcoming","responseTime":"301ms","statusCode":408,"timestampIST":"26/1/2026, 3:40:30 pm","userId":null},"timestamp":"26/01/2026 03:40:30 pm"}
{"level":"error","message":{"method":"GET","path":"/upcoming","responseTime":"47ms","statusCode":408,"timestampIST":"26/1/2026, 3:40:30 pm","userId":null},"timestamp":"26/01/2026 03:40:30 pm"}
{"level":"error","message":{"method":"GET","path":"/upcoming","responseTime":"22ms","statusCode":408,"timestampIST":"26/1/2026, 3:40:30 pm","userId":null},"timestamp":"26/01/2026 03:40:30 pm"}
{"level":"info","message":{"method":"GET","path":"/refreshToken","responseTime":"302ms","statusCode":200,"timestampIST":"26/1/2026, 3:40:30 pm","userId":null},"timestamp":"26/01/2026 03:40:31 pm"}
{"level":"error","message":{"method":"GET","path":"/upcoming","responseTime":"180ms","statusCode":400,"timestampIST":"26/1/2026, 3:40:31 pm","userId":null},"timestamp":"26/01/2026 03:40:31 pm"}
{"level":"error","message":{"method":"GET","path":"/upcoming","responseTime":"27ms","statusCode":400,"timestampIST":"26/1/2026, 3:40:41 pm","userId":null},"timestamp":"26/01/2026 03:40:41 pm"}
{"level":"info","message":{"method":"POST","path":"/my-bookings","responseTime":"308ms","statusCode":200,"timestampIST":"26/1/2026, 3:40:43 pm","userId":null},"timestamp":"26/01/2026 03:40:43 pm"}
{"level":"error","message":{"method":"GET","path":"/upcoming","responseTime":"21ms","statusCode":400,"timestampIST":"26/1/2026, 3:40:43 pm","userId":null},"timestamp":"26/01/2026 03:40:43 pm"}
{"level":"error","message":{"method":"POST","path":"/login","responseTime":"359ms","statusCode":400,"timestampIST":"26/1/2026, 3:41:07 pm","userId":null},"timestamp":"26/01/2026 03:41:08 pm"}
{"level":"error","message":{"method":"POST","path":"/login","responseTime":"466ms","statusCode":400,"timestampIST":"26/1/2026, 3:51:37 pm","userId":null},"timestamp":"26/01/2026 03:51:38 pm"}
{"level":"error","message":{"method":"POST","path":"/login","responseTime":"892ms","statusCode":400,"timestampIST":"26/1/2026, 3:53:11 pm","userId":null},"timestamp":"26/01/2026 03:53:12 pm"}
{"level":"info","message":{"method":"POST","path":"/login","responseTime":"1061ms","statusCode":200,"timestampIST":"26/1/2026, 3:53:25 pm","userId":null},"timestamp":"26/01/2026 03:53:26 pm"}
{"level":"error","message":{"method":"GET","path":"/details/KarrivoKarrivo0974KGAM5","responseTime":"31ms","statusCode":404,"timestampIST":"26/1/2026, 3:53:28 pm","userId":null},"timestamp":"26/01/2026 03:53:28 pm"}
{"level":"info","message":{"method":"GET","path":"/allmentors?","responseTime":"323ms","statusCode":200,"timestampIST":"26/1/2026, 3:53:34 pm","userId":null},"timestamp":"26/01/2026 03:53:34 pm"}
{"level":"info","message":{"method":"GET","path":"/view/697646499a784c09bc0d9687","responseTime":"77ms","statusCode":200,"timestampIST":"26/1/2026, 3:53:40 pm","userId":null},"timestamp":"26/01/2026 03:53:40 pm"}
{"level":"info","message":{"method":"GET","path":"/upcoming","responseTime":"147ms","statusCode":200,"timestampIST":"26/1/2026, 3:53:52 pm","userId":"697685c8aa996ab09223ffdf"},"timestamp":"26/01/2026 03:53:53 pm"}
{"level":"error","message":{"method":"GET","path":"/details/KarrivoKarrivo0974KGAM5","responseTime":"7ms","statusCode":404,"timestampIST":"26/1/2026, 3:53:55 pm","userId":null},"timestamp":"26/01/2026 03:53:55 pm"}
{"level":"info","message":{"method":"GET","path":"/view/6942f2dddef558ddd2df4977","responseTime":"26ms","statusCode":200,"timestampIST":"26/1/2026, 3:53:58 pm","userId":null},"timestamp":"26/01/2026 03:53:58 pm"}
{"level":"info","message":{"method":"POST","path":"/check-free-session","responseTime":"26ms","statusCode":200,"timestampIST":"26/1/2026, 3:54:00 pm","userId":null},"timestamp":"26/01/2026 03:54:00 pm"}
{"level":"info","message":{"method":"POST","path":"/my-bookings","responseTime":"110ms","statusCode":200,"timestampIST":"26/1/2026, 3:54:07 pm","userId":null},"timestamp":"26/01/2026 03:54:07 pm"}
{"level":"info","message":{"method":"GET","path":"/get-mentee-profile/KarrivoKarrivo0974KGAM5","responseTime":"14ms","statusCode":200,"timestampIST":"26/1/2026, 3:54:11 pm","userId":null},"timestamp":"26/01/2026 03:54:11 pm"}
{"level":"info","message":{"method":"GET","path":"/get-tickets/Karrivo747IRNR","responseTime":"48ms","statusCode":200,"timestampIST":"26/1/2026, 3:54:17 pm","userId":null},"timestamp":"26/01/2026 03:54:17 pm"}
{"level":"info","message":{"method":"GET","path":"/topmentors?limit=4","responseTime":"16ms","statusCode":200,"timestampIST":"26/1/2026, 3:54:43 pm","userId":null},"timestamp":"26/01/2026 03:54:43 pm"}
{"level":"info","message":{"method":"GET","path":"/allmentors","responseTime":"25ms","statusCode":200,"timestampIST":"26/1/2026, 3:54:46 pm","userId":null},"timestamp":"26/01/2026 03:54:46 pm"}
{"level":"info","message":{"method":"GET","path":"/topmentors?limit=8","responseTime":"8ms","statusCode":200,"timestampIST":"26/1/2026, 3:54:53 pm","userId":null},"timestamp":"26/01/2026 03:54:53 pm"}
{"level":"info","message":{"method":"GET","path":"/topmentors?limit=4","responseTime":"97ms","statusCode":304,"timestampIST":"26/1/2026, 4:00:53 pm","userId":null},"timestamp":"26/01/2026 04:00:53 pm"}
{"level":"info","message":{"method":"GET","path":"/topmentors?limit=4","responseTime":"40ms","statusCode":304,"timestampIST":"26/1/2026, 4:06:03 pm","userId":null},"timestamp":"26/01/2026 04:06:03 pm"}
{"level":"info","message":"MongoDB Connected (development)","timestamp":"26/01/2026 10:38:26 pm"}
{"level":"info","message":"App Start on 10.117.138.137:3002 🖐","timestamp":"26/01/2026 10:38:26 pm"}
{"level":"info","message":{"method":"GET","path":"/topmentors?limit=4","responseTime":"228ms","statusCode":200,"timestampIST":"26/1/2026, 10:38:33 pm","userId":null},"timestamp":"26/01/2026 10:38:34 pm"}
{"level":"info","message":{"method":"POST","path":"/get-mentor-details","responseTime":"263ms","statusCode":200,"timestampIST":"26/1/2026, 10:38:40 pm","userId":null},"timestamp":"26/01/2026 10:38:40 pm"}
{"level":"info","message":"MongoDB Connected (development)","timestamp":"26/01/2026 10:41:25 pm"}
{"level":"info","message":"App Start on 10.117.138.137:3002 🖐","timestamp":"26/01/2026 10:41:25 pm"}
{"level":"info","message":"MongoDB Connected (development)","timestamp":"26/01/2026 10:41:52 pm"}
{"level":"info","message":"App Start on 10.117.138.137:3002 🖐","timestamp":"26/01/2026 10:41:52 pm"}
{"level":"info","message":"MongoDB Connected (development)","timestamp":"26/01/2026 10:46:21 pm"}
{"level":"info","message":"App Start on 10.117.138.137:3002 🖐","timestamp":"26/01/2026 10:46:21 pm"}
{"level":"info","message":"MongoDB Connected (development)","timestamp":"26/01/2026 10:47:10 pm"}
{"level":"info","message":"App Start on 10.117.138.137:3002 🖐","timestamp":"26/01/2026 10:47:10 pm"}
{"level":"info","message":{"method":"GET","path":"/topmentors?limit=4","responseTime":"170ms","statusCode":304,"timestampIST":"26/1/2026, 10:49:51 pm","userId":null},"timestamp":"26/01/2026 10:49:51 pm"}
{"level":"warn","message":"404 - Route not found: GET /api/Admin/dashboard_details","timestamp":"26/01/2026 10:50:03 pm"}
{"level":"error","message":{"method":"GET","path":"/api/Admin/dashboard_details","responseTime":"21ms","statusCode":404,"timestampIST":"26/1/2026, 10:50:03 pm","userId":null},"timestamp":"26/01/2026 10:50:03 pm"}
{"level":"info","message":{"method":"GET","path":"/applications?undefined","responseTime":"417ms","statusCode":304,"timestampIST":"26/1/2026, 10:50:02 pm","userId":null},"timestamp":"26/01/2026 10:50:03 pm"}
{"level":"warn","message":"404 - Route not found: GET /api/admin/get-admin-users?limit=10&page=1&search=","timestamp":"26/01/2026 10:50:12 pm"}
{"level":"error","message":{"method":"GET","path":"/api/admin/get-admin-users?limit=10&page=1&search=","responseTime":"6ms","statusCode":404,"timestampIST":"26/1/2026, 10:50:12 pm","userId":null},"timestamp":"26/01/2026 10:50:12 pm"}
{"level":"warn","message":"404 - Route not found: GET /api/admin/get-admin-users?limit=10&page=1&search=naveenreddy","timestamp":"26/01/2026 10:50:13 pm"}
{"level":"error","message":{"method":"GET","path":"/api/admin/get-admin-users?limit=10&page=1&search=naveenreddy","responseTime":"34ms","statusCode":404,"timestampIST":"26/1/2026, 10:50:13 pm","userId":null},"timestamp":"26/01/2026 10:50:13 pm"}
{"level":"info","message":{"method":"GET","path":"/applications?limit=10&page=1&search=","responseTime":"59ms","statusCode":304,"timestampIST":"26/1/2026, 10:50:14 pm","userId":null},"timestamp":"26/01/2026 10:50:14 pm"}
{"level":"info","message":{"method":"GET","path":"/applications?undefined","responseTime":"88ms","statusCode":200,"timestampIST":"26/1/2026, 10:50:43 pm","userId":null},"timestamp":"26/01/2026 10:50:43 pm"}
{"level":"info","message":{"method":"GET","path":"/applications?limit=10&page=1&search=","responseTime":"81ms","statusCode":200,"timestampIST":"26/1/2026, 10:50:43 pm","userId":null},"timestamp":"26/01/2026 10:50:43 pm"}
{"level":"info","message":{"method":"GET","path":"/applications?undefined","responseTime":"29ms","statusCode":200,"timestampIST":"26/1/2026, 10:51:20 pm","userId":null},"timestamp":"26/01/2026 10:51:20 pm"}
{"level":"info","message":{"method":"GET","path":"/applications?limit=10&page=1&search=","responseTime":"23ms","statusCode":200,"timestampIST":"26/1/2026, 10:51:20 pm","userId":null},"timestamp":"26/01/2026 10:51:20 pm"}
{"level":"error","message":{"method":"PATCH","path":"/applications/697646499a784c09bc0d9687/approve-reject","responseTime":"92ms","statusCode":400,"timestampIST":"26/1/2026, 10:51:26 pm","userId":null},"timestamp":"26/01/2026 10:51:26 pm"}
{"level":"info","message":{"method":"GET","path":"/applications?undefined","responseTime":"33ms","statusCode":304,"timestampIST":"26/1/2026, 10:51:26 pm","userId":null},"timestamp":"26/01/2026 10:51:26 pm"}
{"level":"info","message":{"method":"GET","path":"/applications?limit=10&page=1&search=","responseTime":"34ms","statusCode":304,"timestampIST":"26/1/2026, 10:51:26 pm","userId":null},"timestamp":"26/01/2026 10:51:26 pm"}
{"level":"error","message":{"method":"PATCH","path":"/applications/697646499a784c09bc0d9687/approve-reject","responseTime":"12ms","statusCode":400,"timestampIST":"26/1/2026, 10:51:45 pm","userId":null},"timestamp":"26/01/2026 10:51:45 pm"}
{"level":"info","message":{"method":"GET","path":"/applications?undefined","responseTime":"37ms","statusCode":304,"timestampIST":"26/1/2026, 10:51:45 pm","userId":null},"timestamp":"26/01/2026 10:51:45 pm"}
{"level":"info","message":{"method":"GET","path":"/applications?limit=10&page=1&search=","responseTime":"39ms","statusCode":304,"timestampIST":"26/1/2026, 10:51:45 pm","userId":null},"timestamp":"26/01/2026 10:51:45 pm"}
{"level":"info","message":{"method":"GET","path":"/applications?undefined","responseTime":"33ms","statusCode":304,"timestampIST":"26/1/2026, 10:51:47 pm","userId":null},"timestamp":"26/01/2026 10:51:47 pm"}
{"level":"info","message":{"method":"GET","path":"/applications?limit=10&page=1&search=","responseTime":"38ms","statusCode":304,"timestampIST":"26/1/2026, 10:51:47 pm","userId":null},"timestamp":"26/01/2026 10:51:47 pm"}
{"level":"error","message":{"method":"PATCH","path":"/applications/697646499a784c09bc0d9687/approve-reject","responseTime":"10ms","statusCode":400,"timestampIST":"26/1/2026, 10:51:51 pm","userId":null},"timestamp":"26/01/2026 10:51:51 pm"}
{"level":"info","message":{"method":"GET","path":"/applications?undefined","responseTime":"49ms","statusCode":304,"timestampIST":"26/1/2026, 10:51:51 pm","userId":null},"timestamp":"26/01/2026 10:51:51 pm"}
{"level":"info","message":{"method":"GET","path":"/applications?limit=10&page=1&search=","responseTime":"48ms","statusCode":304,"timestampIST":"26/1/2026, 10:51:51 pm","userId":null},"timestamp":"26/01/2026 10:51:51 pm"}
{"level":"info","message":{"method":"GET","path":"/applications?undefined","responseTime":"71ms","statusCode":304,"timestampIST":"26/1/2026, 10:52:07 pm","userId":null},"timestamp":"26/01/2026 10:52:07 pm"}
{"level":"info","message":{"method":"GET","path":"/applications?limit=10&page=1&search=","responseTime":"86ms","statusCode":304,"timestampIST":"26/1/2026, 10:52:07 pm","userId":null},"timestamp":"26/01/2026 10:52:07 pm"}
{"level":"error","message":{"method":"PATCH","path":"/applications/697646499a784c09bc0d9687/approve-reject","responseTime":"165ms","statusCode":400,"timestampIST":"26/1/2026, 10:52:10 pm","userId":null},"timestamp":"26/01/2026 10:52:10 pm"}
{"level":"info","message":{"method":"GET","path":"/applications?undefined","responseTime":"39ms","statusCode":200,"timestampIST":"26/1/2026, 10:52:10 pm","userId":null},"timestamp":"26/01/2026 10:52:10 pm"}
{"level":"info","message":{"method":"GET","path":"/applications?limit=10&page=1&search=","responseTime":"46ms","statusCode":200,"timestampIST":"26/1/2026, 10:52:10 pm","userId":null},"timestamp":"26/01/2026 10:52:10 pm"}
{"level":"info","message":"MongoDB Connected (development)","timestamp":"26/01/2026 10:52:44 pm"}
{"level":"info","message":"App Start on 10.117.138.137:3002 🖐","timestamp":"26/01/2026 10:52:44 pm"}
{"level":"info","message":{"method":"GET","path":"/applications?undefined","responseTime":"191ms","statusCode":304,"timestampIST":"26/1/2026, 10:52:51 pm","userId":null},"timestamp":"26/01/2026 10:52:51 pm"}
{"level":"info","message":{"method":"GET","path":"/applications?limit=10&page=1&search=","responseTime":"180ms","statusCode":304,"timestampIST":"26/1/2026, 10:52:51 pm","userId":null},"timestamp":"26/01/2026 10:52:51 pm"}
{"level":"info","message":{"method":"PATCH","path":"/applications/697646499a784c09bc0d9687/approve-reject","responseTime":"4810ms","statusCode":200,"timestampIST":"26/1/2026, 10:52:54 pm","userId":null},"timestamp":"26/01/2026 10:52:59 pm"}
{"level":"info","message":{"method":"GET","path":"/applications?undefined","responseTime":"54ms","statusCode":200,"timestampIST":"26/1/2026, 10:52:59 pm","userId":null},"timestamp":"26/01/2026 10:52:59 pm"}
{"level":"info","message":{"method":"GET","path":"/applications?limit=10&page=1&search=","responseTime":"53ms","statusCode":200,"timestampIST":"26/1/2026, 10:52:59 pm","userId":null},"timestamp":"26/01/2026 10:52:59 pm"}
{"level":"info","message":"MongoDB Connected (development)","timestamp":"26/01/2026 10:55:46 pm"}
{"level":"info","message":"App Start on 10.117.138.137:3002 🖐","timestamp":"26/01/2026 10:55:46 pm"}
{"level":"info","message":{"method":"GET","path":"/applications?undefined","responseTime":"76ms","statusCode":200,"timestampIST":"26/1/2026, 10:56:21 pm","userId":null},"timestamp":"26/01/2026 10:56:21 pm"}
{"level":"info","message":{"method":"GET","path":"/applications?limit=10&page=1&search=","responseTime":"54ms","statusCode":200,"timestampIST":"26/1/2026, 10:56:21 pm","userId":null},"timestamp":"26/01/2026 10:56:21 pm"}
{"level":"info","message":{"method":"PATCH","path":"/applications/697646499a784c09bc0d9687/approve-reject","responseTime":"4279ms","statusCode":200,"timestampIST":"26/1/2026, 10:56:24 pm","userId":null},"timestamp":"26/01/2026 10:56:28 pm"}
{"level":"info","message":{"method":"GET","path":"/applications?undefined","responseTime":"25ms","statusCode":200,"timestampIST":"26/1/2026, 10:56:28 pm","userId":null},"timestamp":"26/01/2026 10:56:28 pm"}
{"level":"info","message":{"method":"GET","path":"/applications?limit=10&page=1&search=","responseTime":"29ms","statusCode":200,"timestampIST":"26/1/2026, 10:56:28 pm","userId":null},"timestamp":"26/01/2026 10:56:28 pm"}
{"level":"info","message":{"method":"GET","path":"/topmentors?limit=4","responseTime":"27ms","statusCode":200,"timestampIST":"26/1/2026, 10:56:49 pm","userId":null},"timestamp":"26/01/2026 10:56:49 pm"}
{"level":"info","message":{"method":"GET","path":"/topmentors?limit=4","responseTime":"9ms","statusCode":200,"timestampIST":"26/1/2026, 10:56:54 pm","userId":null},"timestamp":"26/01/2026 10:56:54 pm"}
{"level":"error","message":{"method":"POST","path":"/login","responseTime":"85ms","statusCode":400,"timestampIST":"26/1/2026, 10:57:38 pm","userId":null},"timestamp":"26/01/2026 10:57:38 pm"}
{"level":"info","message":{"method":"POST","path":"/login","responseTime":"466ms","statusCode":200,"timestampIST":"26/1/2026, 10:57:52 pm","userId":null},"timestamp":"26/01/2026 10:57:52 pm"}
{"level":"info","message":{"method":"POST","path":"/get-mentor-details","responseTime":"49ms","statusCode":200,"timestampIST":"26/1/2026, 10:57:59 pm","userId":null},"timestamp":"26/01/2026 10:57:59 pm"}
{"level":"info","message":{"method":"GET","path":"/applications?undefined","responseTime":"92ms","statusCode":304,"timestampIST":"26/1/2026, 10:58:29 pm","userId":null},"timestamp":"26/01/2026 10:58:29 pm"}
{"level":"info","message":{"method":"GET","path":"/applications?limit=10&page=1&search=","responseTime":"106ms","statusCode":304,"timestampIST":"26/1/2026, 10:58:29 pm","userId":null},"timestamp":"26/01/2026 10:58:29 pm"}
{"level":"info","message":{"method":"GET","path":"/topmentors?limit=4","responseTime":"468ms","statusCode":200,"timestampIST":"26/1/2026, 11:13:07 pm","userId":null},"timestamp":"26/01/2026 11:13:08 pm"}
{"level":"info","message":{"method":"GET","path":"/topmentors?limit=4","responseTime":"145ms","statusCode":200,"timestampIST":"26/1/2026, 11:13:50 pm","userId":null},"timestamp":"26/01/2026 11:13:51 pm"}
{"level":"info","message":{"method":"GET","path":"/topmentors?limit=4","responseTime":"345ms","statusCode":200,"timestampIST":"26/1/2026, 11:14:18 pm","userId":null},"timestamp":"26/01/2026 11:14:18 pm"}
{"level":"info","message":{"method":"GET","path":"/topmentors?limit=4","responseTime":"42ms","statusCode":200,"timestampIST":"26/1/2026, 11:14:24 pm","userId":null},"timestamp":"26/01/2026 11:14:24 pm"}
{"level":"warn","message":"404 - Route not found: GET /api/mentor/dashboard/user/6977a3c0e1747af961c3e8ee","timestamp":"26/01/2026 11:22:31 pm"}
{"level":"error","message":{"method":"GET","path":"/api/mentor/dashboard/user/6977a3c0e1747af961c3e8ee","responseTime":"209ms","statusCode":404,"timestampIST":"26/1/2026, 11:22:30 pm","userId":null},"timestamp":"26/01/2026 11:22:31 pm"}
{"level":"warn","message":"404 - Route not found: GET /api/mentor/dashboard/user/6977a3c0e1747af961c3e8ee","timestamp":"26/01/2026 11:22:40 pm"}
{"level":"error","message":{"method":"GET","path":"/api/mentor/dashboard/user/6977a3c0e1747af961c3e8ee","responseTime":"11ms","statusCode":404,"timestampIST":"26/1/2026, 11:22:40 pm","userId":null},"timestamp":"26/01/2026 11:22:40 pm"}
{"level":"warn","message":"404 - Route not found: GET /favicon.ico","timestamp":"26/01/2026 11:22:40 pm"}
{"level":"error","message":{"method":"GET","path":"/favicon.ico","responseTime":"11ms","statusCode":404,"timestampIST":"26/1/2026, 11:22:40 pm","userId":null},"timestamp":"26/01/2026 11:22:40 pm"}
{"level":"info","message":"MongoDB Connected (development)","timestamp":"26/01/2026 11:24:03 pm"}
{"level":"info","message":"App Start on 10.117.138.137:3002 🖐","timestamp":"26/01/2026 11:24:03 pm"}
{"level":"info","message":"MongoDB Connected (development)","timestamp":"26/01/2026 11:24:22 pm"}
{"level":"info","message":"App Start on 10.117.138.137:3002 🖐","timestamp":"26/01/2026 11:24:22 pm"}
{"level":"info","message":"MongoDB Connected (development)","timestamp":"26/01/2026 11:24:40 pm"}
{"level":"info","message":"App Start on 10.117.138.137:3002 🖐","timestamp":"26/01/2026 11:24:40 pm"}
{"level":"info","message":"MongoDB Connected (development)","timestamp":"26/01/2026 11:24:53 pm"}
{"level":"info","message":"App Start on 10.117.138.137:3002 🖐","timestamp":"26/01/2026 11:24:53 pm"}
{"level":"info","message":"MongoDB Connected (development)","timestamp":"26/01/2026 11:25:12 pm"}
{"level":"info","message":"App Start on 10.117.138.137:3002 🖐","timestamp":"26/01/2026 11:25:12 pm"}
{"level":"info","message":"MongoDB Connected (development)","timestamp":"26/01/2026 11:25:16 pm"}
{"level":"info","message":"App Start on 10.117.138.137:3002 🖐","timestamp":"26/01/2026 11:25:16 pm"}
{"level":"info","message":"MongoDB Connected (development)","timestamp":"26/01/2026 11:25:22 pm"}
{"level":"info","message":"App Start on 10.117.138.137:3002 🖐","timestamp":"26/01/2026 11:25:22 pm"}
{"level":"info","message":"MongoDB Connected (development)","timestamp":"26/01/2026 11:25:27 pm"}
{"level":"info","message":"MongoDB Connected (development)","timestamp":"26/01/2026 11:25:45 pm"}
{"level":"info","message":"App Start on 10.117.138.137:3002 🖐","timestamp":"26/01/2026 11:25:45 pm"}
{"level":"info","message":"MongoDB Connected (development)","timestamp":"26/01/2026 11:26:33 pm"}
{"level":"info","message":"App Start on 10.117.138.137:3002 🖐","timestamp":"26/01/2026 11:26:33 pm"}
{"level":"info","message":"MongoDB Connected (development)","timestamp":"26/01/2026 11:26:44 pm"}
{"level":"info","message":"App Start on 10.117.138.137:3002 🖐","timestamp":"26/01/2026 11:26:44 pm"}
{"level":"info","message":"MongoDB Connected (development)","timestamp":"26/01/2026 11:26:58 pm"}
{"level":"info","message":"App Start on 10.117.138.137:3002 🖐","timestamp":"26/01/2026 11:26:58 pm"}
{"level":"info","message":"MongoDB Connected (development)","timestamp":"26/01/2026 11:27:08 pm"}
{"level":"info","message":"App Start on 10.117.138.137:3002 🖐","timestamp":"26/01/2026 11:27:08 pm"}
{"level":"info","message":"MongoDB Connected (development)","timestamp":"26/01/2026 11:27:15 pm"}
{"level":"info","message":"App Start on 10.117.138.137:3002 🖐","timestamp":"26/01/2026 11:27:15 pm"}
{"level":"info","message":"MongoDB Connected (development)","timestamp":"26/01/2026 11:27:21 pm"}
{"level":"info","message":"App Start on 10.117.138.137:3002 🖐","timestamp":"26/01/2026 11:27:21 pm"}
{"level":"info","message":"MongoDB Connected (development)","timestamp":"26/01/2026 11:27:44 pm"}
{"level":"info","message":"App Start on 10.117.138.137:3002 🖐","timestamp":"26/01/2026 11:27:44 pm"}
{"level":"info","message":"MongoDB Connected (development)","timestamp":"26/01/2026 11:28:14 pm"}
{"level":"info","message":"App Start on 10.117.138.137:3002 🖐","timestamp":"26/01/2026 11:28:14 pm"}
{"level":"info","message":"MongoDB Connected (development)","timestamp":"26/01/2026 11:29:52 pm"}
{"level":"info","message":"App Start on 10.117.138.137:3002 🖐","timestamp":"26/01/2026 11:29:52 pm"}
{"level":"error","message":{"method":"GET","path":"/user/6977a3c0e1747af961c3e8ee","responseTime":"58ms","statusCode":404,"timestampIST":"26/1/2026, 11:29:57 pm","userId":null},"timestamp":"26/01/2026 11:29:57 pm"}
{"level":"info","message":"MongoDB Connected (development)","timestamp":"26/01/2026 11:30:28 pm"}
{"level":"info","message":"App Start on 10.117.138.137:3002 🖐","timestamp":"26/01/2026 11:30:28 pm"}
{"level":"info","message":"MongoDB Connected (development)","timestamp":"26/01/2026 11:30:35 pm"}
{"level":"info","message":"App Start on 10.117.138.137:3002 🖐","timestamp":"26/01/2026 11:30:35 pm"}
{"level":"error","message":{"method":"GET","path":"/user/6977a3c0e1747af961c3e8ee","responseTime":"55ms","statusCode":404,"timestampIST":"26/1/2026, 11:30:41 pm","userId":null},"timestamp":"26/01/2026 11:30:41 pm"}
{"level":"info","message":"MongoDB Connected (development)","timestamp":"26/01/2026 11:32:13 pm"}
{"level":"info","message":"App Start on 10.117.138.137:3002 🖐","timestamp":"26/01/2026 11:32:13 pm"}
{"level":"error","message":{"method":"GET","path":"/user/6977a3c0e1747af961c3e8ee","responseTime":"79ms","statusCode":404,"timestampIST":"26/1/2026, 11:32:21 pm","userId":null},"timestamp":"26/01/2026 11:32:21 pm"}
{"level":"error","message":{"method":"GET","path":"/user/6977a3c0e1747af961c3e8ee","responseTime":"121ms","statusCode":404,"timestampIST":"26/1/2026, 11:33:01 pm","userId":null},"timestamp":"26/01/2026 11:33:01 pm"}
{"level":"info","message":"MongoDB Connected (development)","timestamp":"26/01/2026 11:33:51 pm"}
{"level":"info","message":"App Start on 10.117.138.137:3002 🖐","timestamp":"26/01/2026 11:33:51 pm"}
{"level":"info","message":"MongoDB Connected (development)","timestamp":"26/01/2026 11:34:18 pm"}
{"level":"info","message":"App Start on 10.117.138.137:3002 🖐","timestamp":"26/01/2026 11:34:18 pm"}
{"level":"info","message":{"method":"GET","path":"/user/6977a3c0e1747af961c3e8ee","responseTime":"98ms","statusCode":200,"timestampIST":"26/1/2026, 11:34:19 pm","userId":null},"timestamp":"26/01/2026 11:34:19 pm"}
{"level":"info","message":{"method":"GET","path":"/user/6977a3c0e1747af961c3e8ee","responseTime":"546ms","statusCode":200,"timestampIST":"26/1/2026, 11:39:24 pm","userId":null},"timestamp":"26/01/2026 11:39:24 pm"}
{"level":"info","message":{"method":"GET","path":"/user/6977a3c0e1747af961c3e8ee","responseTime":"319ms","statusCode":200,"timestampIST":"26/1/2026, 11:41:12 pm","userId":null},"timestamp":"26/01/2026 11:41:12 pm"}
{"level":"info","message":{"method":"GET","path":"/user/6977a3c0e1747af961c3e8ee","responseTime":"30ms","statusCode":200,"timestampIST":"26/1/2026, 11:41:43 pm","userId":null},"timestamp":"26/01/2026 11:41:43 pm"}
{"level":"info","message":{"method":"GET","path":"/user/6977a3c0e1747af961c3e8ee","responseTime":"130ms","statusCode":200,"timestampIST":"26/1/2026, 11:41:57 pm","userId":null},"timestamp":"26/01/2026 11:41:57 pm"}
{"level":"info","message":{"method":"GET","path":"/user/6977a3c0e1747af961c3e8ee","responseTime":"1287ms","statusCode":200,"timestampIST":"26/1/2026, 11:43:52 pm","userId":null},"timestamp":"26/01/2026 11:43:53 pm"}
{"level":"info","message":{"method":"GET","path":"/topmentors?limit=4","responseTime":"345ms","statusCode":200,"timestampIST":"26/1/2026, 11:43:55 pm","userId":null},"timestamp":"26/01/2026 11:43:55 pm"}
{"level":"info","message":{"method":"GET","path":"/topmentors?limit=4","responseTime":"231ms","statusCode":200,"timestampIST":"26/1/2026, 11:44:00 pm","userId":null},"timestamp":"26/01/2026 11:44:00 pm"}
{"level":"info","message":{"method":"GET","path":"/topmentors?limit=4","responseTime":"358ms","statusCode":200,"timestampIST":"26/1/2026, 11:44:48 pm","userId":null},"timestamp":"26/01/2026 11:44:48 pm"}
{"level":"info","message":{"method":"GET","path":"/user/6977a3c0e1747af961c3e8ee","responseTime":"94ms","statusCode":200,"timestampIST":"26/1/2026, 11:44:52 pm","userId":null},"timestamp":"26/01/2026 11:44:53 pm"}
{"level":"info","message":{"method":"GET","path":"/user/6977a3c0e1747af961c3e8ee","responseTime":"185ms","statusCode":200,"timestampIST":"26/1/2026, 11:45:33 pm","userId":null},"timestamp":"26/01/2026 11:45:33 pm"}
{"level":"info","message":{"method":"GET","path":"/user/6977a3c0e1747af961c3e8ee","responseTime":"822ms","statusCode":200,"timestampIST":"26/1/2026, 11:46:33 pm","userId":null},"timestamp":"26/01/2026 11:46:33 pm"}
{"level":"info","message":{"method":"GET","path":"/user/6977a3c0e1747af961c3e8ee","responseTime":"387ms","statusCode":200,"timestampIST":"26/1/2026, 11:47:09 pm","userId":null},"timestamp":"26/01/2026 11:47:09 pm"}
{"level":"info","message":{"method":"GET","path":"/topmentors?limit=4","responseTime":"195ms","statusCode":200,"timestampIST":"26/1/2026, 11:47:11 pm","userId":null},"timestamp":"26/01/2026 11:47:11 pm"}
