{"level":"info","message":"MongoDB Connected (development)","timestamp":"14/01/2026 02:01:41 pm"}
{"level":"info","message":"App Start on 10.226.177.137:3002 🖐","timestamp":"14/01/2026 02:01:41 pm"}
{"level":"info","message":{"method":"GET","path":"/topmentors?limit=4","responseTime":"172ms","statusCode":200,"timestampIST":"14/1/2026, 2:02:25 pm","userId":null},"timestamp":"14/01/2026 02:02:26 pm"}
{"level":"info","message":{"method":"GET","path":"/search?q=Career+Coaches","responseTime":"248ms","statusCode":200,"timestampIST":"14/1/2026, 2:02:58 pm","userId":null},"timestamp":"14/01/2026 02:02:58 pm"}
{"level":"info","message":{"method":"GET","path":"/topmentors?limit=4","responseTime":"15ms","statusCode":304,"timestampIST":"14/1/2026, 2:03:04 pm","userId":null},"timestamp":"14/01/2026 02:03:04 pm"}
{"level":"info","message":{"method":"GET","path":"/topmentors?limit=4","responseTime":"143ms","statusCode":304,"timestampIST":"14/1/2026, 2:06:11 pm","userId":null},"timestamp":"14/01/2026 02:06:11 pm"}
{"level":"info","message":{"method":"GET","path":"/topmentors?limit=4","responseTime":"636ms","statusCode":304,"timestampIST":"14/1/2026, 2:07:59 pm","userId":null},"timestamp":"14/01/2026 02:07:59 pm"}
{"level":"info","message":{"method":"GET","path":"/topmentors?limit=4","responseTime":"25ms","statusCode":304,"timestampIST":"14/1/2026, 2:08:07 pm","userId":null},"timestamp":"14/01/2026 02:08:07 pm"}
{"level":"info","message":{"method":"GET","path":"/topmentors?limit=4","responseTime":"28ms","statusCode":304,"timestampIST":"14/1/2026, 2:08:11 pm","userId":null},"timestamp":"14/01/2026 02:08:11 pm"}
{"level":"info","message":{"method":"GET","path":"/topmentors?limit=4","responseTime":"560ms","statusCode":304,"timestampIST":"14/1/2026, 2:10:03 pm","userId":null},"timestamp":"14/01/2026 02:10:04 pm"}
{"level":"info","message":{"method":"GET","path":"/topmentors?limit=4","responseTime":"35ms","statusCode":304,"timestampIST":"14/1/2026, 2:10:23 pm","userId":null},"timestamp":"14/01/2026 02:10:23 pm"}
{"level":"info","message":{"method":"GET","path":"/search?q=Leadership+Mentors","responseTime":"99ms","statusCode":200,"timestampIST":"14/1/2026, 2:10:36 pm","userId":null},"timestamp":"14/01/2026 02:10:36 pm"}
{"level":"info","message":{"method":"GET","path":"/topmentors?limit=4","responseTime":"119ms","statusCode":304,"timestampIST":"14/1/2026, 2:11:47 pm","userId":null},"timestamp":"14/01/2026 02:11:47 pm"}
{"level":"info","message":{"method":"GET","path":"/search?q=Leadership+Mentors","responseTime":"79ms","statusCode":304,"timestampIST":"14/1/2026, 2:11:52 pm","userId":null},"timestamp":"14/01/2026 02:11:52 pm"}
{"level":"info","message":{"method":"GET","path":"/view/6959fe3f65aa50bb42fcdaa6","responseTime":"327ms","statusCode":200,"timestampIST":"14/1/2026, 2:12:16 pm","userId":null},"timestamp":"14/01/2026 02:12:16 pm"}
{"level":"info","message":{"method":"GET","path":"/allmentors","responseTime":"73ms","statusCode":200,"timestampIST":"14/1/2026, 2:12:25 pm","userId":null},"timestamp":"14/01/2026 02:12:25 pm"}
{"level":"info","message":{"method":"GET","path":"/topmentors?limit=4","responseTime":"12ms","statusCode":304,"timestampIST":"14/1/2026, 2:12:54 pm","userId":null},"timestamp":"14/01/2026 02:12:54 pm"}
{"level":"info","message":{"method":"GET","path":"/topmentors?limit=4","responseTime":"207ms","statusCode":304,"timestampIST":"14/1/2026, 2:13:45 pm","userId":null},"timestamp":"14/01/2026 02:13:45 pm"}
{"level":"info","message":{"method":"GET","path":"/topmentors?limit=4","responseTime":"10ms","statusCode":304,"timestampIST":"14/1/2026, 2:14:15 pm","userId":null},"timestamp":"14/01/2026 02:14:15 pm"}
{"level":"info","message":{"method":"GET","path":"/topmentors?limit=4","responseTime":"19ms","statusCode":304,"timestampIST":"14/1/2026, 2:14:38 pm","userId":null},"timestamp":"14/01/2026 02:14:38 pm"}
{"level":"info","message":{"method":"GET","path":"/topmentors?limit=4","responseTime":"118ms","statusCode":304,"timestampIST":"14/1/2026, 2:16:13 pm","userId":null},"timestamp":"14/01/2026 02:16:13 pm"}
{"level":"info","message":{"method":"GET","path":"/topmentors?limit=4","responseTime":"27ms","statusCode":304,"timestampIST":"14/1/2026, 2:17:00 pm","userId":null},"timestamp":"14/01/2026 02:17:00 pm"}
{"level":"error","message":{"method":"POST","path":"/login","responseTime":"389ms","statusCode":400,"timestampIST":"14/1/2026, 2:17:11 pm","userId":null},"timestamp":"14/01/2026 02:17:12 pm"}
{"level":"error","message":{"method":"POST","path":"/login","responseTime":"261ms","statusCode":400,"timestampIST":"14/1/2026, 2:17:18 pm","userId":null},"timestamp":"14/01/2026 02:17:18 pm"}
{"level":"info","message":{"method":"POST","path":"/login","responseTime":"416ms","statusCode":200,"timestampIST":"14/1/2026, 2:17:25 pm","userId":null},"timestamp":"14/01/2026 02:17:26 pm"}
{"level":"info","message":{"method":"GET","path":"/allmentors?","responseTime":"109ms","statusCode":200,"timestampIST":"14/1/2026, 2:18:20 pm","userId":null},"timestamp":"14/01/2026 02:18:20 pm"}
{"level":"info","message":{"method":"GET","path":"/allmentors?","responseTime":"36ms","statusCode":304,"timestampIST":"14/1/2026, 2:18:33 pm","userId":null},"timestamp":"14/01/2026 02:18:33 pm"}
{"level":"info","message":{"method":"GET","path":"/allmentors?","responseTime":"151ms","statusCode":304,"timestampIST":"14/1/2026, 2:22:00 pm","userId":null},"timestamp":"14/01/2026 02:22:00 pm"}
{"level":"info","message":{"method":"GET","path":"/get-mentee-profile/Karrivo747IRNR","responseTime":"157ms","statusCode":200,"timestampIST":"14/1/2026, 2:22:03 pm","userId":null},"timestamp":"14/01/2026 02:22:03 pm"}
{"level":"info","message":{"method":"GET","path":"/topmentors?limit=4","responseTime":"49ms","statusCode":304,"timestampIST":"14/1/2026, 2:24:35 pm","userId":null},"timestamp":"14/01/2026 02:24:35 pm"}
{"level":"info","message":{"method":"POST","path":"/login","responseTime":"1190ms","statusCode":200,"timestampIST":"14/1/2026, 2:34:07 pm","userId":null},"timestamp":"14/01/2026 02:34:08 pm"}
{"level":"info","message":{"method":"GET","path":"/allmentors?","responseTime":"144ms","statusCode":304,"timestampIST":"14/1/2026, 2:34:17 pm","userId":null},"timestamp":"14/01/2026 02:34:17 pm"}
{"level":"info","message":{"method":"GET","path":"/allmentors?","responseTime":"27ms","statusCode":304,"timestampIST":"14/1/2026, 2:34:19 pm","userId":null},"timestamp":"14/01/2026 02:34:19 pm"}
{"level":"info","message":{"method":"GET","path":"/get-mentee-profile/Karrivo747IRNR","responseTime":"36ms","statusCode":304,"timestampIST":"14/1/2026, 2:34:20 pm","userId":null},"timestamp":"14/01/2026 02:34:20 pm"}
{"level":"info","message":{"method":"GET","path":"/get-tickets/Karrivo747IRNR","responseTime":"223ms","statusCode":200,"timestampIST":"14/1/2026, 2:34:22 pm","userId":null},"timestamp":"14/01/2026 02:34:23 pm"}
{"level":"info","message":{"method":"GET","path":"/allmentors?","responseTime":"332ms","statusCode":304,"timestampIST":"14/1/2026, 2:36:16 pm","userId":null},"timestamp":"14/01/2026 02:36:17 pm"}
{"level":"info","message":{"method":"GET","path":"/get-mentee-profile/Karrivo747IRNR","responseTime":"31ms","statusCode":304,"timestampIST":"14/1/2026, 2:36:20 pm","userId":null},"timestamp":"14/01/2026 02:36:20 pm"}
{"level":"info","message":{"method":"GET","path":"/get-tickets/Karrivo747IRNR","responseTime":"48ms","statusCode":304,"timestampIST":"14/1/2026, 2:36:21 pm","userId":null},"timestamp":"14/01/2026 02:36:21 pm"}
{"level":"info","message":{"method":"GET","path":"/allmentors?","responseTime":"36ms","statusCode":304,"timestampIST":"14/1/2026, 2:36:32 pm","userId":null},"timestamp":"14/01/2026 02:36:32 pm"}
{"level":"info","message":{"method":"GET","path":"/get-mentee-profile/Karrivo747IRNR","responseTime":"7ms","statusCode":304,"timestampIST":"14/1/2026, 2:36:40 pm","userId":null},"timestamp":"14/01/2026 02:36:40 pm"}
{"level":"info","message":{"method":"GET","path":"/allmentors?","responseTime":"13ms","statusCode":304,"timestampIST":"14/1/2026, 2:37:00 pm","userId":null},"timestamp":"14/01/2026 02:37:00 pm"}
{"level":"info","message":{"method":"GET","path":"/allmentors?","responseTime":"232ms","statusCode":304,"timestampIST":"14/1/2026, 2:39:57 pm","userId":null},"timestamp":"14/01/2026 02:39:57 pm"}
{"level":"info","message":{"method":"GET","path":"/allmentors?","responseTime":"76ms","statusCode":304,"timestampIST":"14/1/2026, 2:40:38 pm","userId":null},"timestamp":"14/01/2026 02:40:38 pm"}
{"level":"info","message":{"method":"GET","path":"/get-mentee-profile/Karrivo747IRNR","responseTime":"46ms","statusCode":304,"timestampIST":"14/1/2026, 2:40:44 pm","userId":null},"timestamp":"14/01/2026 02:40:44 pm"}
{"level":"info","message":{"method":"GET","path":"/get-tickets/Karrivo747IRNR","responseTime":"29ms","statusCode":304,"timestampIST":"14/1/2026, 2:40:47 pm","userId":null},"timestamp":"14/01/2026 02:40:47 pm"}
{"level":"info","message":{"method":"GET","path":"/topmentors?limit=4","responseTime":"184ms","statusCode":304,"timestampIST":"14/1/2026, 2:52:05 pm","userId":null},"timestamp":"14/01/2026 02:52:05 pm"}
{"level":"info","message":{"method":"GET","path":"/topmentors?limit=4","responseTime":"161ms","statusCode":304,"timestampIST":"14/1/2026, 2:55:04 pm","userId":null},"timestamp":"14/01/2026 02:55:04 pm"}
{"level":"info","message":{"method":"GET","path":"/allmentors?","responseTime":"155ms","statusCode":304,"timestampIST":"14/1/2026, 2:55:37 pm","userId":null},"timestamp":"14/01/2026 02:55:37 pm"}
{"level":"info","message":{"method":"GET","path":"/allmentors?","responseTime":"55ms","statusCode":304,"timestampIST":"14/1/2026, 2:56:55 pm","userId":null},"timestamp":"14/01/2026 02:56:55 pm"}
{"level":"info","message":{"method":"GET","path":"/allmentors?","responseTime":"60ms","statusCode":304,"timestampIST":"14/1/2026, 2:57:58 pm","userId":null},"timestamp":"14/01/2026 02:57:58 pm"}
{"level":"info","message":{"method":"GET","path":"/allmentors?","responseTime":"181ms","statusCode":304,"timestampIST":"14/1/2026, 2:58:36 pm","userId":null},"timestamp":"14/01/2026 02:58:36 pm"}
{"level":"info","message":{"method":"GET","path":"/allmentors?","responseTime":"20ms","statusCode":304,"timestampIST":"14/1/2026, 3:00:01 pm","userId":null},"timestamp":"14/01/2026 03:00:01 pm"}
{"level":"info","message":{"method":"GET","path":"/allmentors?","responseTime":"316ms","statusCode":304,"timestampIST":"14/1/2026, 3:02:24 pm","userId":null},"timestamp":"14/01/2026 03:02:24 pm"}
{"level":"info","message":{"method":"GET","path":"/allmentors?","responseTime":"156ms","statusCode":304,"timestampIST":"14/1/2026, 3:04:24 pm","userId":null},"timestamp":"14/01/2026 03:04:24 pm"}
{"level":"info","message":{"method":"GET","path":"/allmentors?","responseTime":"17ms","statusCode":304,"timestampIST":"14/1/2026, 3:04:35 pm","userId":null},"timestamp":"14/01/2026 03:04:35 pm"}
{"level":"info","message":{"method":"GET","path":"/allmentors?","responseTime":"16ms","statusCode":304,"timestampIST":"14/1/2026, 3:05:00 pm","userId":null},"timestamp":"14/01/2026 03:05:00 pm"}
{"level":"info","message":{"method":"GET","path":"/allmentors?","responseTime":"215ms","statusCode":304,"timestampIST":"14/1/2026, 3:06:56 pm","userId":null},"timestamp":"14/01/2026 03:06:57 pm"}
{"level":"info","message":{"method":"GET","path":"/allmentors?","responseTime":"455ms","statusCode":304,"timestampIST":"14/1/2026, 3:08:39 pm","userId":null},"timestamp":"14/01/2026 03:08:39 pm"}
{"level":"info","message":{"method":"GET","path":"/view/6963502ff3de4ea5ed19186d","responseTime":"152ms","statusCode":200,"timestampIST":"14/1/2026, 3:08:41 pm","userId":null},"timestamp":"14/01/2026 03:08:41 pm"}
{"level":"info","message":{"method":"GET","path":"/topmentors?limit=4","responseTime":"20ms","statusCode":304,"timestampIST":"14/1/2026, 3:08:45 pm","userId":null},"timestamp":"14/01/2026 03:08:45 pm"}
{"level":"info","message":{"method":"GET","path":"/allmentors?","responseTime":"314ms","statusCode":304,"timestampIST":"14/1/2026, 3:32:12 pm","userId":null},"timestamp":"14/01/2026 03:32:12 pm"}
{"level":"info","message":{"method":"GET","path":"/view/6963502ff3de4ea5ed19186d","responseTime":"23ms","statusCode":304,"timestampIST":"14/1/2026, 3:32:13 pm","userId":null},"timestamp":"14/01/2026 03:32:13 pm"}
{"level":"info","message":{"method":"POST","path":"/login","responseTime":"988ms","statusCode":200,"timestampIST":"14/1/2026, 3:33:35 pm","userId":null},"timestamp":"14/01/2026 03:33:36 pm"}
{"level":"info","message":{"method":"POST","path":"/get-mentor-details","responseTime":"87ms","statusCode":200,"timestampIST":"14/1/2026, 3:34:06 pm","userId":null},"timestamp":"14/01/2026 03:34:06 pm"}
{"level":"info","message":{"method":"POST","path":"/get-mentor-details","responseTime":"17ms","statusCode":200,"timestampIST":"14/1/2026, 3:34:17 pm","userId":null},"timestamp":"14/01/2026 03:34:17 pm"}
{"level":"info","message":"MongoDB Connected (development)","timestamp":"14/01/2026 03:36:17 pm"}
{"level":"info","message":"App Start on 10.226.177.137:3002 🖐","timestamp":"14/01/2026 03:36:18 pm"}
{"level":"info","message":"MongoDB Connected (development)","timestamp":"14/01/2026 03:38:12 pm"}
{"level":"info","message":"App Start on 10.226.177.137:3002 🖐","timestamp":"14/01/2026 03:38:12 pm"}
{"level":"info","message":{"method":"GET","path":"/mentor/69635aa6b6aac157d50b4b17","responseTime":"322ms","statusCode":200,"timestampIST":"14/1/2026, 3:42:08 pm","userId":null},"timestamp":"14/01/2026 03:42:08 pm"}
{"level":"info","message":{"method":"GET","path":"/mentor/69635aa6b6aac157d50b4b17","responseTime":"22ms","statusCode":304,"timestampIST":"14/1/2026, 3:43:38 pm","userId":null},"timestamp":"14/01/2026 03:43:38 pm"}
{"level":"info","message":{"method":"GET","path":"/topmentors?limit=4","responseTime":"58ms","statusCode":304,"timestampIST":"14/1/2026, 3:43:45 pm","userId":null},"timestamp":"14/01/2026 03:43:45 pm"}
{"level":"info","message":{"method":"POST","path":"/login","responseTime":"972ms","statusCode":200,"timestampIST":"14/1/2026, 3:43:59 pm","userId":null},"timestamp":"14/01/2026 03:44:00 pm"}
{"level":"info","message":{"method":"GET","path":"/allmentors?","responseTime":"122ms","statusCode":200,"timestampIST":"14/1/2026, 3:44:03 pm","userId":null},"timestamp":"14/01/2026 03:44:03 pm"}
{"level":"info","message":{"method":"GET","path":"/view/6963502ff3de4ea5ed19186d","responseTime":"23ms","statusCode":200,"timestampIST":"14/1/2026, 3:44:09 pm","userId":null},"timestamp":"14/01/2026 03:44:09 pm"}
{"level":"info","message":{"method":"GET","path":"/view/6963502ff3de4ea5ed19186d","responseTime":"13ms","statusCode":304,"timestampIST":"14/1/2026, 3:44:57 pm","userId":null},"timestamp":"14/01/2026 03:44:57 pm"}
{"level":"info","message":{"method":"GET","path":"/allmentors?","responseTime":"46ms","statusCode":200,"timestampIST":"14/1/2026, 3:45:00 pm","userId":null},"timestamp":"14/01/2026 03:45:00 pm"}
{"level":"info","message":{"method":"GET","path":"/topmentors?limit=4","responseTime":"12ms","statusCode":200,"timestampIST":"14/1/2026, 3:45:10 pm","userId":null},"timestamp":"14/01/2026 03:45:10 pm"}
{"level":"info","message":{"method":"GET","path":"/view/69415b92df4ad9009b2c22c9","responseTime":"9ms","statusCode":200,"timestampIST":"14/1/2026, 3:45:17 pm","userId":null},"timestamp":"14/01/2026 03:45:17 pm"}
{"level":"info","message":{"method":"GET","path":"/view/6959fe3f65aa50bb42fcdaa6","responseTime":"29ms","statusCode":200,"timestampIST":"14/1/2026, 3:45:23 pm","userId":null},"timestamp":"14/01/2026 03:45:23 pm"}
{"level":"info","message":{"method":"POST","path":"/login","responseTime":"819ms","statusCode":200,"timestampIST":"14/1/2026, 3:45:36 pm","userId":null},"timestamp":"14/01/2026 03:45:37 pm"}
{"level":"info","message":{"method":"GET","path":"/topmentors?limit=4","responseTime":"13ms","statusCode":304,"timestampIST":"14/1/2026, 3:46:01 pm","userId":null},"timestamp":"14/01/2026 03:46:01 pm"}
{"level":"error","message":{"method":"POST","path":"/login","responseTime":"830ms","statusCode":400,"timestampIST":"14/1/2026, 3:46:27 pm","userId":null},"timestamp":"14/01/2026 03:46:28 pm"}
{"level":"error","message":{"method":"POST","path":"/login","responseTime":"749ms","statusCode":400,"timestampIST":"14/1/2026, 3:46:31 pm","userId":null},"timestamp":"14/01/2026 03:46:32 pm"}
{"level":"info","message":{"method":"POST","path":"/login","responseTime":"913ms","statusCode":200,"timestampIST":"14/1/2026, 3:46:38 pm","userId":null},"timestamp":"14/01/2026 03:46:39 pm"}
{"level":"info","message":{"method":"GET","path":"/view/6959fe3f65aa50bb42fcdaa6","responseTime":"33ms","statusCode":304,"timestampIST":"14/1/2026, 3:46:40 pm","userId":null},"timestamp":"14/01/2026 03:46:40 pm"}
{"level":"info","message":{"method":"POST","path":"/bookings_session","responseTime":"238ms","statusCode":201,"timestampIST":"14/1/2026, 3:46:57 pm","userId":null},"timestamp":"14/01/2026 03:46:57 pm"}
{"level":"info","message":{"method":"POST","path":"/bookings/69676d19907a7742ef8b1526/complete","responseTime":"40ms","statusCode":200,"timestampIST":"14/1/2026, 3:47:10 pm","userId":null},"timestamp":"14/01/2026 03:47:10 pm"}
{"level":"info","message":{"method":"GET","path":"/topmentors?limit=4","responseTime":"10ms","statusCode":304,"timestampIST":"14/1/2026, 3:47:58 pm","userId":null},"timestamp":"14/01/2026 03:47:58 pm"}
{"level":"info","message":{"method":"GET","path":"/topmentors?limit=4","responseTime":"16ms","statusCode":304,"timestampIST":"14/1/2026, 3:48:04 pm","userId":null},"timestamp":"14/01/2026 03:48:04 pm"}
{"level":"info","message":{"method":"GET","path":"/allmentors?","responseTime":"147ms","statusCode":304,"timestampIST":"14/1/2026, 3:48:06 pm","userId":null},"timestamp":"14/01/2026 03:48:06 pm"}
{"level":"info","message":{"method":"GET","path":"/allmentors?experience=0-5+years","responseTime":"32ms","statusCode":200,"timestampIST":"14/1/2026, 3:48:11 pm","userId":null},"timestamp":"14/01/2026 03:48:11 pm"}
{"level":"info","message":{"method":"GET","path":"/allmentors?experience=0-5+years&minPrice=0&maxPrice=500","responseTime":"32ms","statusCode":200,"timestampIST":"14/1/2026, 3:48:13 pm","userId":null},"timestamp":"14/01/2026 03:48:13 pm"}
{"level":"info","message":{"method":"GET","path":"/allmentors?experience=5-10+years&minPrice=0&maxPrice=500","responseTime":"31ms","statusCode":200,"timestampIST":"14/1/2026, 3:48:14 pm","userId":null},"timestamp":"14/01/2026 03:48:14 pm"}
{"level":"info","message":{"method":"GET","path":"/allmentors?experience=10-15+years&minPrice=0&maxPrice=500","responseTime":"27ms","statusCode":200,"timestampIST":"14/1/2026, 3:48:15 pm","userId":null},"timestamp":"14/01/2026 03:48:15 pm"}
{"level":"info","message":{"method":"GET","path":"/allmentors?experience=15%2B+years&minPrice=0&maxPrice=500","responseTime":"21ms","statusCode":200,"timestampIST":"14/1/2026, 3:48:15 pm","userId":null},"timestamp":"14/01/2026 03:48:15 pm"}
{"level":"info","message":{"method":"GET","path":"/allmentors?experience=15%2B+years&minPrice=1000&maxPrice=2000","responseTime":"29ms","statusCode":200,"timestampIST":"14/1/2026, 3:48:16 pm","userId":null},"timestamp":"14/01/2026 03:48:16 pm"}
{"level":"info","message":{"method":"GET","path":"/allmentors?experience=15%2B+years&minPrice=2000","responseTime":"21ms","statusCode":200,"timestampIST":"14/1/2026, 3:48:18 pm","userId":null},"timestamp":"14/01/2026 03:48:18 pm"}
{"level":"info","message":{"method":"GET","path":"/allmentors?experience=15%2B+years&minPrice=2000&languages=Hindi","responseTime":"25ms","statusCode":200,"timestampIST":"14/1/2026, 3:48:19 pm","userId":null},"timestamp":"14/01/2026 03:48:19 pm"}
{"level":"info","message":{"method":"GET","path":"/allmentors?experience=15%2B+years&minPrice=2000&languages=Hindi%2CTelugu","responseTime":"38ms","statusCode":200,"timestampIST":"14/1/2026, 3:48:20 pm","userId":null},"timestamp":"14/01/2026 03:48:20 pm"}
{"level":"info","message":{"method":"GET","path":"/view/6963502ff3de4ea5ed19186d","responseTime":"18ms","statusCode":304,"timestampIST":"14/1/2026, 3:48:25 pm","userId":null},"timestamp":"14/01/2026 03:48:25 pm"}
{"level":"info","message":{"method":"GET","path":"/allmentors","responseTime":"26ms","statusCode":200,"timestampIST":"14/1/2026, 3:48:40 pm","userId":null},"timestamp":"14/01/2026 03:48:40 pm"}
{"level":"info","message":{"method":"GET","path":"/topmentors?limit=8","responseTime":"14ms","statusCode":200,"timestampIST":"14/1/2026, 3:48:45 pm","userId":null},"timestamp":"14/01/2026 03:48:45 pm"}
{"level":"info","message":{"method":"GET","path":"/allmentors","responseTime":"210ms","statusCode":304,"timestampIST":"14/1/2026, 3:49:50 pm","userId":null},"timestamp":"14/01/2026 03:49:50 pm"}
{"level":"info","message":{"method":"GET","path":"/topmentors?limit=4","responseTime":"22ms","statusCode":304,"timestampIST":"14/1/2026, 3:50:14 pm","userId":null},"timestamp":"14/01/2026 03:50:14 pm"}
{"level":"info","message":{"method":"GET","path":"/topmentors?limit=8","responseTime":"10ms","statusCode":304,"timestampIST":"14/1/2026, 3:50:16 pm","userId":null},"timestamp":"14/01/2026 03:50:16 pm"}
{"level":"info","message":{"method":"GET","path":"/allmentors","responseTime":"35ms","statusCode":304,"timestampIST":"14/1/2026, 3:50:38 pm","userId":null},"timestamp":"14/01/2026 03:50:38 pm"}
{"level":"info","message":{"method":"GET","path":"/topmentors?limit=8","responseTime":"43ms","statusCode":304,"timestampIST":"14/1/2026, 3:50:38 pm","userId":null},"timestamp":"14/01/2026 03:50:38 pm"}
{"level":"info","message":{"method":"GET","path":"/view/69415b92df4af9009b2c22c9","responseTime":"28ms","statusCode":200,"timestampIST":"14/1/2026, 3:50:53 pm","userId":null},"timestamp":"14/01/2026 03:50:53 pm"}
