{"level":"error","message":{"method":"GET","path":"/search?q=%5Bproject","responseTime":"98ms","statusCode":500,"timestampIST":"26/1/2026, 2:30:43 am","userId":null},"timestamp":"26/01/2026 02:30:43 am"}
{"level":"error","message":{"method":"POST","path":"/login","responseTime":"260ms","statusCode":400,"timestampIST":"26/1/2026, 2:31:52 am","userId":null},"timestamp":"26/01/2026 02:31:52 am"}
{"level":"error","message":{"method":"POST","path":"/login","responseTime":"42ms","statusCode":400,"timestampIST":"26/1/2026, 2:35:09 am","userId":null},"timestamp":"26/01/2026 02:35:09 am"}
{"level":"error","message":{"method":"POST","path":"/login","responseTime":"7ms","statusCode":400,"timestampIST":"26/1/2026, 2:36:43 am","userId":null},"timestamp":"26/01/2026 02:36:43 am"}
{"level":"error","message":{"method":"POST","path":"/login","responseTime":"8ms","statusCode":400,"timestampIST":"26/1/2026, 2:37:00 am","userId":null},"timestamp":"26/01/2026 02:37:00 am"}
{"level":"error","message":{"method":"POST","path":"/check-free-session","responseTime":"156ms","statusCode":500,"timestampIST":"26/1/2026, 2:49:55 am","userId":null},"timestamp":"26/01/2026 02:49:55 am"}
{"level":"error","message":{"method":"POST","path":"/check-free-session","responseTime":"39ms","statusCode":500,"timestampIST":"26/1/2026, 2:53:23 am","userId":null},"timestamp":"26/01/2026 02:53:23 am"}
{"level":"error","message":{"method":"POST","path":"/check-free-session","responseTime":"17ms","statusCode":500,"timestampIST":"26/1/2026, 2:53:29 am","userId":null},"timestamp":"26/01/2026 02:53:29 am"}
{"level":"error","message":{"method":"POST","path":"/check-free-session","responseTime":"38ms","statusCode":500,"timestampIST":"26/1/2026, 2:55:53 am","userId":null},"timestamp":"26/01/2026 02:55:53 am"}
{"level":"error","message":{"method":"POST","path":"/check-free-session","responseTime":"99ms","statusCode":500,"timestampIST":"26/1/2026, 2:58:39 am","userId":null},"timestamp":"26/01/2026 02:58:39 am"}
{"level":"error","message":{"method":"POST","path":"/bookings_session","responseTime":"20ms","statusCode":400,"timestampIST":"26/1/2026, 3:01:52 am","userId":null},"timestamp":"26/01/2026 03:01:52 am"}
{"level":"error","message":{"method":"POST","path":"/bookings_session","responseTime":"3ms","statusCode":400,"timestampIST":"26/1/2026, 3:02:11 am","userId":null},"timestamp":"26/01/2026 03:02:11 am"}
{"level":"error","message":{"method":"POST","path":"/bookings_session","responseTime":"8ms","statusCode":500,"timestampIST":"26/1/2026, 3:03:14 am","userId":null},"timestamp":"26/01/2026 03:03:14 am"}
{"level":"error","message":{"method":"POST","path":"/bookings_session","responseTime":"1550ms","statusCode":500,"timestampIST":"26/1/2026, 3:04:21 am","userId":null},"timestamp":"26/01/2026 03:04:23 am"}
{"level":"error","message":{"method":"GET","path":"/details/KarrivoKarrivo0974KGAM5","responseTime":"262ms","statusCode":404,"timestampIST":"26/1/2026, 3:11:57 am","userId":null},"timestamp":"26/01/2026 03:11:57 am"}
{"level":"error","message":{"method":"POST","path":"/bookings_session","responseTime":"99ms","statusCode":400,"timestampIST":"26/1/2026, 3:18:54 am","userId":null},"timestamp":"26/01/2026 03:18:54 am"}
{"level":"error","message":{"method":"POST","path":"/bookings_session","responseTime":"514ms","statusCode":400,"timestampIST":"26/1/2026, 3:37:22 am","userId":null},"timestamp":"26/01/2026 03:37:22 am"}
{"level":"error","message":{"method":"POST","path":"/bookings_session","responseTime":"31ms","statusCode":400,"timestampIST":"26/1/2026, 3:37:31 am","userId":null},"timestamp":"26/01/2026 03:37:31 am"}
{"level":"error","message":{"method":"POST","path":"/bookings_session","responseTime":"385ms","statusCode":400,"timestampIST":"26/1/2026, 3:44:13 am","userId":null},"timestamp":"26/01/2026 03:44:13 am"}
{"level":"error","message":{"method":"POST","path":"/bookings_session","responseTime":"74ms","statusCode":400,"timestampIST":"26/1/2026, 3:52:18 am","userId":null},"timestamp":"26/01/2026 03:52:18 am"}
{"level":"error","message":{"method":"GET","path":"/details/KarrivoKarrivo0974KGAM5","responseTime":"138ms","statusCode":404,"timestampIST":"26/1/2026, 3:54:49 am","userId":null},"timestamp":"26/01/2026 03:54:50 am"}
{"level":"error","message":{"method":"GET","path":"/upcoming","responseTime":"842ms","statusCode":408,"timestampIST":"26/1/2026, 4:01:10 am","userId":null},"timestamp":"26/01/2026 04:01:11 am"}
{"level":"error","message":{"method":"GET","path":"/upcoming","responseTime":"7ms","statusCode":408,"timestampIST":"26/1/2026, 4:01:11 am","userId":null},"timestamp":"26/01/2026 04:01:11 am"}
{"level":"error","message":{"method":"GET","path":"/upcoming","responseTime":"6ms","statusCode":408,"timestampIST":"26/1/2026, 4:01:12 am","userId":null},"timestamp":"26/01/2026 04:01:12 am"}
{"level":"error","message":{"method":"GET","path":"/upcoming","responseTime":"81ms","statusCode":408,"timestampIST":"26/1/2026, 4:13:04 am","userId":null},"timestamp":"26/01/2026 04:13:04 am"}
{"level":"error","message":{"method":"GET","path":"/upcoming","responseTime":"8ms","statusCode":408,"timestampIST":"26/1/2026, 4:13:04 am","userId":null},"timestamp":"26/01/2026 04:13:04 am"}
{"level":"error","message":{"method":"GET","path":"/details/KarrivoKarrivo0974KGAM5","responseTime":"35ms","statusCode":404,"timestampIST":"26/1/2026, 4:13:08 am","userId":null},"timestamp":"26/01/2026 04:13:08 am"}
{"level":"error","message":{"method":"GET","path":"/details/KarrivoKarrivo0974KGAM5","responseTime":"18ms","statusCode":404,"timestampIST":"26/1/2026, 4:19:46 am","userId":null},"timestamp":"26/01/2026 04:19:46 am"}
{"level":"error","message":{"method":"GET","path":"/details/KarrivoKarrivo0974KGAM5","responseTime":"62ms","statusCode":404,"timestampIST":"26/1/2026, 4:45:23 am","userId":null},"timestamp":"26/01/2026 04:45:23 am"}
{"level":"error","message":{"method":"GET","path":"/details/KarrivoKarrivo0974KGAM5","responseTime":"35ms","statusCode":404,"timestampIST":"26/1/2026, 4:45:31 am","userId":null},"timestamp":"26/01/2026 04:45:32 am"}
{"level":"error","message":{"method":"GET","path":"/details/KarrivoKarrivo0974KGAM5","responseTime":"659ms","statusCode":404,"timestampIST":"26/1/2026, 4:50:35 am","userId":null},"timestamp":"26/01/2026 04:50:36 am"}
{"level":"error","message":{"method":"GET","path":"/details/KarrivoKarrivo0974KGAM5","responseTime":"50ms","statusCode":404,"timestampIST":"26/1/2026, 4:50:41 am","userId":null},"timestamp":"26/01/2026 04:50:41 am"}
{"level":"error","message":{"method":"GET","path":"/details/KarrivoKarrivo0974KGAM5","responseTime":"19ms","statusCode":404,"timestampIST":"26/1/2026, 4:50:49 am","userId":null},"timestamp":"26/01/2026 04:50:49 am"}
{"level":"error","message":{"method":"GET","path":"/details/KarrivoKarrivo0974KGAM5","responseTime":"18ms","statusCode":404,"timestampIST":"26/1/2026, 4:50:54 am","userId":null},"timestamp":"26/01/2026 04:50:54 am"}
{"level":"error","message":{"method":"GET","path":"/details/KarrivoKarrivo0974KGAM5","responseTime":"30ms","statusCode":404,"timestampIST":"26/1/2026, 4:51:07 am","userId":null},"timestamp":"26/01/2026 04:51:07 am"}
{"level":"error","message":{"method":"GET","path":"/details/KarrivoKarrivo0974KGAM5","responseTime":"573ms","statusCode":404,"timestampIST":"26/1/2026, 4:51:43 am","userId":null},"timestamp":"26/01/2026 04:51:43 am"}
{"level":"error","message":{"method":"GET","path":"/upcoming","responseTime":"117ms","statusCode":408,"timestampIST":"26/1/2026, 4:52:14 am","userId":null},"timestamp":"26/01/2026 04:52:14 am"}
{"level":"error","message":{"method":"GET","path":"/upcoming","responseTime":"7ms","statusCode":408,"timestampIST":"26/1/2026, 4:52:14 am","userId":null},"timestamp":"26/01/2026 04:52:14 am"}
{"level":"error","message":{"method":"GET","path":"/api/Admin/dashboard_details","responseTime":"16ms","statusCode":404,"timestampIST":"26/1/2026, 4:54:47 am","userId":null},"timestamp":"26/01/2026 04:54:47 am"}
{"level":"error","message":{"method":"POST","path":"/login","responseTime":"21ms","statusCode":400,"timestampIST":"26/1/2026, 4:55:24 am","userId":null},"timestamp":"26/01/2026 04:55:24 am"}
{"level":"error","message":{"method":"GET","path":"/details/Karrivo747IRNR","responseTime":"630ms","statusCode":404,"timestampIST":"26/1/2026, 3:40:29 pm","userId":null},"timestamp":"26/01/2026 03:40:29 pm"}
{"level":"error","message":{"method":"GET","path":"/upcoming","responseTime":"301ms","statusCode":408,"timestampIST":"26/1/2026, 3:40:30 pm","userId":null},"timestamp":"26/01/2026 03:40:30 pm"}
{"level":"error","message":{"method":"GET","path":"/upcoming","responseTime":"47ms","statusCode":408,"timestampIST":"26/1/2026, 3:40:30 pm","userId":null},"timestamp":"26/01/2026 03:40:30 pm"}
{"level":"error","message":{"method":"GET","path":"/upcoming","responseTime":"22ms","statusCode":408,"timestampIST":"26/1/2026, 3:40:30 pm","userId":null},"timestamp":"26/01/2026 03:40:30 pm"}
{"level":"error","message":{"method":"GET","path":"/upcoming","responseTime":"180ms","statusCode":400,"timestampIST":"26/1/2026, 3:40:31 pm","userId":null},"timestamp":"26/01/2026 03:40:31 pm"}
{"level":"error","message":{"method":"GET","path":"/upcoming","responseTime":"27ms","statusCode":400,"timestampIST":"26/1/2026, 3:40:41 pm","userId":null},"timestamp":"26/01/2026 03:40:41 pm"}
{"level":"error","message":{"method":"GET","path":"/upcoming","responseTime":"21ms","statusCode":400,"timestampIST":"26/1/2026, 3:40:43 pm","userId":null},"timestamp":"26/01/2026 03:40:43 pm"}
{"level":"error","message":{"method":"POST","path":"/login","responseTime":"359ms","statusCode":400,"timestampIST":"26/1/2026, 3:41:07 pm","userId":null},"timestamp":"26/01/2026 03:41:08 pm"}
{"level":"error","message":{"method":"POST","path":"/login","responseTime":"466ms","statusCode":400,"timestampIST":"26/1/2026, 3:51:37 pm","userId":null},"timestamp":"26/01/2026 03:51:38 pm"}
{"level":"error","message":{"method":"POST","path":"/login","responseTime":"892ms","statusCode":400,"timestampIST":"26/1/2026, 3:53:11 pm","userId":null},"timestamp":"26/01/2026 03:53:12 pm"}
{"level":"error","message":{"method":"GET","path":"/details/KarrivoKarrivo0974KGAM5","responseTime":"31ms","statusCode":404,"timestampIST":"26/1/2026, 3:53:28 pm","userId":null},"timestamp":"26/01/2026 03:53:28 pm"}
{"level":"error","message":{"method":"GET","path":"/details/KarrivoKarrivo0974KGAM5","responseTime":"7ms","statusCode":404,"timestampIST":"26/1/2026, 3:53:55 pm","userId":null},"timestamp":"26/01/2026 03:53:55 pm"}
{"level":"error","message":{"method":"GET","path":"/api/Admin/dashboard_details","responseTime":"21ms","statusCode":404,"timestampIST":"26/1/2026, 10:50:03 pm","userId":null},"timestamp":"26/01/2026 10:50:03 pm"}
{"level":"error","message":{"method":"GET","path":"/api/admin/get-admin-users?limit=10&page=1&search=","responseTime":"6ms","statusCode":404,"timestampIST":"26/1/2026, 10:50:12 pm","userId":null},"timestamp":"26/01/2026 10:50:12 pm"}
{"level":"error","message":{"method":"GET","path":"/api/admin/get-admin-users?limit=10&page=1&search=naveenreddy","responseTime":"34ms","statusCode":404,"timestampIST":"26/1/2026, 10:50:13 pm","userId":null},"timestamp":"26/01/2026 10:50:13 pm"}
{"level":"error","message":{"method":"PATCH","path":"/applications/697646499a784c09bc0d9687/approve-reject","responseTime":"92ms","statusCode":400,"timestampIST":"26/1/2026, 10:51:26 pm","userId":null},"timestamp":"26/01/2026 10:51:26 pm"}
{"level":"error","message":{"method":"PATCH","path":"/applications/697646499a784c09bc0d9687/approve-reject","responseTime":"12ms","statusCode":400,"timestampIST":"26/1/2026, 10:51:45 pm","userId":null},"timestamp":"26/01/2026 10:51:45 pm"}
{"level":"error","message":{"method":"PATCH","path":"/applications/697646499a784c09bc0d9687/approve-reject","responseTime":"10ms","statusCode":400,"timestampIST":"26/1/2026, 10:51:51 pm","userId":null},"timestamp":"26/01/2026 10:51:51 pm"}
{"level":"error","message":{"method":"PATCH","path":"/applications/697646499a784c09bc0d9687/approve-reject","responseTime":"165ms","statusCode":400,"timestampIST":"26/1/2026, 10:52:10 pm","userId":null},"timestamp":"26/01/2026 10:52:10 pm"}
{"level":"error","message":{"method":"POST","path":"/login","responseTime":"85ms","statusCode":400,"timestampIST":"26/1/2026, 10:57:38 pm","userId":null},"timestamp":"26/01/2026 10:57:38 pm"}
{"level":"error","message":{"method":"GET","path":"/api/mentor/dashboard/user/6977a3c0e1747af961c3e8ee","responseTime":"209ms","statusCode":404,"timestampIST":"26/1/2026, 11:22:30 pm","userId":null},"timestamp":"26/01/2026 11:22:31 pm"}
{"level":"error","message":{"method":"GET","path":"/api/mentor/dashboard/user/6977a3c0e1747af961c3e8ee","responseTime":"11ms","statusCode":404,"timestampIST":"26/1/2026, 11:22:40 pm","userId":null},"timestamp":"26/01/2026 11:22:40 pm"}
{"level":"error","message":{"method":"GET","path":"/favicon.ico","responseTime":"11ms","statusCode":404,"timestampIST":"26/1/2026, 11:22:40 pm","userId":null},"timestamp":"26/01/2026 11:22:40 pm"}
{"level":"error","message":{"method":"GET","path":"/user/6977a3c0e1747af961c3e8ee","responseTime":"58ms","statusCode":404,"timestampIST":"26/1/2026, 11:29:57 pm","userId":null},"timestamp":"26/01/2026 11:29:57 pm"}
{"level":"error","message":{"method":"GET","path":"/user/6977a3c0e1747af961c3e8ee","responseTime":"55ms","statusCode":404,"timestampIST":"26/1/2026, 11:30:41 pm","userId":null},"timestamp":"26/01/2026 11:30:41 pm"}
{"level":"error","message":{"method":"GET","path":"/user/6977a3c0e1747af961c3e8ee","responseTime":"79ms","statusCode":404,"timestampIST":"26/1/2026, 11:32:21 pm","userId":null},"timestamp":"26/01/2026 11:32:21 pm"}
{"level":"error","message":{"method":"GET","path":"/user/6977a3c0e1747af961c3e8ee","responseTime":"121ms","statusCode":404,"timestampIST":"26/1/2026, 11:33:01 pm","userId":null},"timestamp":"26/01/2026 11:33:01 pm"}
