{"level":"error","message":{"method":"GET","path":"/api/Admin/dashboard_details","responseTime":"61ms","statusCode":404,"timestampIST":"27/1/2026, 8:59:43 pm","userId":null},"timestamp":"27/01/2026 08:59:43 pm"}
{"level":"error","message":{"method":"GET","path":"/api/mentor/6977a3c0e1747af961c3e8ee/sessions","responseTime":"115ms","statusCode":404,"timestampIST":"27/1/2026, 10:08:37 pm","userId":null},"timestamp":"27/01/2026 10:08:37 pm"}
{"level":"error","message":{"method":"GET","path":"/api/mentor/6977a3c0e1747af961c3e8ee/sessions","responseTime":"81ms","statusCode":404,"timestampIST":"27/1/2026, 10:10:35 pm","userId":null},"timestamp":"27/01/2026 10:10:35 pm"}
{"level":"error","message":{"method":"GET","path":"/mentor/6977a3c0e1747af961c3e8ee/sessions","responseTime":"131ms","statusCode":500,"timestampIST":"27/1/2026, 10:11:39 pm","userId":null},"timestamp":"27/01/2026 10:11:39 pm"}
{"level":"error","message":{"method":"GET","path":"/mentor/6977a3c0e1747af961c3e8ee/sessions","responseTime":"47ms","statusCode":500,"timestampIST":"27/1/2026, 10:12:42 pm","userId":null},"timestamp":"27/01/2026 10:12:42 pm"}
{"level":"error","message":{"method":"GET","path":"/mentor/6977a3c0e1747af961c3e8ee/sessions","responseTime":"201ms","statusCode":404,"timestampIST":"27/1/2026, 10:13:08 pm","userId":null},"timestamp":"27/01/2026 10:13:08 pm"}
{"level":"error","message":{"method":"GET","path":"/mentor/6977a3c0e1747af961c3e8ee/sessions","responseTime":"92ms","statusCode":404,"timestampIST":"27/1/2026, 10:13:53 pm","userId":null},"timestamp":"27/01/2026 10:13:53 pm"}
{"level":"error","message":{"method":"GET","path":"/api/mentor/support/get-tickets/697646499a784c09bc0d9687","responseTime":"10ms","statusCode":404,"timestampIST":"27/1/2026, 10:28:55 pm","userId":null},"timestamp":"27/01/2026 10:28:55 pm"}
{"level":"error","message":{"method":"GET","path":"/api/mentor/support/get-tickets/697646499a784c09bc0d9687","responseTime":"5ms","statusCode":404,"timestampIST":"27/1/2026, 10:29:01 pm","userId":null},"timestamp":"27/01/2026 10:29:01 pm"}
{"level":"error","message":{"method":"GET","path":"/api/mentor/support/get-tickets/697646499a784c09bc0d9687","responseTime":"48ms","statusCode":404,"timestampIST":"27/1/2026, 10:30:33 pm","userId":null},"timestamp":"27/01/2026 10:30:33 pm"}
{"level":"error","message":{"method":"GET","path":"/api/admin/get-admin-users?limit=10&page=1&search=","responseTime":"8ms","statusCode":404,"timestampIST":"27/1/2026, 10:40:19 pm","userId":null},"timestamp":"27/01/2026 10:40:19 pm"}
{"level":"error","message":{"method":"GET","path":"/api/admin/get-admin-users?limit=10&page=1&search=","responseTime":"11ms","statusCode":404,"timestampIST":"27/1/2026, 10:40:25 pm","userId":null},"timestamp":"27/01/2026 10:40:25 pm"}
{"level":"error","message":{"method":"GET","path":"/api/admin/get-admin-users?limit=10&page=1&search=naveenreddy","responseTime":"2ms","statusCode":404,"timestampIST":"27/1/2026, 10:40:26 pm","userId":null},"timestamp":"27/01/2026 10:40:26 pm"}
{"level":"error","message":{"method":"GET","path":"/api/Admin/dashboard_details","responseTime":"18ms","statusCode":404,"timestampIST":"27/1/2026, 10:40:48 pm","userId":null},"timestamp":"27/01/2026 10:40:48 pm"}
{"level":"error","message":{"method":"GET","path":"/api/Admin/dashboard_details","responseTime":"5ms","statusCode":404,"timestampIST":"27/1/2026, 10:40:50 pm","userId":null},"timestamp":"27/01/2026 10:40:50 pm"}
{"level":"error","message":{"method":"GET","path":"/api/Admin/dashboard_details","responseTime":"6ms","statusCode":404,"timestampIST":"27/1/2026, 10:40:51 pm","userId":null},"timestamp":"27/01/2026 10:40:51 pm"}
{"level":"error","message":{"method":"GET","path":"/api/icoRound/getRounds","responseTime":"3ms","statusCode":404,"timestampIST":"27/1/2026, 10:40:52 pm","userId":null},"timestamp":"27/01/2026 10:40:52 pm"}
{"level":"error","message":{"method":"GET","path":"/api/icoRound/exchange","responseTime":"3ms","statusCode":404,"timestampIST":"27/1/2026, 10:40:52 pm","userId":null},"timestamp":"27/01/2026 10:40:52 pm"}
{"level":"error","message":{"method":"GET","path":"/api/Admin/AdminReport?limit=10&page=1&search=","responseTime":"4ms","statusCode":404,"timestampIST":"27/1/2026, 10:40:53 pm","userId":null},"timestamp":"27/01/2026 10:40:53 pm"}
{"level":"error","message":{"method":"GET","path":"/api/admin/get-admin-users?limit=10&page=1&search=","responseTime":"15ms","statusCode":404,"timestampIST":"27/1/2026, 10:40:54 pm","userId":null},"timestamp":"27/01/2026 10:40:54 pm"}
{"level":"error","message":{"method":"GET","path":"/api/admin/get-admin-users?limit=10&page=1&search=naveenreddy","responseTime":"2ms","statusCode":404,"timestampIST":"27/1/2026, 10:40:55 pm","userId":null},"timestamp":"27/01/2026 10:40:55 pm"}
{"level":"error","message":{"method":"GET","path":"/api/Admin/AdminReport?limit=10&page=1&search=","responseTime":"53ms","statusCode":404,"timestampIST":"27/1/2026, 10:48:40 pm","userId":null},"timestamp":"27/01/2026 10:48:40 pm"}
{"level":"error","message":{"method":"GET","path":"/api/admin/mentor-support/get-all-tickets","responseTime":"9ms","statusCode":404,"timestampIST":"27/1/2026, 10:48:42 pm","userId":null},"timestamp":"27/01/2026 10:48:42 pm"}
{"level":"error","message":{"method":"GET","path":"/api/admin/mentor-support/get-all-tickets","responseTime":"20ms","statusCode":404,"timestampIST":"27/1/2026, 10:48:51 pm","userId":null},"timestamp":"27/01/2026 10:48:51 pm"}
{"level":"error","message":{"method":"GET","path":"/api/admin/mentor-support/get-all-tickets","responseTime":"59ms","statusCode":404,"timestampIST":"27/1/2026, 10:50:13 pm","userId":null},"timestamp":"27/01/2026 10:50:13 pm"}
{"level":"error","message":{"method":"GET","path":"/api/admin/mentor-support/get-all-tickets","responseTime":"5ms","statusCode":404,"timestampIST":"27/1/2026, 10:50:15 pm","userId":null},"timestamp":"27/01/2026 10:50:15 pm"}
{"level":"error","message":{"method":"GET","path":"/get-all-tickets","responseTime":"54ms","statusCode":500,"timestampIST":"27/1/2026, 10:50:45 pm","userId":null},"timestamp":"27/01/2026 10:50:45 pm"}
{"level":"error","message":{"method":"GET","path":"/get-all-tickets","responseTime":"11ms","statusCode":500,"timestampIST":"27/1/2026, 10:50:46 pm","userId":null},"timestamp":"27/01/2026 10:50:46 pm"}
{"level":"error","message":{"method":"GET","path":"/get-all-tickets","responseTime":"11ms","statusCode":500,"timestampIST":"27/1/2026, 10:50:46 pm","userId":null},"timestamp":"27/01/2026 10:50:46 pm"}
{"level":"error","message":{"method":"GET","path":"/get-all-tickets","responseTime":"26ms","statusCode":500,"timestampIST":"27/1/2026, 10:52:05 pm","userId":null},"timestamp":"27/01/2026 10:52:05 pm"}
{"level":"error","message":{"method":"GET","path":"/get-all-tickets","responseTime":"133ms","statusCode":500,"timestampIST":"27/1/2026, 10:54:19 pm","userId":null},"timestamp":"27/01/2026 10:54:19 pm"}
{"level":"error","message":{"method":"GET","path":"/api/icoRound/exchange","responseTime":"5ms","statusCode":404,"timestampIST":"27/1/2026, 10:59:28 pm","userId":null},"timestamp":"27/01/2026 10:59:28 pm"}
{"level":"error","message":{"method":"GET","path":"/api/icoRound/getRounds","responseTime":"5ms","statusCode":404,"timestampIST":"27/1/2026, 10:59:28 pm","userId":null},"timestamp":"27/01/2026 10:59:28 pm"}
{"level":"error","message":{"method":"GET","path":"/api/Admin/AdminReport?limit=10&page=1&search=","responseTime":"4ms","statusCode":404,"timestampIST":"27/1/2026, 10:59:31 pm","userId":null},"timestamp":"27/01/2026 10:59:31 pm"}
{"level":"error","message":{"method":"GET","path":"/api/admin/get-admin-users?limit=10&page=1&search=","responseTime":"5ms","statusCode":404,"timestampIST":"27/1/2026, 10:59:32 pm","userId":null},"timestamp":"27/01/2026 10:59:32 pm"}
{"level":"error","message":{"method":"GET","path":"/api/admin/get-admin-users?limit=10&page=1&search=","responseTime":"4ms","statusCode":404,"timestampIST":"27/1/2026, 10:59:35 pm","userId":null},"timestamp":"27/01/2026 10:59:35 pm"}
{"level":"error","message":{"method":"GET","path":"/api/admin/get-admin-users?limit=10&page=1&search=naveenreddy","responseTime":"5ms","statusCode":404,"timestampIST":"27/1/2026, 10:59:36 pm","userId":null},"timestamp":"27/01/2026 10:59:36 pm"}
{"level":"error","message":{"method":"GET","path":"/api/users/get-users?limit=10&page=1&search=","responseTime":"126ms","statusCode":404,"timestampIST":"27/1/2026, 11:04:41 pm","userId":null},"timestamp":"27/01/2026 11:04:41 pm"}
{"level":"error","message":{"method":"GET","path":"/api/users/get-users?limit=10&page=1&search=","responseTime":"9ms","statusCode":404,"timestampIST":"27/1/2026, 11:06:45 pm","userId":null},"timestamp":"27/01/2026 11:06:45 pm"}
{"level":"error","message":{"method":"GET","path":"/api/Admin/viewUser/697685c8aa996ab09223ffdf","responseTime":"15ms","statusCode":404,"timestampIST":"27/1/2026, 11:10:30 pm","userId":null},"timestamp":"27/01/2026 11:10:30 pm"}
{"level":"error","message":{"method":"GET","path":"/api/Admin/viewUser/697685c8aa996ab09223ffdf","responseTime":"4ms","statusCode":404,"timestampIST":"27/1/2026, 11:11:48 pm","userId":null},"timestamp":"27/01/2026 11:11:48 pm"}
{"level":"error","message":{"method":"GET","path":"/api/Admin/viewUser/697685c8aa996ab09223ffdf","responseTime":"14ms","statusCode":404,"timestampIST":"27/1/2026, 11:14:06 pm","userId":null},"timestamp":"27/01/2026 11:14:06 pm"}
{"level":"error","message":{"method":"POST","path":"/api/Admin/userBlock","responseTime":"7ms","statusCode":404,"timestampIST":"27/1/2026, 11:15:07 pm","userId":null},"timestamp":"27/01/2026 11:15:07 pm"}
{"level":"error","message":{"method":"POST","path":"/api/Admin/userBlock","responseTime":"8ms","statusCode":404,"timestampIST":"27/1/2026, 11:15:09 pm","userId":null},"timestamp":"27/01/2026 11:15:09 pm"}
{"level":"error","message":{"method":"GET","path":"/api/Admin/viewUser/697685c8aa996ab09223ffdf","responseTime":"2ms","statusCode":404,"timestampIST":"27/1/2026, 11:15:16 pm","userId":null},"timestamp":"27/01/2026 11:15:16 pm"}
{"level":"error","message":{"method":"GET","path":"/api/users/get-users?limit=10&page=1&search=","responseTime":"12ms","statusCode":404,"timestampIST":"27/1/2026, 11:15:58 pm","userId":null},"timestamp":"27/01/2026 11:15:58 pm"}
{"level":"error","message":{"method":"GET","path":"/api/Admin/AdminReport?limit=10&page=1&search=","responseTime":"7ms","statusCode":404,"timestampIST":"27/1/2026, 11:17:00 pm","userId":null},"timestamp":"27/01/2026 11:17:00 pm"}
{"level":"error","message":{"method":"GET","path":"/api/icoRound/getRounds","responseTime":"18ms","statusCode":404,"timestampIST":"27/1/2026, 11:18:24 pm","userId":null},"timestamp":"27/01/2026 11:18:24 pm"}
{"level":"error","message":{"method":"GET","path":"/api/icoRound/exchange","responseTime":"20ms","statusCode":404,"timestampIST":"27/1/2026, 11:18:24 pm","userId":null},"timestamp":"27/01/2026 11:18:24 pm"}
{"level":"error","message":{"method":"GET","path":"/api/Admin/get-session-bookings?limit=10&page=1&search=","responseTime":"305ms","statusCode":404,"timestampIST":"27/1/2026, 11:26:07 pm","userId":null},"timestamp":"27/01/2026 11:26:08 pm"}
